23:31:50.964 [main                     ] DEBUG Logger               - Configured Logger
23:31:50.991 [main                     ] DEBUG GameApplication      - Logging settings
Title: Java Flappy Bird
Version: 1.0
Width: 500
Height: 700
Fullscreen: false
Intro: false
Profiling: false
Single step:false
App Mode: DEVELOPER
Menu Key: ESCAPE
Stage Style: DECORATED
Scene Factory: class com.javaflappybird.App$1

23:31:51.302 [JavaFX Application Thread] DEBUG FXGLApplication      - Initializing FXGL
23:31:51.308 [JavaFX Application Thread] INFO  Engine               - FXGL-17.1 (24.03.2022 17.34) on WINDOWS (J:18.0.2.1 FX:18.0.1)
23:31:51.308 [JavaFX Application Thread] DEBUG Engine               - JRE Vendor Name: Oracle Corporation
23:31:51.309 [JavaFX Application Thread] DEBUG Engine               - Running on OS: Windows 10 version 10.0
23:31:51.309 [JavaFX Application Thread] DEBUG Engine               - Architecture: amd64
23:31:51.309 [JavaFX Application Thread] INFO  Engine               - Source code and latest versions at: https://github.com/AlmasB/FXGL
23:31:51.309 [JavaFX Application Thread] INFO  Engine               -       Ask questions and discuss at: https://github.com/AlmasB/FXGL/discussions
23:31:51.309 [JavaFX Application Thread] INFO  Engine               -              Join the FXGL chat at: https://gitter.im/AlmasB/FXGL
23:31:51.387 [JavaFX Application Thread] DEBUG PrimaryStageWindow   - Creating a JavaFX scene
23:31:51.427 [JavaFX Application Thread] DEBUG PrimaryStageWindow   - Target settings size: 500.0 x 700.0
23:31:51.428 [JavaFX Application Thread] DEBUG PrimaryStageWindow   - Scaled scene size:    500.0 x 700.0
23:31:51.428 [JavaFX Application Thread] DEBUG PrimaryStageWindow   - Scaled ratio: (1.0, 1.0)
23:31:51.429 [JavaFX Application Thread] DEBUG PrimaryStageWindow   - Set initial scene to FXGLStartupScene
23:31:51.436 [JavaFX Application Thread] DEBUG PrimaryStageWindow   - Opening main window
23:31:51.511 [JavaFX Application Thread] DEBUG PrimaryStageWindow   - Window border size: (14.4000244140625, 37.5999755859375)
23:31:51.512 [JavaFX Application Thread] DEBUG PrimaryStageWindow   - Scaled size: 500.0 x 700.0
23:31:51.512 [JavaFX Application Thread] DEBUG PrimaryStageWindow   - Scaled ratio: (1.0, 1.0)
23:31:51.512 [JavaFX Application Thread] DEBUG PrimaryStageWindow   - Scene size: 500.0 x 700.0
23:31:51.512 [JavaFX Application Thread] DEBUG PrimaryStageWindow   - Stage size: 514.4000244140625 x 737.5999755859375
23:31:51.522 [FXGL Background Thread 1 ] DEBUG Engine               - Initializing environment variables
23:31:51.587 [FXGL Background Thread 1 ] DEBUG FXGLAssetLoaderServi - User app class for loading assets: class com.javaflappybird.App
23:31:51.587 [FXGL Background Thread 1 ] DEBUG GameApplicationServi - Applying CSS: fxgl_dark.css
23:31:51.588 [FXGL Background Thread 1 ] DEBUG FXGLAssetLoaderServi - Loading from file system: jar:file:///C:/Users/hdngu/.m2/repository/com/github/almasb/fxgl/17.1/fxgl-17.1.jar!/fxglassets/ui/css/fxgl_dark.css
23:31:51.632 [FXGL Background Thread 1 ] DEBUG GameApplicationServi - Initializing application scenes
23:31:51.695 [FXGL Background Thread 1 ] DEBUG GameWorld            - Game world initialized
23:31:51.751 [FXGL Background Thread 1 ] DEBUG PhysicsWorld         - Physics world initialized: appHeight=700, physics.ppm=50.0
23:31:51.752 [FXGL Background Thread 1 ] DEBUG PhysicsWorld         - Using strategy: BRUTE_FORCE
23:31:51.759 [FXGL Background Thread 1 ] DEBUG GameScene            - Game scene initialized: 500x700
23:31:51.858 [FXGL Background Thread 1 ] DEBUG FXGLAssetLoaderServi - Loading from file system: file:/D:/JavaFlappyBird/target/classes/com/javaflappybird/sound/base.mp3
23:31:51.969 [FXGL Background Thread 1 ] DEBUG AudioPlayer          - Playing music com.almasb.fxgl.audio.Music@241f2e9b
23:31:52.051 [FXGL Background Thread 1 ] DEBUG GameApplicationServi - Application scenes initialized
23:31:52.066 [FXGL Background Thread 1 ] DEBUG SystemBundleService  - Loading FXGL system data
23:31:52.070 [FXGL Background Thread 1 ] DEBUG FileSystemAccess     - Reading from: D:\JavaFlappyBird\system\fxgl.bundle
23:31:52.077 [FXGL Background Thread 1 ] DEBUG SystemBundleService  - Bundle FXGL: {}
23:31:52.077 [FXGL Background Thread 1 ] DEBUG UpdaterService       - Checking for updates
23:31:52.082 [FXGL Background Thread 4 ] DEBUG FXGLApplication      - Loading fonts
23:31:52.082 [FXGL Background Thread 1 ] DEBUG FXGLApplication      - Loading default localization
23:31:52.082 [FXGL Background Thread 4 ] DEBUG FXGLAssetLoaderServi - Loading from file system: jar:file:///C:/Users/hdngu/.m2/repository/com/github/almasb/fxgl/17.1/fxgl-17.1.jar!/fxglassets/ui/fonts/VarelaRound-Regular.ttf
23:31:52.083 [FXGL Background Thread 1 ] DEBUG FXGLAssetLoaderServi - Loading from file system: jar:file:///C:/Users/hdngu/.m2/repository/com/github/almasb/fxgl/17.1/fxgl-17.1.jar!/fxglassets/languages/english.lang
23:31:52.117 [FXGL Background Thread 1 ] INFO  FXGLApplication      - FXGL initialization took: 0.594 sec
23:31:52.137 [JavaFX Application Thread] DEBUG Input                - Registered new binding: action0 - Space
23:31:52.143 [JavaFX Application Thread] DEBUG Input                - Registered new binding: action1 - LMB
23:31:52.145 [JavaFX Application Thread] DEBUG FXGLAssetLoaderServi - Loading from file system: jar:file:///C:/Users/hdngu/.m2/repository/com/github/almasb/fxgl/17.1/fxgl-17.1.jar!/fxglassets/textures/fxgl_icon.png
23:31:52.167 [JavaFX Application Thread] DEBUG FXGLAssetLoaderServi - Loading from file system: jar:file:///C:/Users/hdngu/.m2/repository/com/github/almasb/fxgl/17.1/fxgl-17.1.jar!/fxglassets/textures/fxgl_default_cursor.png
23:31:52.171 [JavaFX Application Thread] DEBUG Input                - Registered new binding: Screenshot - CTRL+8
23:31:52.172 [JavaFX Application Thread] DEBUG Input                - Registered new binding: System info dump - CTRL+9
23:31:52.173 [JavaFX Application Thread] DEBUG Input                - Registered new binding: Restart - CTRL+R
23:31:52.174 [JavaFX Application Thread] DEBUG Input                - Registered new binding: Toggle Debug Camera - CTRL+7
23:31:52.179 [JavaFX Application Thread] DEBUG LoopRunner           - Starting loop
23:31:52.180 [JavaFX Application Thread] DEBUG LoopRunner           - Initializing JavaFX AnimationTimerLoop
23:31:52.186 [JavaFX Application Thread] DEBUG Input                - Clearing active input actions
23:31:52.202 [JavaFX Application Thread] DEBUG GameApplicationServi - Removing overlay from FXGLStartupScene and adding to FXGLMainMenuDummyScene
23:31:52.204 [JavaFX Application Thread] DEBUG PrimaryStageWindow   - FXGLStartupScene -> FXGLMainMenuDummyScene
23:31:52.205 [JavaFX Application Thread] DEBUG PrimaryStageWindow   - Push state: MenuGame
23:31:52.218 [FXGL Background Thread 4 ] DEBUG FXGLAssetLoaderServi - Loading from file system: jar:file:///C:/Users/hdngu/.m2/repository/com/github/almasb/fxgl/17.1/fxgl-17.1.jar!/fxglassets/ui/fonts/Abel-Regular.ttf
23:31:52.230 [FXGL Background Thread 4 ] DEBUG FXGLAssetLoaderServi - Loading from file system: jar:file:///C:/Users/hdngu/.m2/repository/com/github/almasb/fxgl/17.1/fxgl-17.1.jar!/fxglassets/ui/fonts/TerminalLandMono-Regular.otf
23:31:52.231 [JavaFX Application Thread] DEBUG Input                - Clearing active input actions
23:31:52.235 [JavaFX Application Thread] DEBUG GameApplicationServi - Removing overlay from FXGLMainMenuDummyScene and adding to MenuGame
23:31:52.236 [JavaFX Application Thread] DEBUG PrimaryStageWindow   - FXGLMainMenuDummyScene -> MenuGame
23:31:52.237 [FXGL Background Thread 4 ] DEBUG FXGLAssetLoaderServi - Loading from file system: jar:file:///C:/Users/hdngu/.m2/repository/com/github/almasb/fxgl/17.1/fxgl-17.1.jar!/fxglassets/ui/fonts/Courier-Prime.ttf
23:31:52.269 [JavaFX Application Thread] DEBUG FXGLApplication      - Registering font factories with UI factory
23:31:52.651 [FXGL Background Thread 2 ] INFO  UpdaterService       - Your current version:  17.1
23:31:52.651 [FXGL Background Thread 2 ] INFO  UpdaterService       - Latest stable version: 17.2
23:31:53.513 [JavaFX Application Thread] DEBUG Menu                 - fireNewGame()
23:31:53.513 [JavaFX Application Thread] DEBUG GameApplicationServi - Starting new game
23:31:53.513 [JavaFX Application Thread] DEBUG PrimaryStageWindow   - Pop state: MenuGame
23:31:53.513 [JavaFX Application Thread] DEBUG Input                - Clearing active input actions
23:31:53.514 [JavaFX Application Thread] DEBUG GameApplicationServi - Removing overlay from MenuGame and adding to FXGLMainMenuDummyScene
23:31:53.514 [JavaFX Application Thread] DEBUG PrimaryStageWindow   - FXGLMainMenuDummyScene <- MenuGame
23:31:53.514 [JavaFX Application Thread] DEBUG Input                - Clearing active input actions
23:31:53.522 [JavaFX Application Thread] DEBUG GameApplicationServi - Removing overlay from FXGLMainMenuDummyScene and adding to FXGLLoadingScene
23:31:53.522 [JavaFX Application Thread] DEBUG PrimaryStageWindow   - FXGLMainMenuDummyScene -> FXGLLoadingScene
23:31:53.523 [JavaFX Application Thread] DEBUG GameApplicationServi - Clearing previous game
23:31:53.523 [JavaFX Application Thread] DEBUG GameScene            - Clearing game scene
23:31:53.523 [JavaFX Application Thread] DEBUG GameWorld            - Clearing game world
23:31:53.523 [JavaFX Application Thread] DEBUG PhysicsWorld         - Clearing physics world
23:31:53.525 [FXGL Background Thread 2 ] DEBUG FXGLApplication      - Initializing game
23:31:53.575 [FXGL Background Thread 2 ] DEBUG FXGLAssetLoaderServi - Loading from file system: file:/D:/JavaFlappyBird/target/classes/com/javaflappybird/sound/jump.wav
23:31:53.601 [FXGL Background Thread 2 ] DEBUG FXGLAssetLoaderServi - Loading from file system: file:/D:/JavaFlappyBird/target/classes/com/javaflappybird/sound/congdiem.wav
23:31:53.618 [FXGL Background Thread 2 ] DEBUG FXGLAssetLoaderServi - Loading from file system: file:/D:/JavaFlappyBird/target/classes/com/javaflappybird/sound/die.wav
23:31:53.620 [FXGL Background Thread 2 ] DEBUG FXGLAssetLoaderServi - Loading from file system: file:/D:/JavaFlappyBird/target/classes/com/javaflappybird/sound/collide.wav
23:31:53.623 [FXGL Background Thread 2 ] INFO  FXGLApplication      - Game initialization took: 0.098 sec
23:31:53.629 [JavaFX Application Thread] DEBUG Input                - Clearing active input actions
23:31:53.636 [JavaFX Application Thread] DEBUG GameApplicationServi - Removing overlay from FXGLLoadingScene and adding to GameScene
23:31:53.637 [JavaFX Application Thread] DEBUG PrimaryStageWindow   - FXGLLoadingScene -> GameScene
23:31:55.080 [FXGL Background Thread 3 ] DEBUG Engine               - Logging environment variables
23:31:55.081 [FXGL Background Thread 3 ] DEBUG Engine               - achievements: []
23:31:55.082 [FXGL Background Thread 3 ] DEBUG Engine               - actualHeight: 700.0
23:31:55.082 [FXGL Background Thread 3 ] DEBUG Engine               - actualHeightProperty: ReadOnlyDoubleProperty [value: 700.0]
23:31:55.082 [FXGL Background Thread 3 ] DEBUG Engine               - actualWidth: 500.0
23:31:55.082 [FXGL Background Thread 3 ] DEBUG Engine               - actualWidthProperty: ReadOnlyDoubleProperty [value: 500.0]
23:31:55.082 [FXGL Background Thread 3 ] DEBUG Engine               - appIcon: fxgl_icon.png
23:31:55.082 [FXGL Background Thread 3 ] DEBUG Engine               - applicationMode: DEVELOPER
23:31:55.082 [FXGL Background Thread 3 ] DEBUG Engine               - cSSList: [fxgl_dark.css]
23:31:55.082 [FXGL Background Thread 3 ] DEBUG Engine               - collisionDetectionStrategy: BRUTE_FORCE
23:31:55.082 [FXGL Background Thread 3 ] DEBUG Engine               - configClass: Optional.empty
23:31:55.083 [FXGL Background Thread 3 ] DEBUG Engine               - credits: []
23:31:55.085 [FXGL Background Thread 3 ] DEBUG Engine               - defaultCursor: CursorInfo(imageName=fxgl_default_cursor.png, hotspotX=7.0, hotspotY=6.0)
23:31:55.085 [FXGL Background Thread 3 ] DEBUG Engine               - devBBoxColorProperty: ObjectProperty [value: 0xff0000ff]
23:31:55.085 [FXGL Background Thread 3 ] DEBUG Engine               - devEnableDebugCameraProperty: BooleanProperty [value: false]
23:31:55.085 [FXGL Background Thread 3 ] DEBUG Engine               - devSensorColorProperty: ObjectProperty [value: 0xffff00ff]
23:31:55.085 [FXGL Background Thread 3 ] DEBUG Engine               - devShowBBoxProperty: BooleanProperty [value: false]
23:31:55.085 [FXGL Background Thread 3 ] DEBUG Engine               - devShowPositionProperty: BooleanProperty [value: false]
23:31:55.085 [FXGL Background Thread 3 ] DEBUG Engine               - enabledMenuItems: []
23:31:55.085 [FXGL Background Thread 3 ] DEBUG Engine               - engineServices: [class com.almasb.fxgl.app.services.FXGLAssetLoaderService, class com.almasb.fxgl.app.FXGLApplication$GameApplicationService, class com.almasb.fxgl.app.services.FXGLDialogService, class com.almasb.fxgl.app.services.IOTaskExecutorService, class com.almasb.fxgl.io.FileSystemService, class com.almasb.fxgl.localization.LocalizationService, class com.almasb.fxgl.app.services.SystemBundleService, class com.almasb.fxgl.profile.SaveLoadService, class com.almasb.fxgl.ui.FXGLUIFactoryServiceProvider, class com.almasb.fxgl.ui.FXGLDialogFactoryServiceProvider, class com.almasb.fxgl.audio.AudioPlayer, class com.almasb.fxgl.notification.impl.NotificationServiceProvider, class com.almasb.fxgl.achievement.AchievementService, class com.almasb.fxgl.cutscene.CutsceneService, class com.almasb.fxgl.minigames.MiniGameService, class com.almasb.fxgl.net.NetService, class com.almasb.fxgl.app.services.UpdaterService, class com.almasb.fxgl.dev.DevService]
23:31:55.085 [FXGL Background Thread 3 ] DEBUG Engine               - fontGame: Abel-Regular.ttf
23:31:55.085 [FXGL Background Thread 3 ] DEBUG Engine               - fontMono: TerminalLandMono-Regular.otf
23:31:55.085 [FXGL Background Thread 3 ] DEBUG Engine               - fontText: Courier-Prime.ttf
23:31:55.085 [FXGL Background Thread 3 ] DEBUG Engine               - fontUI: VarelaRound-Regular.ttf
23:31:55.085 [FXGL Background Thread 3 ] DEBUG Engine               - fullScreen: BooleanProperty [value: false]
23:31:55.085 [FXGL Background Thread 3 ] DEBUG Engine               - gameDifficulty: MEDIUM
23:31:55.085 [FXGL Background Thread 3 ] DEBUG Engine               - gameDifficultyProperty: ObjectProperty [value: MEDIUM]
23:31:55.085 [FXGL Background Thread 3 ] DEBUG Engine               - globalMusicVolume: 0.5
23:31:55.085 [FXGL Background Thread 3 ] DEBUG Engine               - globalMusicVolumeProperty: DoubleProperty [value: 0.5]
23:31:55.085 [FXGL Background Thread 3 ] DEBUG Engine               - globalSoundVolume: 0.5
23:31:55.086 [FXGL Background Thread 3 ] DEBUG Engine               - globalSoundVolumeProperty: DoubleProperty [value: 0.5]
23:31:55.086 [FXGL Background Thread 3 ] DEBUG Engine               - height: 700
23:31:55.086 [FXGL Background Thread 3 ] DEBUG Engine               - is3D: false
23:31:55.086 [FXGL Background Thread 3 ] DEBUG Engine               - isAndroid: false
23:31:55.086 [FXGL Background Thread 3 ] DEBUG Engine               - isBrowser: false
23:31:55.086 [FXGL Background Thread 3 ] DEBUG Engine               - isClickFeedbackEnabled: false
23:31:55.086 [FXGL Background Thread 3 ] DEBUG Engine               - isCloseConfirmation: false
23:31:55.086 [FXGL Background Thread 3 ] DEBUG Engine               - isDesktop: true
23:31:55.086 [FXGL Background Thread 3 ] DEBUG Engine               - isDeveloperMenuEnabled: false
23:31:55.086 [FXGL Background Thread 3 ] DEBUG Engine               - isEmbedded: false
23:31:55.086 [FXGL Background Thread 3 ] DEBUG Engine               - isEntityPreloadEnabled: true
23:31:55.086 [FXGL Background Thread 3 ] DEBUG Engine               - isExperimentalTiledLargeMap: false
23:31:55.086 [FXGL Background Thread 3 ] DEBUG Engine               - isFileSystemWriteAllowed: true
23:31:55.086 [FXGL Background Thread 3 ] DEBUG Engine               - isFullScreenAllowed: false
23:31:55.086 [FXGL Background Thread 3 ] DEBUG Engine               - isFullScreenFromStart: false
23:31:55.086 [FXGL Background Thread 3 ] DEBUG Engine               - isGameMenuEnabled: true
23:31:55.086 [FXGL Background Thread 3 ] DEBUG Engine               - isIOS: false
23:31:55.086 [FXGL Background Thread 3 ] DEBUG Engine               - isIntroEnabled: false
23:31:55.086 [FXGL Background Thread 3 ] DEBUG Engine               - isLinux: false
23:31:55.086 [FXGL Background Thread 3 ] DEBUG Engine               - isMac: false
23:31:55.086 [FXGL Background Thread 3 ] DEBUG Engine               - isMainMenuEnabled: true
23:31:55.086 [FXGL Background Thread 3 ] DEBUG Engine               - isManualResizeEnabled: false
23:31:55.086 [FXGL Background Thread 3 ] DEBUG Engine               - isMobile: false
23:31:55.086 [FXGL Background Thread 3 ] DEBUG Engine               - isNative: false
23:31:55.086 [FXGL Background Thread 3 ] DEBUG Engine               - isPauseMusicWhenMinimized: true
23:31:55.086 [FXGL Background Thread 3 ] DEBUG Engine               - isPreserveResizeRatio: false
23:31:55.086 [FXGL Background Thread 3 ] DEBUG Engine               - isProfilingEnabled: false
23:31:55.086 [FXGL Background Thread 3 ] DEBUG Engine               - isScaleAffectedOnResize: true
23:31:55.086 [FXGL Background Thread 3 ] DEBUG Engine               - isSingleStep: false
23:31:55.086 [FXGL Background Thread 3 ] DEBUG Engine               - isUserProfileEnabled: false
23:31:55.087 [FXGL Background Thread 3 ] DEBUG Engine               - isWindows: true
23:31:55.087 [FXGL Background Thread 3 ] DEBUG Engine               - language: ObjectProperty [value: ENGLISH]
23:31:55.087 [FXGL Background Thread 3 ] DEBUG Engine               - menuKey: ESCAPE
23:31:55.087 [FXGL Background Thread 3 ] DEBUG Engine               - mouseSensitivity: 0.2
23:31:55.087 [FXGL Background Thread 3 ] DEBUG Engine               - notificationViewClass: class com.almasb.fxgl.notification.view.XboxNotificationView
23:31:55.087 [FXGL Background Thread 3 ] DEBUG Engine               - pixelsPerMeter: 50.0
23:31:55.087 [FXGL Background Thread 3 ] DEBUG Engine               - platform: WINDOWS
23:31:55.087 [FXGL Background Thread 3 ] DEBUG Engine               - prefHeightProperty: ReadOnlyDoubleProperty [value: 700.0]
23:31:55.087 [FXGL Background Thread 3 ] DEBUG Engine               - prefWidthProperty: ReadOnlyDoubleProperty [value: 500.0]
23:31:55.087 [FXGL Background Thread 3 ] DEBUG Engine               - profileDir: profiles/
23:31:55.087 [FXGL Background Thread 3 ] DEBUG Engine               - profileName: StringProperty [value: DEFAULT]
23:31:55.087 [FXGL Background Thread 3 ] DEBUG Engine               - randomSeed: -1
23:31:55.088 [FXGL Background Thread 3 ] DEBUG Engine               - runtimeInfo: RuntimeInfo(platform=WINDOWS, version=17.1, build=24.03.2022 17.34)
23:31:55.088 [FXGL Background Thread 3 ] DEBUG Engine               - saveFileExt: sav
23:31:55.088 [FXGL Background Thread 3 ] DEBUG Engine               - scaledHeightProp$fxgl: DoubleProperty [bound, value: 700.0]
23:31:55.088 [FXGL Background Thread 3 ] DEBUG Engine               - scaledWidthProp$fxgl: DoubleProperty [bound, value: 500.0]
23:31:55.088 [FXGL Background Thread 3 ] DEBUG Engine               - sceneFactory: com.javaflappybird.App$1@58179853
23:31:55.088 [FXGL Background Thread 3 ] DEBUG Engine               - secondsIn24h: 60
23:31:55.088 [FXGL Background Thread 3 ] DEBUG Engine               - soundMenuBack: menu/back.wav
23:31:55.088 [FXGL Background Thread 3 ] DEBUG Engine               - soundMenuPress: menu/press.wav
23:31:55.088 [FXGL Background Thread 3 ] DEBUG Engine               - soundMenuSelect: menu/select.wav
23:31:55.088 [FXGL Background Thread 3 ] DEBUG Engine               - soundNotification: core/notification.wav
23:31:55.088 [FXGL Background Thread 3 ] DEBUG Engine               - stageStyle: DECORATED
23:31:55.088 [FXGL Background Thread 3 ] DEBUG Engine               - supportedLanguages: [ENGLISH, FRENCH, GERMAN, HUNGARIAN, RUSSIAN]
23:31:55.088 [FXGL Background Thread 3 ] DEBUG Engine               - ticksPerSecond: -1
23:31:55.088 [FXGL Background Thread 3 ] DEBUG Engine               - title: Java Flappy Bird
23:31:55.088 [FXGL Background Thread 3 ] DEBUG Engine               - urlGithub: https://github.com/AlmasB/FXGL
23:31:55.088 [FXGL Background Thread 3 ] DEBUG Engine               - urlLeaderboard: http://fxgl-top.herokuapp.com/
23:31:55.088 [FXGL Background Thread 3 ] DEBUG Engine               - urlPOM: https://raw.githubusercontent.com/AlmasB/FXGL/release/README.md
23:31:55.088 [FXGL Background Thread 3 ] DEBUG Engine               - userAppClass: class com.javaflappybird.App
23:31:55.089 [FXGL Background Thread 3 ] DEBUG Engine               - version: 1.0
23:31:55.089 [FXGL Background Thread 3 ] DEBUG Engine               - versionCheckDays: 7
23:31:55.089 [FXGL Background Thread 3 ] DEBUG Engine               - width: 500
23:31:55.089 [FXGL Background Thread 3 ] DEBUG Engine               - Logging services
23:31:55.089 [FXGL Background Thread 3 ] DEBUG Engine               - class com.almasb.fxgl.app.services.FXGLAssetLoaderService
23:31:55.089 [FXGL Background Thread 3 ] DEBUG Engine               - class com.almasb.fxgl.app.FXGLApplication$GameApplicationService
23:31:55.089 [FXGL Background Thread 3 ] DEBUG Engine               - class com.almasb.fxgl.app.services.FXGLDialogService
23:31:55.089 [FXGL Background Thread 3 ] DEBUG Engine               - class com.almasb.fxgl.app.services.IOTaskExecutorService
23:31:55.089 [FXGL Background Thread 3 ] DEBUG Engine               - class com.almasb.fxgl.io.FileSystemService
23:31:55.089 [FXGL Background Thread 3 ] DEBUG Engine               - class com.almasb.fxgl.localization.LocalizationService
23:31:55.089 [FXGL Background Thread 3 ] DEBUG Engine               - class com.almasb.fxgl.app.services.SystemBundleService
23:31:55.089 [FXGL Background Thread 3 ] DEBUG Engine               - class com.almasb.fxgl.profile.SaveLoadService
23:31:55.089 [FXGL Background Thread 3 ] DEBUG Engine               - class com.almasb.fxgl.ui.FXGLUIFactoryServiceProvider
23:31:55.089 [FXGL Background Thread 3 ] DEBUG Engine               - class com.almasb.fxgl.ui.FXGLDialogFactoryServiceProvider
23:31:55.089 [FXGL Background Thread 3 ] DEBUG Engine               - class com.almasb.fxgl.audio.AudioPlayer
23:31:55.089 [FXGL Background Thread 3 ] DEBUG Engine               - class com.almasb.fxgl.notification.impl.NotificationServiceProvider
23:31:55.089 [FXGL Background Thread 3 ] DEBUG Engine               - class com.almasb.fxgl.achievement.AchievementService
23:31:55.089 [FXGL Background Thread 3 ] DEBUG Engine               - class com.almasb.fxgl.cutscene.CutsceneService
23:31:55.089 [FXGL Background Thread 3 ] DEBUG Engine               - class com.almasb.fxgl.minigames.MiniGameService
23:31:55.089 [FXGL Background Thread 3 ] DEBUG Engine               - class com.almasb.fxgl.net.NetService
23:31:55.089 [FXGL Background Thread 3 ] DEBUG Engine               - class com.almasb.fxgl.app.services.UpdaterService
23:31:55.089 [FXGL Background Thread 3 ] DEBUG Engine               - class com.almasb.fxgl.dev.DevService
23:31:57.881 [JavaFX Application Thread] DEBUG FXGLApplication      - Exiting FXGL
23:31:57.881 [JavaFX Application Thread] DEBUG LoopRunner           - Stopping loop
23:31:57.881 [JavaFX Application Thread] DEBUG SystemBundleService  - Saving FXGL system data
23:31:57.882 [JavaFX Application Thread] DEBUG FileSystemAccess     - Writing to: D:\JavaFlappyBird\system\fxgl.bundle
23:31:57.883 [JavaFX Application Thread] DEBUG Async                - Shutting down background threads
23:31:57.884 [JavaFX Application Thread] DEBUG PrimaryStageWindow   - Closing main window
23:31:57.896 [JavaFX Application Thread] DEBUG Logger               - Closing Logger
