13:08:11.712 [main                     ] DEBUG Logger               - Configured Logger
13:08:11.750 [main                     ] DEBUG GameApplication      - Logging settings
Title: Java Flappy Bird
Version: 1.0
Width: 500
Height: 700
Fullscreen: false
Intro: false
Profiling: false
Single step:false
App Mode: DEVELOPER
Menu Key: ESCAPE
Stage Style: DECORATED
Scene Factory: class com.javaflappybird.App$1

13:08:12.187 [JavaFX Application Thread] DEBUG FXGLApplication      - Initializing FXGL
13:08:12.196 [JavaFX Application Thread] INFO  Engine               - FXGL-17.1 (24.03.2022 17.34) on WINDOWS (J:18.0.2.1 FX:18.0.1)
13:08:12.197 [JavaFX Application Thread] DEBUG Engine               - JRE Vendor Name: Oracle Corporation
13:08:12.198 [JavaFX Application Thread] DEBUG Engine               - Running on OS: Windows 10 version 10.0
13:08:12.198 [JavaFX Application Thread] DEBUG Engine               - Architecture: amd64
13:08:12.198 [JavaFX Application Thread] INFO  Engine               - Source code and latest versions at: https://github.com/AlmasB/FXGL
13:08:12.199 [JavaFX Application Thread] INFO  Engine               -       Ask questions and discuss at: https://github.com/AlmasB/FXGL/discussions
13:08:12.199 [JavaFX Application Thread] INFO  Engine               -              Join the FXGL chat at: https://gitter.im/AlmasB/FXGL
13:08:12.343 [JavaFX Application Thread] DEBUG PrimaryStageWindow   - Creating a JavaFX scene
13:08:12.419 [JavaFX Application Thread] DEBUG PrimaryStageWindow   - Target settings size: 500.0 x 700.0
13:08:12.419 [JavaFX Application Thread] DEBUG PrimaryStageWindow   - Scaled scene size:    500.0 x 700.0
13:08:12.420 [JavaFX Application Thread] DEBUG PrimaryStageWindow   - Scaled ratio: (1.0, 1.0)
13:08:12.422 [JavaFX Application Thread] DEBUG PrimaryStageWindow   - Set initial scene to FXGLStartupScene
13:08:12.435 [JavaFX Application Thread] DEBUG PrimaryStageWindow   - Opening main window
13:08:12.560 [JavaFX Application Thread] DEBUG PrimaryStageWindow   - Window border size: (14.4000244140625, 37.5999755859375)
13:08:12.561 [JavaFX Application Thread] DEBUG PrimaryStageWindow   - Scaled size: 500.0 x 700.0
13:08:12.562 [JavaFX Application Thread] DEBUG PrimaryStageWindow   - Scaled ratio: (1.0, 1.0)
13:08:12.562 [JavaFX Application Thread] DEBUG PrimaryStageWindow   - Scene size: 500.0 x 700.0
13:08:12.563 [JavaFX Application Thread] DEBUG PrimaryStageWindow   - Stage size: 514.4000244140625 x 737.5999755859375
13:08:12.582 [FXGL Background Thread 1 ] DEBUG Engine               - Initializing environment variables
13:08:12.676 [FXGL Background Thread 1 ] DEBUG FXGLAssetLoaderServi - User app class for loading assets: class com.javaflappybird.App
13:08:12.676 [FXGL Background Thread 1 ] DEBUG GameApplicationServi - Applying CSS: fxgl_dark.css
13:08:12.677 [FXGL Background Thread 1 ] DEBUG FXGLAssetLoaderServi - Loading from file system: jar:file:///C:/Users/hdngu/.m2/repository/com/github/almasb/fxgl/17.1/fxgl-17.1.jar!/fxglassets/ui/css/fxgl_dark.css
13:08:12.737 [FXGL Background Thread 1 ] DEBUG GameApplicationServi - Initializing application scenes
13:08:12.795 [FXGL Background Thread 1 ] DEBUG GameWorld            - Game world initialized
13:08:12.861 [FXGL Background Thread 1 ] DEBUG PhysicsWorld         - Physics world initialized: appHeight=700, physics.ppm=50.0
13:08:12.862 [FXGL Background Thread 1 ] DEBUG PhysicsWorld         - Using strategy: BRUTE_FORCE
13:08:12.873 [FXGL Background Thread 1 ] DEBUG GameScene            - Game scene initialized: 500x700
13:08:13.007 [FXGL Background Thread 1 ] DEBUG FXGLAssetLoaderServi - Loading from file system: file:/D:/JavaFlappyBird/target/classes/com/javaflappybird/sound/base.mp3
13:08:13.176 [FXGL Background Thread 1 ] DEBUG AudioPlayer          - Playing music com.almasb.fxgl.audio.Music@27a9aff0
13:08:13.395 [FXGL Background Thread 1 ] DEBUG GameApplicationServi - Application scenes initialized
13:08:13.434 [FXGL Background Thread 1 ] DEBUG SystemBundleService  - Loading FXGL system data
13:08:13.442 [FXGL Background Thread 1 ] DEBUG FileSystemAccess     - Reading from: D:\JavaFlappyBird\system\fxgl.bundle
13:08:13.458 [FXGL Background Thread 1 ] DEBUG SystemBundleService  - Bundle FXGL: {}
13:08:13.458 [FXGL Background Thread 1 ] DEBUG UpdaterService       - Checking for updates
13:08:13.466 [FXGL Background Thread 4 ] DEBUG FXGLApplication      - Loading fonts
13:08:13.466 [FXGL Background Thread 1 ] DEBUG FXGLApplication      - Loading default localization
13:08:13.467 [FXGL Background Thread 4 ] DEBUG FXGLAssetLoaderServi - Loading from file system: jar:file:///C:/Users/hdngu/.m2/repository/com/github/almasb/fxgl/17.1/fxgl-17.1.jar!/fxglassets/ui/fonts/VarelaRound-Regular.ttf
13:08:13.468 [FXGL Background Thread 1 ] DEBUG FXGLAssetLoaderServi - Loading from file system: jar:file:///C:/Users/hdngu/.m2/repository/com/github/almasb/fxgl/17.1/fxgl-17.1.jar!/fxglassets/languages/english.lang
13:08:13.498 [FXGL Background Thread 1 ] INFO  FXGLApplication      - FXGL initialization took: 0.916 sec
13:08:13.514 [JavaFX Application Thread] DEBUG Input                - Registered new binding: action0 - Space
13:08:13.517 [JavaFX Application Thread] DEBUG Input                - Registered new binding: action1 - LMB
13:08:13.518 [JavaFX Application Thread] DEBUG FXGLAssetLoaderServi - Loading from file system: jar:file:///C:/Users/hdngu/.m2/repository/com/github/almasb/fxgl/17.1/fxgl-17.1.jar!/fxglassets/textures/fxgl_icon.png
13:08:13.538 [JavaFX Application Thread] DEBUG FXGLAssetLoaderServi - Loading from file system: jar:file:///C:/Users/hdngu/.m2/repository/com/github/almasb/fxgl/17.1/fxgl-17.1.jar!/fxglassets/textures/fxgl_default_cursor.png
13:08:13.540 [JavaFX Application Thread] DEBUG Input                - Registered new binding: Screenshot - CTRL+8
13:08:13.541 [JavaFX Application Thread] DEBUG Input                - Registered new binding: System info dump - CTRL+9
13:08:13.542 [JavaFX Application Thread] DEBUG Input                - Registered new binding: Restart - CTRL+R
13:08:13.544 [JavaFX Application Thread] DEBUG Input                - Registered new binding: Toggle Debug Camera - CTRL+7
13:08:13.546 [FXGL Background Thread 4 ] DEBUG FXGLAssetLoaderServi - Loading from file system: jar:file:///C:/Users/hdngu/.m2/repository/com/github/almasb/fxgl/17.1/fxgl-17.1.jar!/fxglassets/ui/fonts/Abel-Regular.ttf
13:08:13.548 [JavaFX Application Thread] DEBUG LoopRunner           - Starting loop
13:08:13.548 [JavaFX Application Thread] DEBUG LoopRunner           - Initializing JavaFX AnimationTimerLoop
13:08:13.552 [JavaFX Application Thread] DEBUG Input                - Clearing active input actions
13:08:13.554 [FXGL Background Thread 4 ] DEBUG FXGLAssetLoaderServi - Loading from file system: jar:file:///C:/Users/hdngu/.m2/repository/com/github/almasb/fxgl/17.1/fxgl-17.1.jar!/fxglassets/ui/fonts/TerminalLandMono-Regular.otf
13:08:13.563 [FXGL Background Thread 4 ] DEBUG FXGLAssetLoaderServi - Loading from file system: jar:file:///C:/Users/hdngu/.m2/repository/com/github/almasb/fxgl/17.1/fxgl-17.1.jar!/fxglassets/ui/fonts/Courier-Prime.ttf
13:08:13.563 [JavaFX Application Thread] DEBUG GameApplicationServi - Removing overlay from FXGLStartupScene and adding to FXGLMainMenuDummyScene
13:08:13.564 [JavaFX Application Thread] DEBUG PrimaryStageWindow   - FXGLStartupScene -> FXGLMainMenuDummyScene
13:08:13.565 [JavaFX Application Thread] DEBUG PrimaryStageWindow   - Push state: MenuGame
13:08:13.568 [JavaFX Application Thread] DEBUG Input                - Clearing active input actions
13:08:13.577 [JavaFX Application Thread] DEBUG GameApplicationServi - Removing overlay from FXGLMainMenuDummyScene and adding to MenuGame
13:08:13.578 [JavaFX Application Thread] DEBUG PrimaryStageWindow   - FXGLMainMenuDummyScene -> MenuGame
13:08:13.594 [JavaFX Application Thread] DEBUG FXGLApplication      - Registering font factories with UI factory
13:08:14.620 [FXGL Background Thread 2 ] INFO  UpdaterService       - Your current version:  17.1
13:08:14.621 [FXGL Background Thread 2 ] INFO  UpdaterService       - Latest stable version: 17.2
13:08:14.632 [JavaFX Application Thread] DEBUG Menu                 - fireNewGame()
13:08:14.632 [JavaFX Application Thread] DEBUG GameApplicationServi - Starting new game
13:08:14.632 [JavaFX Application Thread] DEBUG PrimaryStageWindow   - Pop state: MenuGame
13:08:14.632 [JavaFX Application Thread] DEBUG Input                - Clearing active input actions
13:08:14.633 [JavaFX Application Thread] DEBUG GameApplicationServi - Removing overlay from MenuGame and adding to FXGLMainMenuDummyScene
13:08:14.634 [JavaFX Application Thread] DEBUG PrimaryStageWindow   - FXGLMainMenuDummyScene <- MenuGame
13:08:14.634 [JavaFX Application Thread] DEBUG Input                - Clearing active input actions
13:08:14.647 [JavaFX Application Thread] DEBUG GameApplicationServi - Removing overlay from FXGLMainMenuDummyScene and adding to FXGLLoadingScene
13:08:14.647 [JavaFX Application Thread] DEBUG PrimaryStageWindow   - FXGLMainMenuDummyScene -> FXGLLoadingScene
13:08:14.647 [JavaFX Application Thread] DEBUG GameApplicationServi - Clearing previous game
13:08:14.647 [JavaFX Application Thread] DEBUG GameScene            - Clearing game scene
13:08:14.647 [JavaFX Application Thread] DEBUG GameWorld            - Clearing game world
13:08:14.648 [JavaFX Application Thread] DEBUG PhysicsWorld         - Clearing physics world
13:08:14.651 [FXGL Background Thread 2 ] DEBUG FXGLApplication      - Initializing game
13:08:14.732 [FXGL Background Thread 2 ] DEBUG FXGLAssetLoaderServi - Loading from file system: file:/D:/JavaFlappyBird/target/classes/com/javaflappybird/sound/jump.wav
13:08:14.774 [FXGL Background Thread 2 ] DEBUG FXGLAssetLoaderServi - Loading from file system: file:/D:/JavaFlappyBird/target/classes/com/javaflappybird/sound/congdiem.wav
13:08:14.810 [FXGL Background Thread 2 ] DEBUG FXGLAssetLoaderServi - Loading from file system: file:/D:/JavaFlappyBird/target/classes/com/javaflappybird/sound/die.wav
13:08:14.817 [FXGL Background Thread 2 ] DEBUG FXGLAssetLoaderServi - Loading from file system: file:/D:/JavaFlappyBird/target/classes/com/javaflappybird/sound/collide.wav
13:08:14.828 [JavaFX Application Thread] DEBUG LoopRunner           - Stopping loop
13:08:14.833 [JavaFX Application Thread] FATAL FXGLApplication      - Uncaught Exception:
java.lang.RuntimeException: Initialization failed
	at com.almasb.fxgl.all@17.1/com.almasb.fxgl.app.FXGLApplication$InitAppTask.failed(FXGLApplication.kt:343)
	at javafx.graphics@18.0.1/javafx.concurrent.Task.setState(Task.java:710)
	at javafx.graphics@18.0.1/javafx.concurrent.Task$TaskCallable.lambda$call$2(Task.java:1456)
	at javafx.graphics@18.0.1/com.sun.javafx.application.PlatformImpl.lambda$runLater$10(PlatformImpl.java:457)
	at java.base/java.security.AccessController.doPrivileged(AccessController.java:399)
	at javafx.graphics@18.0.1/com.sun.javafx.application.PlatformImpl.lambda$runLater$11(PlatformImpl.java:456)
	at javafx.graphics@18.0.1/com.sun.glass.ui.InvokeLaterDispatcher$Future.run(InvokeLaterDispatcher.java:96)
	at javafx.graphics@18.0.1/com.sun.glass.ui.win.WinApplication._runLoop(Native Method)
	at javafx.graphics@18.0.1/com.sun.glass.ui.win.WinApplication.lambda$runLoop$3(WinApplication.java:184)
	at java.base/java.lang.Thread.run(Thread.java:833)
Caused by: java.lang.IllegalArgumentException: Property isPlayMusic does not exist
	at com.almasb.fxgl.core@17.1/com.almasb.fxgl.core.collection.PropertyMap.get(PropertyMap.kt:251)
	at com.almasb.fxgl.core@17.1/com.almasb.fxgl.core.collection.PropertyMap.booleanProperty(PropertyMap.kt:160)
	at com.almasb.fxgl.core@17.1/com.almasb.fxgl.core.collection.PropertyMap.getBoolean(PropertyMap.kt:150)
	at com.javaflappybird/com.javaflappybird.App.initGame(App.java:82)
	at com.almasb.fxgl.all@17.1/com.almasb.fxgl.app.FXGLApplication$InitAppTask.initGame(FXGLApplication.kt:339)
	at com.almasb.fxgl.all@17.1/com.almasb.fxgl.app.FXGLApplication$InitAppTask.call(FXGLApplication.kt:319)
	at com.almasb.fxgl.all@17.1/com.almasb.fxgl.app.FXGLApplication$InitAppTask.call(FXGLApplication.kt:311)
	at javafx.graphics@18.0.1/javafx.concurrent.Task$TaskCallable.call(Task.java:1426)
	at java.base/java.util.concurrent.FutureTask.run(FutureTask.java:264)
	at java.base/java.util.concurrent.Executors$RunnableAdapter.call(Executors.java:539)
	at java.base/java.util.concurrent.FutureTask.run(FutureTask.java:264)
	at java.base/java.util.concurrent.ThreadPoolExecutor.runWorker(ThreadPoolExecutor.java:1136)
	at java.base/java.util.concurrent.ThreadPoolExecutor$Worker.run(ThreadPoolExecutor.java:635)
	... 1 more

13:08:14.834 [JavaFX Application Thread] FATAL FXGLApplication      - Application will now exit
13:08:14.877 [JavaFX Application Thread] DEBUG PrimaryStageWindow   - Push state: ErrorSubScene
13:08:14.878 [JavaFX Application Thread] DEBUG Input                - Clearing active input actions
13:08:14.887 [JavaFX Application Thread] DEBUG GameApplicationServi - Removing overlay from FXGLLoadingScene and adding to ErrorSubScene
13:08:14.887 [JavaFX Application Thread] DEBUG PrimaryStageWindow   - FXGLLoadingScene -> ErrorSubScene
13:08:16.465 [FXGL Background Thread 3 ] DEBUG Engine               - Logging environment variables
13:08:16.465 [FXGL Background Thread 3 ] DEBUG Engine               - achievements: []
13:08:16.465 [FXGL Background Thread 3 ] DEBUG Engine               - actualHeight: 700.0
13:08:16.466 [FXGL Background Thread 3 ] DEBUG Engine               - actualHeightProperty: ReadOnlyDoubleProperty [value: 700.0]
13:08:16.466 [FXGL Background Thread 3 ] DEBUG Engine               - actualWidth: 500.0
13:08:16.466 [FXGL Background Thread 3 ] DEBUG Engine               - actualWidthProperty: ReadOnlyDoubleProperty [value: 500.0]
13:08:16.466 [FXGL Background Thread 3 ] DEBUG Engine               - appIcon: fxgl_icon.png
13:08:16.466 [FXGL Background Thread 3 ] DEBUG Engine               - applicationMode: DEVELOPER
13:08:16.466 [FXGL Background Thread 3 ] DEBUG Engine               - cSSList: [fxgl_dark.css]
13:08:16.466 [FXGL Background Thread 3 ] DEBUG Engine               - collisionDetectionStrategy: BRUTE_FORCE
13:08:16.467 [FXGL Background Thread 3 ] DEBUG Engine               - configClass: Optional.empty
13:08:16.467 [FXGL Background Thread 3 ] DEBUG Engine               - credits: []
13:08:16.469 [FXGL Background Thread 3 ] DEBUG Engine               - defaultCursor: CursorInfo(imageName=fxgl_default_cursor.png, hotspotX=7.0, hotspotY=6.0)
13:08:16.469 [FXGL Background Thread 3 ] DEBUG Engine               - devBBoxColorProperty: ObjectProperty [value: 0xff0000ff]
13:08:16.469 [FXGL Background Thread 3 ] DEBUG Engine               - devEnableDebugCameraProperty: BooleanProperty [value: false]
13:08:16.469 [FXGL Background Thread 3 ] DEBUG Engine               - devSensorColorProperty: ObjectProperty [value: 0xffff00ff]
13:08:16.469 [FXGL Background Thread 3 ] DEBUG Engine               - devShowBBoxProperty: BooleanProperty [value: false]
13:08:16.470 [FXGL Background Thread 3 ] DEBUG Engine               - devShowPositionProperty: BooleanProperty [value: false]
13:08:16.470 [FXGL Background Thread 3 ] DEBUG Engine               - enabledMenuItems: []
13:08:16.470 [FXGL Background Thread 3 ] DEBUG Engine               - engineServices: [class com.almasb.fxgl.app.services.FXGLAssetLoaderService, class com.almasb.fxgl.app.FXGLApplication$GameApplicationService, class com.almasb.fxgl.app.services.FXGLDialogService, class com.almasb.fxgl.app.services.IOTaskExecutorService, class com.almasb.fxgl.io.FileSystemService, class com.almasb.fxgl.localization.LocalizationService, class com.almasb.fxgl.app.services.SystemBundleService, class com.almasb.fxgl.profile.SaveLoadService, class com.almasb.fxgl.ui.FXGLUIFactoryServiceProvider, class com.almasb.fxgl.ui.FXGLDialogFactoryServiceProvider, class com.almasb.fxgl.audio.AudioPlayer, class com.almasb.fxgl.notification.impl.NotificationServiceProvider, class com.almasb.fxgl.achievement.AchievementService, class com.almasb.fxgl.cutscene.CutsceneService, class com.almasb.fxgl.minigames.MiniGameService, class com.almasb.fxgl.net.NetService, class com.almasb.fxgl.app.services.UpdaterService, class com.almasb.fxgl.dev.DevService]
13:08:16.470 [FXGL Background Thread 3 ] DEBUG Engine               - fontGame: Abel-Regular.ttf
13:08:16.470 [FXGL Background Thread 3 ] DEBUG Engine               - fontMono: TerminalLandMono-Regular.otf
13:08:16.470 [FXGL Background Thread 3 ] DEBUG Engine               - fontText: Courier-Prime.ttf
13:08:16.470 [FXGL Background Thread 3 ] DEBUG Engine               - fontUI: VarelaRound-Regular.ttf
13:08:16.470 [FXGL Background Thread 3 ] DEBUG Engine               - fullScreen: BooleanProperty [value: false]
13:08:16.470 [FXGL Background Thread 3 ] DEBUG Engine               - gameDifficulty: MEDIUM
13:08:16.470 [FXGL Background Thread 3 ] DEBUG Engine               - gameDifficultyProperty: ObjectProperty [value: MEDIUM]
13:08:16.470 [FXGL Background Thread 3 ] DEBUG Engine               - globalMusicVolume: 0.5
13:08:16.470 [FXGL Background Thread 3 ] DEBUG Engine               - globalMusicVolumeProperty: DoubleProperty [value: 0.5]
13:08:16.470 [FXGL Background Thread 3 ] DEBUG Engine               - globalSoundVolume: 0.5
13:08:16.471 [FXGL Background Thread 3 ] DEBUG Engine               - globalSoundVolumeProperty: DoubleProperty [value: 0.5]
13:08:16.471 [FXGL Background Thread 3 ] DEBUG Engine               - height: 700
13:08:16.471 [FXGL Background Thread 3 ] DEBUG Engine               - is3D: false
13:08:16.471 [FXGL Background Thread 3 ] DEBUG Engine               - isAndroid: false
13:08:16.471 [FXGL Background Thread 3 ] DEBUG Engine               - isBrowser: false
13:08:16.471 [FXGL Background Thread 3 ] DEBUG Engine               - isClickFeedbackEnabled: false
13:08:16.471 [FXGL Background Thread 3 ] DEBUG Engine               - isCloseConfirmation: false
13:08:16.471 [FXGL Background Thread 3 ] DEBUG Engine               - isDesktop: true
13:08:16.471 [FXGL Background Thread 3 ] DEBUG Engine               - isDeveloperMenuEnabled: false
13:08:16.471 [FXGL Background Thread 3 ] DEBUG Engine               - isEmbedded: false
13:08:16.471 [FXGL Background Thread 3 ] DEBUG Engine               - isEntityPreloadEnabled: true
13:08:16.471 [FXGL Background Thread 3 ] DEBUG Engine               - isExperimentalTiledLargeMap: false
13:08:16.471 [FXGL Background Thread 3 ] DEBUG Engine               - isFileSystemWriteAllowed: true
13:08:16.472 [FXGL Background Thread 3 ] DEBUG Engine               - isFullScreenAllowed: false
13:08:16.472 [FXGL Background Thread 3 ] DEBUG Engine               - isFullScreenFromStart: false
13:08:16.472 [FXGL Background Thread 3 ] DEBUG Engine               - isGameMenuEnabled: true
13:08:16.472 [FXGL Background Thread 3 ] DEBUG Engine               - isIOS: false
13:08:16.472 [FXGL Background Thread 3 ] DEBUG Engine               - isIntroEnabled: false
13:08:16.472 [FXGL Background Thread 3 ] DEBUG Engine               - isLinux: false
13:08:16.472 [FXGL Background Thread 3 ] DEBUG Engine               - isMac: false
13:08:16.472 [FXGL Background Thread 3 ] DEBUG Engine               - isMainMenuEnabled: true
13:08:16.472 [FXGL Background Thread 3 ] DEBUG Engine               - isManualResizeEnabled: false
13:08:16.472 [FXGL Background Thread 3 ] DEBUG Engine               - isMobile: false
13:08:16.472 [FXGL Background Thread 3 ] DEBUG Engine               - isNative: false
13:08:16.472 [FXGL Background Thread 3 ] DEBUG Engine               - isPauseMusicWhenMinimized: true
13:08:16.472 [FXGL Background Thread 3 ] DEBUG Engine               - isPreserveResizeRatio: false
13:08:16.472 [FXGL Background Thread 3 ] DEBUG Engine               - isProfilingEnabled: false
13:08:16.472 [FXGL Background Thread 3 ] DEBUG Engine               - isScaleAffectedOnResize: true
13:08:16.472 [FXGL Background Thread 3 ] DEBUG Engine               - isSingleStep: false
13:08:16.473 [FXGL Background Thread 3 ] DEBUG Engine               - isUserProfileEnabled: false
13:08:16.473 [FXGL Background Thread 3 ] DEBUG Engine               - isWindows: true
13:08:16.473 [FXGL Background Thread 3 ] DEBUG Engine               - language: ObjectProperty [value: ENGLISH]
13:08:16.473 [FXGL Background Thread 3 ] DEBUG Engine               - menuKey: ESCAPE
13:08:16.473 [FXGL Background Thread 3 ] DEBUG Engine               - mouseSensitivity: 0.2
13:08:16.473 [FXGL Background Thread 3 ] DEBUG Engine               - notificationViewClass: class com.almasb.fxgl.notification.view.XboxNotificationView
13:08:16.473 [FXGL Background Thread 3 ] DEBUG Engine               - pixelsPerMeter: 50.0
13:08:16.473 [FXGL Background Thread 3 ] DEBUG Engine               - platform: WINDOWS
13:08:16.473 [FXGL Background Thread 3 ] DEBUG Engine               - prefHeightProperty: ReadOnlyDoubleProperty [value: 700.0]
13:08:16.473 [FXGL Background Thread 3 ] DEBUG Engine               - prefWidthProperty: ReadOnlyDoubleProperty [value: 500.0]
13:08:16.473 [FXGL Background Thread 3 ] DEBUG Engine               - profileDir: profiles/
13:08:16.473 [FXGL Background Thread 3 ] DEBUG Engine               - profileName: StringProperty [value: DEFAULT]
13:08:16.473 [FXGL Background Thread 3 ] DEBUG Engine               - randomSeed: -1
13:08:16.474 [FXGL Background Thread 3 ] DEBUG Engine               - runtimeInfo: RuntimeInfo(platform=WINDOWS, version=17.1, build=24.03.2022 17.34)
13:08:16.474 [FXGL Background Thread 3 ] DEBUG Engine               - saveFileExt: sav
13:08:16.474 [FXGL Background Thread 3 ] DEBUG Engine               - scaledHeightProp$fxgl: DoubleProperty [bound, value: 700.0]
13:08:16.474 [FXGL Background Thread 3 ] DEBUG Engine               - scaledWidthProp$fxgl: DoubleProperty [bound, value: 500.0]
13:08:16.474 [FXGL Background Thread 3 ] DEBUG Engine               - sceneFactory: com.javaflappybird.App$1@74acf709
13:08:16.474 [FXGL Background Thread 3 ] DEBUG Engine               - secondsIn24h: 60
13:08:16.474 [FXGL Background Thread 3 ] DEBUG Engine               - soundMenuBack: menu/back.wav
13:08:16.474 [FXGL Background Thread 3 ] DEBUG Engine               - soundMenuPress: menu/press.wav
13:08:16.474 [FXGL Background Thread 3 ] DEBUG Engine               - soundMenuSelect: menu/select.wav
13:08:16.474 [FXGL Background Thread 3 ] DEBUG Engine               - soundNotification: core/notification.wav
13:08:16.474 [FXGL Background Thread 3 ] DEBUG Engine               - stageStyle: DECORATED
13:08:16.474 [FXGL Background Thread 3 ] DEBUG Engine               - supportedLanguages: [ENGLISH, FRENCH, GERMAN, HUNGARIAN, RUSSIAN]
13:08:16.475 [FXGL Background Thread 3 ] DEBUG Engine               - ticksPerSecond: -1
13:08:16.475 [FXGL Background Thread 3 ] DEBUG Engine               - title: Java Flappy Bird
13:08:16.475 [FXGL Background Thread 3 ] DEBUG Engine               - urlGithub: https://github.com/AlmasB/FXGL
13:08:16.475 [FXGL Background Thread 3 ] DEBUG Engine               - urlLeaderboard: http://fxgl-top.herokuapp.com/
13:08:16.475 [FXGL Background Thread 3 ] DEBUG Engine               - urlPOM: https://raw.githubusercontent.com/AlmasB/FXGL/release/README.md
13:08:16.475 [FXGL Background Thread 3 ] DEBUG Engine               - userAppClass: class com.javaflappybird.App
13:08:16.475 [FXGL Background Thread 3 ] DEBUG Engine               - version: 1.0
13:08:16.475 [FXGL Background Thread 3 ] DEBUG Engine               - versionCheckDays: 7
13:08:16.475 [FXGL Background Thread 3 ] DEBUG Engine               - width: 500
13:08:16.475 [FXGL Background Thread 3 ] DEBUG Engine               - Logging services
13:08:16.475 [FXGL Background Thread 3 ] DEBUG Engine               - class com.almasb.fxgl.app.services.FXGLAssetLoaderService
13:08:16.475 [FXGL Background Thread 3 ] DEBUG Engine               - class com.almasb.fxgl.app.FXGLApplication$GameApplicationService
13:08:16.475 [FXGL Background Thread 3 ] DEBUG Engine               - class com.almasb.fxgl.app.services.FXGLDialogService
13:08:16.475 [FXGL Background Thread 3 ] DEBUG Engine               - class com.almasb.fxgl.app.services.IOTaskExecutorService
13:08:16.475 [FXGL Background Thread 3 ] DEBUG Engine               - class com.almasb.fxgl.io.FileSystemService
13:08:16.475 [FXGL Background Thread 3 ] DEBUG Engine               - class com.almasb.fxgl.localization.LocalizationService
13:08:16.475 [FXGL Background Thread 3 ] DEBUG Engine               - class com.almasb.fxgl.app.services.SystemBundleService
13:08:16.475 [FXGL Background Thread 3 ] DEBUG Engine               - class com.almasb.fxgl.profile.SaveLoadService
13:08:16.475 [FXGL Background Thread 3 ] DEBUG Engine               - class com.almasb.fxgl.ui.FXGLUIFactoryServiceProvider
13:08:16.475 [FXGL Background Thread 3 ] DEBUG Engine               - class com.almasb.fxgl.ui.FXGLDialogFactoryServiceProvider
13:08:16.475 [FXGL Background Thread 3 ] DEBUG Engine               - class com.almasb.fxgl.audio.AudioPlayer
13:08:16.476 [FXGL Background Thread 3 ] DEBUG Engine               - class com.almasb.fxgl.notification.impl.NotificationServiceProvider
13:08:16.476 [FXGL Background Thread 3 ] DEBUG Engine               - class com.almasb.fxgl.achievement.AchievementService
13:08:16.476 [FXGL Background Thread 3 ] DEBUG Engine               - class com.almasb.fxgl.cutscene.CutsceneService
13:08:16.476 [FXGL Background Thread 3 ] DEBUG Engine               - class com.almasb.fxgl.minigames.MiniGameService
13:08:16.476 [FXGL Background Thread 3 ] DEBUG Engine               - class com.almasb.fxgl.net.NetService
13:08:16.476 [FXGL Background Thread 3 ] DEBUG Engine               - class com.almasb.fxgl.app.services.UpdaterService
13:08:16.476 [FXGL Background Thread 3 ] DEBUG Engine               - class com.almasb.fxgl.dev.DevService
13:08:18.702 [JavaFX Application Thread] DEBUG FXGLApplication      - Exiting FXGL
13:08:18.702 [JavaFX Application Thread] DEBUG Async                - Shutting down background threads
13:08:18.702 [JavaFX Application Thread] DEBUG PrimaryStageWindow   - Closing main window
13:08:18.721 [JavaFX Application Thread] DEBUG Logger               - Closing Logger
