13:56:45.255 [main                     ] DEBUG Logger               - Configured Logger
13:56:45.294 [main                     ] DEBUG GameApplication      - Logging settings
Title: Java Flappy Bird
Version: 1.0
Width: 500
Height: 700
Fullscreen: false
Intro: false
Profiling: false
Single step:false
App Mode: DEVELOPER
Menu Key: ESCAPE
Stage Style: DECORATED
Scene Factory: class com.javaflappybird.App$1

13:56:45.768 [JavaFX Application Thread] DEBUG FXGLApplication      - Initializing FXGL
13:56:45.778 [JavaFX Application Thread] INFO  Engine               - FXGL-17.1 (24.03.2022 17.34) on WINDOWS (J:18.0.2.1 FX:18.0.1)
13:56:45.779 [JavaFX Application Thread] DEBUG Engine               - JRE Vendor Name: Oracle Corporation
13:56:45.779 [JavaFX Application Thread] DEBUG Engine               - Running on OS: Windows 10 version 10.0
13:56:45.780 [JavaFX Application Thread] DEBUG Engine               - Architecture: amd64
13:56:45.780 [JavaFX Application Thread] INFO  Engine               - Source code and latest versions at: https://github.com/AlmasB/FXGL
13:56:45.780 [JavaFX Application Thread] INFO  Engine               -       Ask questions and discuss at: https://github.com/AlmasB/FXGL/discussions
13:56:45.780 [JavaFX Application Thread] INFO  Engine               -              Join the FXGL chat at: https://gitter.im/AlmasB/FXGL
13:56:45.910 [JavaFX Application Thread] DEBUG PrimaryStageWindow   - Creating a JavaFX scene
13:56:45.972 [JavaFX Application Thread] DEBUG PrimaryStageWindow   - Target settings size: 500.0 x 700.0
13:56:45.973 [JavaFX Application Thread] DEBUG PrimaryStageWindow   - Scaled scene size:    500.0 x 700.0
13:56:45.974 [JavaFX Application Thread] DEBUG PrimaryStageWindow   - Scaled ratio: (1.0, 1.0)
13:56:45.975 [JavaFX Application Thread] DEBUG PrimaryStageWindow   - Set initial scene to FXGLStartupScene
13:56:45.987 [JavaFX Application Thread] DEBUG PrimaryStageWindow   - Opening main window
13:56:46.096 [JavaFX Application Thread] DEBUG PrimaryStageWindow   - Window border size: (14.4000244140625, 37.5999755859375)
13:56:46.097 [JavaFX Application Thread] DEBUG PrimaryStageWindow   - Scaled size: 500.0 x 700.0
13:56:46.098 [JavaFX Application Thread] DEBUG PrimaryStageWindow   - Scaled ratio: (1.0, 1.0)
13:56:46.099 [JavaFX Application Thread] DEBUG PrimaryStageWindow   - Scene size: 500.0 x 700.0
13:56:46.100 [JavaFX Application Thread] DEBUG PrimaryStageWindow   - Stage size: 514.4000244140625 x 737.5999755859375
13:56:46.108 [FXGL Background Thread 1 ] DEBUG Engine               - Initializing environment variables
13:56:46.195 [FXGL Background Thread 1 ] DEBUG FXGLAssetLoaderServi - User app class for loading assets: class com.javaflappybird.App
13:56:46.195 [FXGL Background Thread 1 ] DEBUG GameApplicationServi - Applying CSS: fxgl_dark.css
13:56:46.196 [FXGL Background Thread 1 ] DEBUG FXGLAssetLoaderServi - Loading from file system: jar:file:///C:/Users/hdngu/.m2/repository/com/github/almasb/fxgl/17.1/fxgl-17.1.jar!/fxglassets/ui/css/fxgl_dark.css
13:56:46.275 [FXGL Background Thread 1 ] DEBUG GameApplicationServi - Initializing application scenes
13:56:46.353 [FXGL Background Thread 1 ] DEBUG GameWorld            - Game world initialized
13:56:46.431 [FXGL Background Thread 1 ] DEBUG PhysicsWorld         - Physics world initialized: appHeight=700, physics.ppm=50.0
13:56:46.432 [FXGL Background Thread 1 ] DEBUG PhysicsWorld         - Using strategy: BRUTE_FORCE
13:56:46.437 [FXGL Background Thread 1 ] DEBUG GameScene            - Game scene initialized: 500x700
13:56:46.563 [FXGL Background Thread 1 ] DEBUG FXGLAssetLoaderServi - Loading from file system: file:/D:/JavaFlappyBird/target/classes/com/javaflappybird/sound/base.mp3
13:56:46.754 [FXGL Background Thread 1 ] DEBUG AudioPlayer          - Playing music com.almasb.fxgl.audio.Music@27cf4c5a
13:56:46.899 [FXGL Background Thread 1 ] DEBUG GameApplicationServi - Application scenes initialized
13:56:46.920 [FXGL Background Thread 1 ] DEBUG SystemBundleService  - Loading FXGL system data
13:56:46.926 [FXGL Background Thread 1 ] DEBUG FileSystemAccess     - Reading from: D:\JavaFlappyBird\system\fxgl.bundle
13:56:46.940 [FXGL Background Thread 1 ] DEBUG SystemBundleService  - Bundle FXGL: {}
13:56:46.940 [FXGL Background Thread 1 ] DEBUG UpdaterService       - Checking for updates
13:56:46.946 [FXGL Background Thread 4 ] DEBUG FXGLApplication      - Loading fonts
13:56:46.946 [FXGL Background Thread 1 ] DEBUG FXGLApplication      - Loading default localization
13:56:46.947 [FXGL Background Thread 4 ] DEBUG FXGLAssetLoaderServi - Loading from file system: jar:file:///C:/Users/hdngu/.m2/repository/com/github/almasb/fxgl/17.1/fxgl-17.1.jar!/fxglassets/ui/fonts/VarelaRound-Regular.ttf
13:56:46.947 [FXGL Background Thread 1 ] DEBUG FXGLAssetLoaderServi - Loading from file system: jar:file:///C:/Users/hdngu/.m2/repository/com/github/almasb/fxgl/17.1/fxgl-17.1.jar!/fxglassets/languages/english.lang
13:56:46.976 [FXGL Background Thread 1 ] INFO  FXGLApplication      - FXGL initialization took: 0.867 sec
13:56:46.993 [JavaFX Application Thread] DEBUG Input                - Registered new binding: action0 - Space
13:56:46.996 [JavaFX Application Thread] DEBUG Input                - Registered new binding: action1 - LMB
13:56:46.996 [JavaFX Application Thread] DEBUG FXGLAssetLoaderServi - Loading from file system: jar:file:///C:/Users/hdngu/.m2/repository/com/github/almasb/fxgl/17.1/fxgl-17.1.jar!/fxglassets/textures/fxgl_icon.png
13:56:47.018 [JavaFX Application Thread] DEBUG FXGLAssetLoaderServi - Loading from file system: jar:file:///C:/Users/hdngu/.m2/repository/com/github/almasb/fxgl/17.1/fxgl-17.1.jar!/fxglassets/textures/fxgl_default_cursor.png
13:56:47.021 [JavaFX Application Thread] DEBUG Input                - Registered new binding: Screenshot - CTRL+8
13:56:47.022 [JavaFX Application Thread] DEBUG Input                - Registered new binding: System info dump - CTRL+9
13:56:47.023 [JavaFX Application Thread] DEBUG Input                - Registered new binding: Restart - CTRL+R
13:56:47.024 [JavaFX Application Thread] DEBUG Input                - Registered new binding: Toggle Debug Camera - CTRL+7
13:56:47.028 [JavaFX Application Thread] DEBUG LoopRunner           - Starting loop
13:56:47.029 [JavaFX Application Thread] DEBUG LoopRunner           - Initializing JavaFX AnimationTimerLoop
13:56:47.029 [FXGL Background Thread 4 ] DEBUG FXGLAssetLoaderServi - Loading from file system: jar:file:///C:/Users/hdngu/.m2/repository/com/github/almasb/fxgl/17.1/fxgl-17.1.jar!/fxglassets/ui/fonts/Abel-Regular.ttf
13:56:47.033 [JavaFX Application Thread] DEBUG Input                - Clearing active input actions
13:56:47.038 [FXGL Background Thread 4 ] DEBUG FXGLAssetLoaderServi - Loading from file system: jar:file:///C:/Users/hdngu/.m2/repository/com/github/almasb/fxgl/17.1/fxgl-17.1.jar!/fxglassets/ui/fonts/TerminalLandMono-Regular.otf
13:56:47.046 [JavaFX Application Thread] DEBUG GameApplicationServi - Removing overlay from FXGLStartupScene and adding to FXGLMainMenuDummyScene
13:56:47.046 [FXGL Background Thread 4 ] DEBUG FXGLAssetLoaderServi - Loading from file system: jar:file:///C:/Users/hdngu/.m2/repository/com/github/almasb/fxgl/17.1/fxgl-17.1.jar!/fxglassets/ui/fonts/Courier-Prime.ttf
13:56:47.047 [JavaFX Application Thread] DEBUG PrimaryStageWindow   - FXGLStartupScene -> FXGLMainMenuDummyScene
13:56:47.047 [JavaFX Application Thread] DEBUG PrimaryStageWindow   - Push state: MenuGame
13:56:47.067 [JavaFX Application Thread] DEBUG Input                - Clearing active input actions
13:56:47.071 [JavaFX Application Thread] DEBUG GameApplicationServi - Removing overlay from FXGLMainMenuDummyScene and adding to MenuGame
13:56:47.071 [JavaFX Application Thread] DEBUG PrimaryStageWindow   - FXGLMainMenuDummyScene -> MenuGame
13:56:47.084 [JavaFX Application Thread] DEBUG FXGLApplication      - Registering font factories with UI factory
13:56:47.642 [FXGL Background Thread 2 ] INFO  UpdaterService       - Your current version:  17.1
13:56:47.643 [FXGL Background Thread 2 ] INFO  UpdaterService       - Latest stable version: 17.2
13:56:47.759 [JavaFX Application Thread] DEBUG Menu                 - fireNewGame()
13:56:47.759 [JavaFX Application Thread] DEBUG GameApplicationServi - Starting new game
13:56:47.759 [JavaFX Application Thread] DEBUG PrimaryStageWindow   - Pop state: MenuGame
13:56:47.759 [JavaFX Application Thread] DEBUG Input                - Clearing active input actions
13:56:47.760 [JavaFX Application Thread] DEBUG GameApplicationServi - Removing overlay from MenuGame and adding to FXGLMainMenuDummyScene
13:56:47.760 [JavaFX Application Thread] DEBUG PrimaryStageWindow   - FXGLMainMenuDummyScene <- MenuGame
13:56:47.761 [JavaFX Application Thread] DEBUG Input                - Clearing active input actions
13:56:47.768 [JavaFX Application Thread] DEBUG GameApplicationServi - Removing overlay from FXGLMainMenuDummyScene and adding to FXGLLoadingScene
13:56:47.769 [JavaFX Application Thread] DEBUG PrimaryStageWindow   - FXGLMainMenuDummyScene -> FXGLLoadingScene
13:56:47.769 [JavaFX Application Thread] DEBUG GameApplicationServi - Clearing previous game
13:56:47.769 [JavaFX Application Thread] DEBUG GameScene            - Clearing game scene
13:56:47.769 [JavaFX Application Thread] DEBUG GameWorld            - Clearing game world
13:56:47.769 [JavaFX Application Thread] DEBUG PhysicsWorld         - Clearing physics world
13:56:47.771 [FXGL Background Thread 2 ] DEBUG FXGLApplication      - Initializing game
13:56:47.773 [FXGL Background Thread 2 ] DEBUG FXGLAssetLoaderServi - Loading from file system: file:/D:/JavaFlappyBird/target/classes/com/javaflappybird/sound/die.wav
13:56:47.779 [FXGL Background Thread 2 ] DEBUG FXGLAssetLoaderServi - Loading from file system: file:/D:/JavaFlappyBird/target/classes/com/javaflappybird/sound/collide.wav
13:56:47.854 [FXGL Background Thread 2 ] DEBUG FXGLAssetLoaderServi - Loading from file system: file:/D:/JavaFlappyBird/target/classes/com/javaflappybird/sound/jump.wav
13:56:47.888 [FXGL Background Thread 2 ] DEBUG FXGLAssetLoaderServi - Loading from file system: file:/D:/JavaFlappyBird/target/classes/com/javaflappybird/sound/congdiem.wav
13:56:47.920 [FXGL Background Thread 2 ] INFO  FXGLApplication      - Game initialization took: 0.148 sec
13:56:47.921 [JavaFX Application Thread] DEBUG Input                - Clearing active input actions
13:56:47.931 [JavaFX Application Thread] DEBUG GameApplicationServi - Removing overlay from FXGLLoadingScene and adding to GameScene
13:56:47.932 [JavaFX Application Thread] DEBUG PrimaryStageWindow   - FXGLLoadingScene -> GameScene
13:56:49.944 [FXGL Background Thread 3 ] DEBUG Engine               - Logging environment variables
13:56:49.944 [FXGL Background Thread 3 ] DEBUG Engine               - achievements: []
13:56:49.944 [FXGL Background Thread 3 ] DEBUG Engine               - actualHeight: 700.0
13:56:49.945 [FXGL Background Thread 3 ] DEBUG Engine               - actualHeightProperty: ReadOnlyDoubleProperty [value: 700.0]
13:56:49.945 [FXGL Background Thread 3 ] DEBUG Engine               - actualWidth: 500.0
13:56:49.945 [FXGL Background Thread 3 ] DEBUG Engine               - actualWidthProperty: ReadOnlyDoubleProperty [value: 500.0]
13:56:49.945 [FXGL Background Thread 3 ] DEBUG Engine               - appIcon: fxgl_icon.png
13:56:49.945 [FXGL Background Thread 3 ] DEBUG Engine               - applicationMode: DEVELOPER
13:56:49.945 [FXGL Background Thread 3 ] DEBUG Engine               - cSSList: [fxgl_dark.css]
13:56:49.945 [FXGL Background Thread 3 ] DEBUG Engine               - collisionDetectionStrategy: BRUTE_FORCE
13:56:49.945 [FXGL Background Thread 3 ] DEBUG Engine               - configClass: Optional.empty
13:56:49.945 [FXGL Background Thread 3 ] DEBUG Engine               - credits: []
13:56:49.946 [FXGL Background Thread 3 ] DEBUG Engine               - defaultCursor: CursorInfo(imageName=fxgl_default_cursor.png, hotspotX=7.0, hotspotY=6.0)
13:56:49.947 [FXGL Background Thread 3 ] DEBUG Engine               - devBBoxColorProperty: ObjectProperty [value: 0xff0000ff]
13:56:49.947 [FXGL Background Thread 3 ] DEBUG Engine               - devEnableDebugCameraProperty: BooleanProperty [value: false]
13:56:49.947 [FXGL Background Thread 3 ] DEBUG Engine               - devSensorColorProperty: ObjectProperty [value: 0xffff00ff]
13:56:49.947 [FXGL Background Thread 3 ] DEBUG Engine               - devShowBBoxProperty: BooleanProperty [value: false]
13:56:49.947 [FXGL Background Thread 3 ] DEBUG Engine               - devShowPositionProperty: BooleanProperty [value: false]
13:56:49.947 [FXGL Background Thread 3 ] DEBUG Engine               - enabledMenuItems: []
13:56:49.947 [FXGL Background Thread 3 ] DEBUG Engine               - engineServices: [class com.almasb.fxgl.app.services.FXGLAssetLoaderService, class com.almasb.fxgl.app.FXGLApplication$GameApplicationService, class com.almasb.fxgl.app.services.FXGLDialogService, class com.almasb.fxgl.app.services.IOTaskExecutorService, class com.almasb.fxgl.io.FileSystemService, class com.almasb.fxgl.localization.LocalizationService, class com.almasb.fxgl.app.services.SystemBundleService, class com.almasb.fxgl.profile.SaveLoadService, class com.almasb.fxgl.ui.FXGLUIFactoryServiceProvider, class com.almasb.fxgl.ui.FXGLDialogFactoryServiceProvider, class com.almasb.fxgl.audio.AudioPlayer, class com.almasb.fxgl.notification.impl.NotificationServiceProvider, class com.almasb.fxgl.achievement.AchievementService, class com.almasb.fxgl.cutscene.CutsceneService, class com.almasb.fxgl.minigames.MiniGameService, class com.almasb.fxgl.net.NetService, class com.almasb.fxgl.app.services.UpdaterService, class com.almasb.fxgl.dev.DevService]
13:56:49.947 [FXGL Background Thread 3 ] DEBUG Engine               - fontGame: Abel-Regular.ttf
13:56:49.947 [FXGL Background Thread 3 ] DEBUG Engine               - fontMono: TerminalLandMono-Regular.otf
13:56:49.947 [FXGL Background Thread 3 ] DEBUG Engine               - fontText: Courier-Prime.ttf
13:56:49.947 [FXGL Background Thread 3 ] DEBUG Engine               - fontUI: VarelaRound-Regular.ttf
13:56:49.948 [FXGL Background Thread 3 ] DEBUG Engine               - fullScreen: BooleanProperty [value: false]
13:56:49.948 [FXGL Background Thread 3 ] DEBUG Engine               - gameDifficulty: MEDIUM
13:56:49.948 [FXGL Background Thread 3 ] DEBUG Engine               - gameDifficultyProperty: ObjectProperty [value: MEDIUM]
13:56:49.948 [FXGL Background Thread 3 ] DEBUG Engine               - globalMusicVolume: 0.5
13:56:49.948 [FXGL Background Thread 3 ] DEBUG Engine               - globalMusicVolumeProperty: DoubleProperty [value: 0.5]
13:56:49.948 [FXGL Background Thread 3 ] DEBUG Engine               - globalSoundVolume: 0.5
13:56:49.948 [FXGL Background Thread 3 ] DEBUG Engine               - globalSoundVolumeProperty: DoubleProperty [value: 0.5]
13:56:49.948 [FXGL Background Thread 3 ] DEBUG Engine               - height: 700
13:56:49.948 [FXGL Background Thread 3 ] DEBUG Engine               - is3D: false
13:56:49.948 [FXGL Background Thread 3 ] DEBUG Engine               - isAndroid: false
13:56:49.948 [FXGL Background Thread 3 ] DEBUG Engine               - isBrowser: false
13:56:49.949 [FXGL Background Thread 3 ] DEBUG Engine               - isClickFeedbackEnabled: false
13:56:49.949 [FXGL Background Thread 3 ] DEBUG Engine               - isCloseConfirmation: false
13:56:49.949 [FXGL Background Thread 3 ] DEBUG Engine               - isDesktop: true
13:56:49.949 [FXGL Background Thread 3 ] DEBUG Engine               - isDeveloperMenuEnabled: false
13:56:49.949 [FXGL Background Thread 3 ] DEBUG Engine               - isEmbedded: false
13:56:49.949 [FXGL Background Thread 3 ] DEBUG Engine               - isEntityPreloadEnabled: true
13:56:49.950 [FXGL Background Thread 3 ] DEBUG Engine               - isExperimentalTiledLargeMap: false
13:56:49.950 [FXGL Background Thread 3 ] DEBUG Engine               - isFileSystemWriteAllowed: true
13:56:49.950 [FXGL Background Thread 3 ] DEBUG Engine               - isFullScreenAllowed: false
13:56:49.950 [FXGL Background Thread 3 ] DEBUG Engine               - isFullScreenFromStart: false
13:56:49.950 [FXGL Background Thread 3 ] DEBUG Engine               - isGameMenuEnabled: true
13:56:49.950 [FXGL Background Thread 3 ] DEBUG Engine               - isIOS: false
13:56:49.950 [FXGL Background Thread 3 ] DEBUG Engine               - isIntroEnabled: false
13:56:49.950 [FXGL Background Thread 3 ] DEBUG Engine               - isLinux: false
13:56:49.950 [FXGL Background Thread 3 ] DEBUG Engine               - isMac: false
13:56:49.950 [FXGL Background Thread 3 ] DEBUG Engine               - isMainMenuEnabled: true
13:56:49.950 [FXGL Background Thread 3 ] DEBUG Engine               - isManualResizeEnabled: false
13:56:49.950 [FXGL Background Thread 3 ] DEBUG Engine               - isMobile: false
13:56:49.950 [FXGL Background Thread 3 ] DEBUG Engine               - isNative: false
13:56:49.950 [FXGL Background Thread 3 ] DEBUG Engine               - isPauseMusicWhenMinimized: true
13:56:49.951 [FXGL Background Thread 3 ] DEBUG Engine               - isPreserveResizeRatio: false
13:56:49.951 [FXGL Background Thread 3 ] DEBUG Engine               - isProfilingEnabled: false
13:56:49.951 [FXGL Background Thread 3 ] DEBUG Engine               - isScaleAffectedOnResize: true
13:56:49.951 [FXGL Background Thread 3 ] DEBUG Engine               - isSingleStep: false
13:56:49.951 [FXGL Background Thread 3 ] DEBUG Engine               - isUserProfileEnabled: false
13:56:49.951 [FXGL Background Thread 3 ] DEBUG Engine               - isWindows: true
13:56:49.951 [FXGL Background Thread 3 ] DEBUG Engine               - language: ObjectProperty [value: ENGLISH]
13:56:49.951 [FXGL Background Thread 3 ] DEBUG Engine               - menuKey: ESCAPE
13:56:49.951 [FXGL Background Thread 3 ] DEBUG Engine               - mouseSensitivity: 0.2
13:56:49.951 [FXGL Background Thread 3 ] DEBUG Engine               - notificationViewClass: class com.almasb.fxgl.notification.view.XboxNotificationView
13:56:49.951 [FXGL Background Thread 3 ] DEBUG Engine               - pixelsPerMeter: 50.0
13:56:49.951 [FXGL Background Thread 3 ] DEBUG Engine               - platform: WINDOWS
13:56:49.951 [FXGL Background Thread 3 ] DEBUG Engine               - prefHeightProperty: ReadOnlyDoubleProperty [value: 700.0]
13:56:49.951 [FXGL Background Thread 3 ] DEBUG Engine               - prefWidthProperty: ReadOnlyDoubleProperty [value: 500.0]
13:56:49.951 [FXGL Background Thread 3 ] DEBUG Engine               - profileDir: profiles/
13:56:49.951 [FXGL Background Thread 3 ] DEBUG Engine               - profileName: StringProperty [value: DEFAULT]
13:56:49.951 [FXGL Background Thread 3 ] DEBUG Engine               - randomSeed: -1
13:56:49.952 [FXGL Background Thread 3 ] DEBUG Engine               - runtimeInfo: RuntimeInfo(platform=WINDOWS, version=17.1, build=24.03.2022 17.34)
13:56:49.952 [FXGL Background Thread 3 ] DEBUG Engine               - saveFileExt: sav
13:56:49.952 [FXGL Background Thread 3 ] DEBUG Engine               - scaledHeightProp$fxgl: DoubleProperty [bound, value: 700.0]
13:56:49.952 [FXGL Background Thread 3 ] DEBUG Engine               - scaledWidthProp$fxgl: DoubleProperty [bound, value: 500.0]
13:56:49.952 [FXGL Background Thread 3 ] DEBUG Engine               - sceneFactory: com.javaflappybird.App$1@7728cd6f
13:56:49.952 [FXGL Background Thread 3 ] DEBUG Engine               - secondsIn24h: 60
13:56:49.952 [FXGL Background Thread 3 ] DEBUG Engine               - soundMenuBack: menu/back.wav
13:56:49.952 [FXGL Background Thread 3 ] DEBUG Engine               - soundMenuPress: menu/press.wav
13:56:49.952 [FXGL Background Thread 3 ] DEBUG Engine               - soundMenuSelect: menu/select.wav
13:56:49.952 [FXGL Background Thread 3 ] DEBUG Engine               - soundNotification: core/notification.wav
13:56:49.952 [FXGL Background Thread 3 ] DEBUG Engine               - stageStyle: DECORATED
13:56:49.952 [FXGL Background Thread 3 ] DEBUG Engine               - supportedLanguages: [ENGLISH, FRENCH, GERMAN, HUNGARIAN, RUSSIAN]
13:56:49.953 [FXGL Background Thread 3 ] DEBUG Engine               - ticksPerSecond: -1
13:56:49.953 [FXGL Background Thread 3 ] DEBUG Engine               - title: Java Flappy Bird
13:56:49.953 [FXGL Background Thread 3 ] DEBUG Engine               - urlGithub: https://github.com/AlmasB/FXGL
13:56:49.953 [FXGL Background Thread 3 ] DEBUG Engine               - urlLeaderboard: http://fxgl-top.herokuapp.com/
13:56:49.953 [FXGL Background Thread 3 ] DEBUG Engine               - urlPOM: https://raw.githubusercontent.com/AlmasB/FXGL/release/README.md
13:56:49.953 [FXGL Background Thread 3 ] DEBUG Engine               - userAppClass: class com.javaflappybird.App
13:56:49.953 [FXGL Background Thread 3 ] DEBUG Engine               - version: 1.0
13:56:49.953 [FXGL Background Thread 3 ] DEBUG Engine               - versionCheckDays: 7
13:56:49.953 [FXGL Background Thread 3 ] DEBUG Engine               - width: 500
13:56:49.953 [FXGL Background Thread 3 ] DEBUG Engine               - Logging services
13:56:49.953 [FXGL Background Thread 3 ] DEBUG Engine               - class com.almasb.fxgl.app.services.FXGLAssetLoaderService
13:56:49.953 [FXGL Background Thread 3 ] DEBUG Engine               - class com.almasb.fxgl.app.FXGLApplication$GameApplicationService
13:56:49.953 [FXGL Background Thread 3 ] DEBUG Engine               - class com.almasb.fxgl.app.services.FXGLDialogService
13:56:49.953 [FXGL Background Thread 3 ] DEBUG Engine               - class com.almasb.fxgl.app.services.IOTaskExecutorService
13:56:49.953 [FXGL Background Thread 3 ] DEBUG Engine               - class com.almasb.fxgl.io.FileSystemService
13:56:49.953 [FXGL Background Thread 3 ] DEBUG Engine               - class com.almasb.fxgl.localization.LocalizationService
13:56:49.953 [FXGL Background Thread 3 ] DEBUG Engine               - class com.almasb.fxgl.app.services.SystemBundleService
13:56:49.953 [FXGL Background Thread 3 ] DEBUG Engine               - class com.almasb.fxgl.profile.SaveLoadService
13:56:49.953 [FXGL Background Thread 3 ] DEBUG Engine               - class com.almasb.fxgl.ui.FXGLUIFactoryServiceProvider
13:56:49.953 [FXGL Background Thread 3 ] DEBUG Engine               - class com.almasb.fxgl.ui.FXGLDialogFactoryServiceProvider
13:56:49.953 [FXGL Background Thread 3 ] DEBUG Engine               - class com.almasb.fxgl.audio.AudioPlayer
13:56:49.953 [FXGL Background Thread 3 ] DEBUG Engine               - class com.almasb.fxgl.notification.impl.NotificationServiceProvider
13:56:49.953 [FXGL Background Thread 3 ] DEBUG Engine               - class com.almasb.fxgl.achievement.AchievementService
13:56:49.953 [FXGL Background Thread 3 ] DEBUG Engine               - class com.almasb.fxgl.cutscene.CutsceneService
13:56:49.953 [FXGL Background Thread 3 ] DEBUG Engine               - class com.almasb.fxgl.minigames.MiniGameService
13:56:49.953 [FXGL Background Thread 3 ] DEBUG Engine               - class com.almasb.fxgl.net.NetService
13:56:49.953 [FXGL Background Thread 3 ] DEBUG Engine               - class com.almasb.fxgl.app.services.UpdaterService
13:56:49.954 [FXGL Background Thread 3 ] DEBUG Engine               - class com.almasb.fxgl.dev.DevService
13:56:51.347 [JavaFX Application Thread] DEBUG PrimaryStageWindow   - Push state: FinishMenu
13:56:51.348 [JavaFX Application Thread] DEBUG Input                - Clearing active input actions
13:56:51.349 [JavaFX Application Thread] DEBUG GameApplicationServi - Removing overlay from GameScene and adding to FinishMenu
13:56:51.349 [JavaFX Application Thread] DEBUG PrimaryStageWindow   - GameScene -> FinishMenu
13:57:11.166 [JavaFX Application Thread] DEBUG FXGLApplication      - Exiting FXGL
13:57:11.166 [JavaFX Application Thread] DEBUG LoopRunner           - Stopping loop
13:57:11.166 [JavaFX Application Thread] DEBUG SystemBundleService  - Saving FXGL system data
13:57:11.171 [JavaFX Application Thread] DEBUG FileSystemAccess     - Writing to: D:\JavaFlappyBird\system\fxgl.bundle
13:57:11.173 [JavaFX Application Thread] DEBUG Async                - Shutting down background threads
13:57:11.173 [JavaFX Application Thread] DEBUG PrimaryStageWindow   - Closing main window
13:57:11.186 [JavaFX Application Thread] DEBUG Logger               - Closing Logger
