14:09:29.388 [main                     ] DEBUG Logger               - Configured Logger
14:09:29.436 [main                     ] DEBUG GameApplication      - Logging settings
Title: Java Flappy Bird
Version: 1.0
Width: 500
Height: 700
Fullscreen: false
Intro: false
Profiling: false
Single step:false
App Mode: DEVELOPER
Menu Key: ESCAPE
Stage Style: DECORATED
Scene Factory: class com.javaflappybird.App$1

14:09:30.036 [JavaFX Application Thread] DEBUG FXGLApplication      - Initializing FXGL
14:09:30.045 [JavaFX Application Thread] INFO  Engine               - FXGL-17.1 (24.03.2022 17.34) on WINDOWS (J:18.0.2.1 FX:18.0.1)
14:09:30.045 [JavaFX Application Thread] DEBUG Engine               - JRE Vendor Name: Oracle Corporation
14:09:30.046 [JavaFX Application Thread] DEBUG Engine               - Running on OS: Windows 10 version 10.0
14:09:30.046 [JavaFX Application Thread] DEBUG Engine               - Architecture: amd64
14:09:30.046 [JavaFX Application Thread] INFO  Engine               - Source code and latest versions at: https://github.com/AlmasB/FXGL
14:09:30.046 [JavaFX Application Thread] INFO  Engine               -       Ask questions and discuss at: https://github.com/AlmasB/FXGL/discussions
14:09:30.047 [JavaFX Application Thread] INFO  Engine               -              Join the FXGL chat at: https://gitter.im/AlmasB/FXGL
14:09:30.193 [JavaFX Application Thread] DEBUG PrimaryStageWindow   - Creating a JavaFX scene
14:09:30.269 [JavaFX Application Thread] DEBUG PrimaryStageWindow   - Target settings size: 500.0 x 700.0
14:09:30.269 [JavaFX Application Thread] DEBUG PrimaryStageWindow   - Scaled scene size:    500.0 x 700.0
14:09:30.270 [JavaFX Application Thread] DEBUG PrimaryStageWindow   - Scaled ratio: (1.0, 1.0)
14:09:30.272 [JavaFX Application Thread] DEBUG PrimaryStageWindow   - Set initial scene to FXGLStartupScene
14:09:30.286 [JavaFX Application Thread] DEBUG PrimaryStageWindow   - Opening main window
14:09:30.397 [JavaFX Application Thread] DEBUG PrimaryStageWindow   - Window border size: (14.4000244140625, 37.5999755859375)
14:09:30.398 [JavaFX Application Thread] DEBUG PrimaryStageWindow   - Scaled size: 500.0 x 700.0
14:09:30.398 [JavaFX Application Thread] DEBUG PrimaryStageWindow   - Scaled ratio: (1.0, 1.0)
14:09:30.399 [JavaFX Application Thread] DEBUG PrimaryStageWindow   - Scene size: 500.0 x 700.0
14:09:30.399 [JavaFX Application Thread] DEBUG PrimaryStageWindow   - Stage size: 514.4000244140625 x 737.5999755859375
14:09:30.409 [FXGL Background Thread 1 ] DEBUG Engine               - Initializing environment variables
14:09:30.515 [FXGL Background Thread 1 ] DEBUG FXGLAssetLoaderServi - User app class for loading assets: class com.javaflappybird.App
14:09:30.515 [FXGL Background Thread 1 ] DEBUG GameApplicationServi - Applying CSS: fxgl_dark.css
14:09:30.516 [FXGL Background Thread 1 ] DEBUG FXGLAssetLoaderServi - Loading from file system: jar:file:///C:/Users/hdngu/.m2/repository/com/github/almasb/fxgl/17.1/fxgl-17.1.jar!/fxglassets/ui/css/fxgl_dark.css
14:09:30.599 [FXGL Background Thread 1 ] DEBUG GameApplicationServi - Initializing application scenes
14:09:30.683 [FXGL Background Thread 1 ] DEBUG GameWorld            - Game world initialized
14:09:30.773 [FXGL Background Thread 1 ] DEBUG PhysicsWorld         - Physics world initialized: appHeight=700, physics.ppm=50.0
14:09:30.774 [FXGL Background Thread 1 ] DEBUG PhysicsWorld         - Using strategy: BRUTE_FORCE
14:09:30.782 [FXGL Background Thread 1 ] DEBUG GameScene            - Game scene initialized: 500x700
14:09:30.922 [FXGL Background Thread 1 ] DEBUG FXGLAssetLoaderServi - Loading from file system: file:/D:/JavaFlappyBird/target/classes/com/javaflappybird/sound/base.mp3
14:09:31.227 [FXGL Background Thread 1 ] DEBUG AudioPlayer          - Playing music com.almasb.fxgl.audio.Music@308617eb
14:09:31.389 [FXGL Background Thread 1 ] DEBUG GameApplicationServi - Application scenes initialized
14:09:31.413 [FXGL Background Thread 1 ] DEBUG SystemBundleService  - Loading FXGL system data
14:09:31.429 [FXGL Background Thread 1 ] DEBUG FileSystemAccess     - Reading from: D:\JavaFlappyBird\system\fxgl.bundle
14:09:31.444 [FXGL Background Thread 1 ] DEBUG SystemBundleService  - Bundle FXGL: {}
14:09:31.445 [FXGL Background Thread 1 ] DEBUG UpdaterService       - Checking for updates
14:09:31.451 [FXGL Background Thread 4 ] DEBUG FXGLApplication      - Loading fonts
14:09:31.452 [FXGL Background Thread 4 ] DEBUG FXGLAssetLoaderServi - Loading from file system: jar:file:///C:/Users/hdngu/.m2/repository/com/github/almasb/fxgl/17.1/fxgl-17.1.jar!/fxglassets/ui/fonts/VarelaRound-Regular.ttf
14:09:31.452 [FXGL Background Thread 1 ] DEBUG FXGLApplication      - Loading default localization
14:09:31.453 [FXGL Background Thread 1 ] DEBUG FXGLAssetLoaderServi - Loading from file system: jar:file:///C:/Users/hdngu/.m2/repository/com/github/almasb/fxgl/17.1/fxgl-17.1.jar!/fxglassets/languages/english.lang
14:09:31.487 [FXGL Background Thread 1 ] INFO  FXGLApplication      - FXGL initialization took: 1.077 sec
14:09:31.503 [JavaFX Application Thread] DEBUG Input                - Registered new binding: action0 - Space
14:09:31.506 [JavaFX Application Thread] DEBUG Input                - Registered new binding: action1 - LMB
14:09:31.507 [JavaFX Application Thread] DEBUG FXGLAssetLoaderServi - Loading from file system: jar:file:///C:/Users/hdngu/.m2/repository/com/github/almasb/fxgl/17.1/fxgl-17.1.jar!/fxglassets/textures/fxgl_icon.png
14:09:31.532 [JavaFX Application Thread] DEBUG FXGLAssetLoaderServi - Loading from file system: jar:file:///C:/Users/hdngu/.m2/repository/com/github/almasb/fxgl/17.1/fxgl-17.1.jar!/fxglassets/textures/fxgl_default_cursor.png
14:09:31.535 [JavaFX Application Thread] DEBUG Input                - Registered new binding: Screenshot - CTRL+8
14:09:31.536 [JavaFX Application Thread] DEBUG Input                - Registered new binding: System info dump - CTRL+9
14:09:31.536 [JavaFX Application Thread] DEBUG Input                - Registered new binding: Restart - CTRL+R
14:09:31.537 [JavaFX Application Thread] DEBUG Input                - Registered new binding: Toggle Debug Camera - CTRL+7
14:09:31.539 [FXGL Background Thread 4 ] DEBUG FXGLAssetLoaderServi - Loading from file system: jar:file:///C:/Users/hdngu/.m2/repository/com/github/almasb/fxgl/17.1/fxgl-17.1.jar!/fxglassets/ui/fonts/TerminalLandMono-Regular.otf
14:09:31.540 [JavaFX Application Thread] DEBUG LoopRunner           - Starting loop
14:09:31.541 [JavaFX Application Thread] DEBUG LoopRunner           - Initializing JavaFX AnimationTimerLoop
14:09:31.545 [JavaFX Application Thread] DEBUG Input                - Clearing active input actions
14:09:31.546 [FXGL Background Thread 4 ] DEBUG FXGLAssetLoaderServi - Loading from file system: jar:file:///C:/Users/hdngu/.m2/repository/com/github/almasb/fxgl/17.1/fxgl-17.1.jar!/fxglassets/ui/fonts/Courier-Prime.ttf
14:09:31.557 [JavaFX Application Thread] DEBUG GameApplicationServi - Removing overlay from FXGLStartupScene and adding to FXGLMainMenuDummyScene
14:09:31.558 [JavaFX Application Thread] DEBUG PrimaryStageWindow   - FXGLStartupScene -> FXGLMainMenuDummyScene
14:09:31.558 [JavaFX Application Thread] DEBUG PrimaryStageWindow   - Push state: MenuGame
14:09:31.560 [JavaFX Application Thread] DEBUG Input                - Clearing active input actions
14:09:31.564 [JavaFX Application Thread] DEBUG GameApplicationServi - Removing overlay from FXGLMainMenuDummyScene and adding to MenuGame
14:09:31.564 [JavaFX Application Thread] DEBUG PrimaryStageWindow   - FXGLMainMenuDummyScene -> MenuGame
14:09:31.579 [JavaFX Application Thread] DEBUG FXGLApplication      - Registering font factories with UI factory
14:09:32.353 [FXGL Background Thread 2 ] INFO  UpdaterService       - Your current version:  17.1
14:09:32.354 [FXGL Background Thread 2 ] INFO  UpdaterService       - Latest stable version: 17.2
14:09:33.639 [JavaFX Application Thread] DEBUG Menu                 - fireNewGame()
14:09:33.640 [JavaFX Application Thread] DEBUG GameApplicationServi - Starting new game
14:09:33.640 [JavaFX Application Thread] DEBUG PrimaryStageWindow   - Pop state: MenuGame
14:09:33.640 [JavaFX Application Thread] DEBUG Input                - Clearing active input actions
14:09:33.642 [JavaFX Application Thread] DEBUG GameApplicationServi - Removing overlay from MenuGame and adding to FXGLMainMenuDummyScene
14:09:33.643 [JavaFX Application Thread] DEBUG PrimaryStageWindow   - FXGLMainMenuDummyScene <- MenuGame
14:09:33.644 [JavaFX Application Thread] DEBUG Input                - Clearing active input actions
14:09:33.666 [JavaFX Application Thread] DEBUG GameApplicationServi - Removing overlay from FXGLMainMenuDummyScene and adding to FXGLLoadingScene
14:09:33.668 [JavaFX Application Thread] DEBUG PrimaryStageWindow   - FXGLMainMenuDummyScene -> FXGLLoadingScene
14:09:33.668 [JavaFX Application Thread] DEBUG GameApplicationServi - Clearing previous game
14:09:33.668 [JavaFX Application Thread] DEBUG GameScene            - Clearing game scene
14:09:33.669 [JavaFX Application Thread] DEBUG GameWorld            - Clearing game world
14:09:33.671 [JavaFX Application Thread] DEBUG PhysicsWorld         - Clearing physics world
14:09:33.676 [FXGL Background Thread 2 ] DEBUG FXGLApplication      - Initializing game
14:09:33.785 [FXGL Background Thread 2 ] DEBUG FXGLAssetLoaderServi - Loading from file system: file:/D:/JavaFlappyBird/target/classes/com/javaflappybird/sound/jump.wav
14:09:33.850 [FXGL Background Thread 2 ] DEBUG FXGLAssetLoaderServi - Loading from file system: file:/D:/JavaFlappyBird/target/classes/com/javaflappybird/sound/congdiem.wav
14:09:33.889 [FXGL Background Thread 2 ] DEBUG FXGLAssetLoaderServi - Loading from file system: file:/D:/JavaFlappyBird/target/classes/com/javaflappybird/sound/die.wav
14:09:33.896 [FXGL Background Thread 2 ] DEBUG FXGLAssetLoaderServi - Loading from file system: file:/D:/JavaFlappyBird/target/classes/com/javaflappybird/sound/collide.wav
14:09:33.908 [FXGL Background Thread 2 ] INFO  FXGLApplication      - Game initialization took: 0.232 sec
14:09:33.911 [JavaFX Application Thread] DEBUG Input                - Clearing active input actions
14:09:33.925 [JavaFX Application Thread] DEBUG GameApplicationServi - Removing overlay from FXGLLoadingScene and adding to GameScene
14:09:33.925 [JavaFX Application Thread] DEBUG PrimaryStageWindow   - FXGLLoadingScene -> GameScene
14:09:34.450 [FXGL Background Thread 3 ] DEBUG Engine               - Logging environment variables
14:09:34.452 [FXGL Background Thread 3 ] DEBUG Engine               - achievements: []
14:09:34.452 [FXGL Background Thread 3 ] DEBUG Engine               - actualHeight: 700.0
14:09:34.452 [FXGL Background Thread 3 ] DEBUG Engine               - actualHeightProperty: ReadOnlyDoubleProperty [value: 700.0]
14:09:34.452 [FXGL Background Thread 3 ] DEBUG Engine               - actualWidth: 500.0
14:09:34.452 [FXGL Background Thread 3 ] DEBUG Engine               - actualWidthProperty: ReadOnlyDoubleProperty [value: 500.0]
14:09:34.452 [FXGL Background Thread 3 ] DEBUG Engine               - appIcon: fxgl_icon.png
14:09:34.453 [FXGL Background Thread 3 ] DEBUG Engine               - applicationMode: DEVELOPER
14:09:34.453 [FXGL Background Thread 3 ] DEBUG Engine               - cSSList: [fxgl_dark.css]
14:09:34.453 [FXGL Background Thread 3 ] DEBUG Engine               - collisionDetectionStrategy: BRUTE_FORCE
14:09:34.453 [FXGL Background Thread 3 ] DEBUG Engine               - configClass: Optional.empty
14:09:34.453 [FXGL Background Thread 3 ] DEBUG Engine               - credits: []
14:09:34.456 [FXGL Background Thread 3 ] DEBUG Engine               - defaultCursor: CursorInfo(imageName=fxgl_default_cursor.png, hotspotX=7.0, hotspotY=6.0)
14:09:34.456 [FXGL Background Thread 3 ] DEBUG Engine               - devBBoxColorProperty: ObjectProperty [value: 0xff0000ff]
14:09:34.457 [FXGL Background Thread 3 ] DEBUG Engine               - devEnableDebugCameraProperty: BooleanProperty [value: false]
14:09:34.457 [FXGL Background Thread 3 ] DEBUG Engine               - devSensorColorProperty: ObjectProperty [value: 0xffff00ff]
14:09:34.457 [FXGL Background Thread 3 ] DEBUG Engine               - devShowBBoxProperty: BooleanProperty [value: false]
14:09:34.457 [FXGL Background Thread 3 ] DEBUG Engine               - devShowPositionProperty: BooleanProperty [value: false]
14:09:34.457 [FXGL Background Thread 3 ] DEBUG Engine               - enabledMenuItems: []
14:09:34.457 [FXGL Background Thread 3 ] DEBUG Engine               - engineServices: [class com.almasb.fxgl.app.services.FXGLAssetLoaderService, class com.almasb.fxgl.app.FXGLApplication$GameApplicationService, class com.almasb.fxgl.app.services.FXGLDialogService, class com.almasb.fxgl.app.services.IOTaskExecutorService, class com.almasb.fxgl.io.FileSystemService, class com.almasb.fxgl.localization.LocalizationService, class com.almasb.fxgl.app.services.SystemBundleService, class com.almasb.fxgl.profile.SaveLoadService, class com.almasb.fxgl.ui.FXGLUIFactoryServiceProvider, class com.almasb.fxgl.ui.FXGLDialogFactoryServiceProvider, class com.almasb.fxgl.audio.AudioPlayer, class com.almasb.fxgl.notification.impl.NotificationServiceProvider, class com.almasb.fxgl.achievement.AchievementService, class com.almasb.fxgl.cutscene.CutsceneService, class com.almasb.fxgl.minigames.MiniGameService, class com.almasb.fxgl.net.NetService, class com.almasb.fxgl.app.services.UpdaterService, class com.almasb.fxgl.dev.DevService]
14:09:34.458 [FXGL Background Thread 3 ] DEBUG Engine               - fontGame: Abel-Regular.ttf
14:09:34.458 [FXGL Background Thread 3 ] DEBUG Engine               - fontMono: TerminalLandMono-Regular.otf
14:09:34.458 [FXGL Background Thread 3 ] DEBUG Engine               - fontText: Courier-Prime.ttf
14:09:34.458 [FXGL Background Thread 3 ] DEBUG Engine               - fontUI: VarelaRound-Regular.ttf
14:09:34.458 [FXGL Background Thread 3 ] DEBUG Engine               - fullScreen: BooleanProperty [value: false]
14:09:34.458 [FXGL Background Thread 3 ] DEBUG Engine               - gameDifficulty: MEDIUM
14:09:34.458 [FXGL Background Thread 3 ] DEBUG Engine               - gameDifficultyProperty: ObjectProperty [value: MEDIUM]
14:09:34.459 [FXGL Background Thread 3 ] DEBUG Engine               - globalMusicVolume: 0.5
14:09:34.459 [FXGL Background Thread 3 ] DEBUG Engine               - globalMusicVolumeProperty: DoubleProperty [value: 0.5]
14:09:34.459 [FXGL Background Thread 3 ] DEBUG Engine               - globalSoundVolume: 0.5
14:09:34.459 [FXGL Background Thread 3 ] DEBUG Engine               - globalSoundVolumeProperty: DoubleProperty [value: 0.5]
14:09:34.459 [FXGL Background Thread 3 ] DEBUG Engine               - height: 700
14:09:34.459 [FXGL Background Thread 3 ] DEBUG Engine               - is3D: false
14:09:34.459 [FXGL Background Thread 3 ] DEBUG Engine               - isAndroid: false
14:09:34.459 [FXGL Background Thread 3 ] DEBUG Engine               - isBrowser: false
14:09:34.460 [FXGL Background Thread 3 ] DEBUG Engine               - isClickFeedbackEnabled: false
14:09:34.460 [FXGL Background Thread 3 ] DEBUG Engine               - isCloseConfirmation: false
14:09:34.460 [FXGL Background Thread 3 ] DEBUG Engine               - isDesktop: true
14:09:34.460 [FXGL Background Thread 3 ] DEBUG Engine               - isDeveloperMenuEnabled: false
14:09:34.460 [FXGL Background Thread 3 ] DEBUG Engine               - isEmbedded: false
14:09:34.460 [FXGL Background Thread 3 ] DEBUG Engine               - isEntityPreloadEnabled: true
14:09:34.461 [FXGL Background Thread 3 ] DEBUG Engine               - isExperimentalTiledLargeMap: false
14:09:34.461 [FXGL Background Thread 3 ] DEBUG Engine               - isFileSystemWriteAllowed: true
14:09:34.461 [FXGL Background Thread 3 ] DEBUG Engine               - isFullScreenAllowed: false
14:09:34.461 [FXGL Background Thread 3 ] DEBUG Engine               - isFullScreenFromStart: false
14:09:34.461 [FXGL Background Thread 3 ] DEBUG Engine               - isGameMenuEnabled: true
14:09:34.461 [FXGL Background Thread 3 ] DEBUG Engine               - isIOS: false
14:09:34.462 [FXGL Background Thread 3 ] DEBUG Engine               - isIntroEnabled: false
14:09:34.462 [FXGL Background Thread 3 ] DEBUG Engine               - isLinux: false
14:09:34.462 [FXGL Background Thread 3 ] DEBUG Engine               - isMac: false
14:09:34.462 [FXGL Background Thread 3 ] DEBUG Engine               - isMainMenuEnabled: true
14:09:34.462 [FXGL Background Thread 3 ] DEBUG Engine               - isManualResizeEnabled: false
14:09:34.462 [FXGL Background Thread 3 ] DEBUG Engine               - isMobile: false
14:09:34.462 [FXGL Background Thread 3 ] DEBUG Engine               - isNative: false
14:09:34.462 [FXGL Background Thread 3 ] DEBUG Engine               - isPauseMusicWhenMinimized: true
14:09:34.462 [FXGL Background Thread 3 ] DEBUG Engine               - isPreserveResizeRatio: false
14:09:34.462 [FXGL Background Thread 3 ] DEBUG Engine               - isProfilingEnabled: false
14:09:34.462 [FXGL Background Thread 3 ] DEBUG Engine               - isScaleAffectedOnResize: true
14:09:34.463 [FXGL Background Thread 3 ] DEBUG Engine               - isSingleStep: false
14:09:34.463 [FXGL Background Thread 3 ] DEBUG Engine               - isUserProfileEnabled: false
14:09:34.463 [FXGL Background Thread 3 ] DEBUG Engine               - isWindows: true
14:09:34.463 [FXGL Background Thread 3 ] DEBUG Engine               - language: ObjectProperty [value: ENGLISH]
14:09:34.463 [FXGL Background Thread 3 ] DEBUG Engine               - menuKey: ESCAPE
14:09:34.463 [FXGL Background Thread 3 ] DEBUG Engine               - mouseSensitivity: 0.2
14:09:34.463 [FXGL Background Thread 3 ] DEBUG Engine               - notificationViewClass: class com.almasb.fxgl.notification.view.XboxNotificationView
14:09:34.463 [FXGL Background Thread 3 ] DEBUG Engine               - pixelsPerMeter: 50.0
14:09:34.463 [FXGL Background Thread 3 ] DEBUG Engine               - platform: WINDOWS
14:09:34.464 [FXGL Background Thread 3 ] DEBUG Engine               - prefHeightProperty: ReadOnlyDoubleProperty [value: 700.0]
14:09:34.464 [FXGL Background Thread 3 ] DEBUG Engine               - prefWidthProperty: ReadOnlyDoubleProperty [value: 500.0]
14:09:34.464 [FXGL Background Thread 3 ] DEBUG Engine               - profileDir: profiles/
14:09:34.464 [FXGL Background Thread 3 ] DEBUG Engine               - profileName: StringProperty [value: DEFAULT]
14:09:34.464 [FXGL Background Thread 3 ] DEBUG Engine               - randomSeed: -1
14:09:34.465 [FXGL Background Thread 3 ] DEBUG Engine               - runtimeInfo: RuntimeInfo(platform=WINDOWS, version=17.1, build=24.03.2022 17.34)
14:09:34.465 [FXGL Background Thread 3 ] DEBUG Engine               - saveFileExt: sav
14:09:34.465 [FXGL Background Thread 3 ] DEBUG Engine               - scaledHeightProp$fxgl: DoubleProperty [bound, value: 700.0]
14:09:34.465 [FXGL Background Thread 3 ] DEBUG Engine               - scaledWidthProp$fxgl: DoubleProperty [bound, value: 500.0]
14:09:34.466 [FXGL Background Thread 3 ] DEBUG Engine               - sceneFactory: com.javaflappybird.App$1@698f4f09
14:09:34.466 [FXGL Background Thread 3 ] DEBUG Engine               - secondsIn24h: 60
14:09:34.466 [FXGL Background Thread 3 ] DEBUG Engine               - soundMenuBack: menu/back.wav
14:09:34.466 [FXGL Background Thread 3 ] DEBUG Engine               - soundMenuPress: menu/press.wav
14:09:34.466 [FXGL Background Thread 3 ] DEBUG Engine               - soundMenuSelect: menu/select.wav
14:09:34.466 [FXGL Background Thread 3 ] DEBUG Engine               - soundNotification: core/notification.wav
14:09:34.466 [FXGL Background Thread 3 ] DEBUG Engine               - stageStyle: DECORATED
14:09:34.466 [FXGL Background Thread 3 ] DEBUG Engine               - supportedLanguages: [ENGLISH, FRENCH, GERMAN, HUNGARIAN, RUSSIAN]
14:09:34.466 [FXGL Background Thread 3 ] DEBUG Engine               - ticksPerSecond: -1
14:09:34.466 [FXGL Background Thread 3 ] DEBUG Engine               - title: Java Flappy Bird
14:09:34.466 [FXGL Background Thread 3 ] DEBUG Engine               - urlGithub: https://github.com/AlmasB/FXGL
14:09:34.466 [FXGL Background Thread 3 ] DEBUG Engine               - urlLeaderboard: http://fxgl-top.herokuapp.com/
14:09:34.466 [FXGL Background Thread 3 ] DEBUG Engine               - urlPOM: https://raw.githubusercontent.com/AlmasB/FXGL/release/README.md
14:09:34.466 [FXGL Background Thread 3 ] DEBUG Engine               - userAppClass: class com.javaflappybird.App
14:09:34.467 [FXGL Background Thread 3 ] DEBUG Engine               - version: 1.0
14:09:34.467 [FXGL Background Thread 3 ] DEBUG Engine               - versionCheckDays: 7
14:09:34.467 [FXGL Background Thread 3 ] DEBUG Engine               - width: 500
14:09:34.467 [FXGL Background Thread 3 ] DEBUG Engine               - Logging services
14:09:34.467 [FXGL Background Thread 3 ] DEBUG Engine               - class com.almasb.fxgl.app.services.FXGLAssetLoaderService
14:09:34.467 [FXGL Background Thread 3 ] DEBUG Engine               - class com.almasb.fxgl.app.FXGLApplication$GameApplicationService
14:09:34.467 [FXGL Background Thread 3 ] DEBUG Engine               - class com.almasb.fxgl.app.services.FXGLDialogService
14:09:34.467 [FXGL Background Thread 3 ] DEBUG Engine               - class com.almasb.fxgl.app.services.IOTaskExecutorService
14:09:34.467 [FXGL Background Thread 3 ] DEBUG Engine               - class com.almasb.fxgl.io.FileSystemService
14:09:34.467 [FXGL Background Thread 3 ] DEBUG Engine               - class com.almasb.fxgl.localization.LocalizationService
14:09:34.467 [FXGL Background Thread 3 ] DEBUG Engine               - class com.almasb.fxgl.app.services.SystemBundleService
14:09:34.467 [FXGL Background Thread 3 ] DEBUG Engine               - class com.almasb.fxgl.profile.SaveLoadService
14:09:34.467 [FXGL Background Thread 3 ] DEBUG Engine               - class com.almasb.fxgl.ui.FXGLUIFactoryServiceProvider
14:09:34.467 [FXGL Background Thread 3 ] DEBUG Engine               - class com.almasb.fxgl.ui.FXGLDialogFactoryServiceProvider
14:09:34.467 [FXGL Background Thread 3 ] DEBUG Engine               - class com.almasb.fxgl.audio.AudioPlayer
14:09:34.467 [FXGL Background Thread 3 ] DEBUG Engine               - class com.almasb.fxgl.notification.impl.NotificationServiceProvider
14:09:34.468 [FXGL Background Thread 3 ] DEBUG Engine               - class com.almasb.fxgl.achievement.AchievementService
14:09:34.468 [FXGL Background Thread 3 ] DEBUG Engine               - class com.almasb.fxgl.cutscene.CutsceneService
14:09:34.468 [FXGL Background Thread 3 ] DEBUG Engine               - class com.almasb.fxgl.minigames.MiniGameService
14:09:34.468 [FXGL Background Thread 3 ] DEBUG Engine               - class com.almasb.fxgl.net.NetService
14:09:34.468 [FXGL Background Thread 3 ] DEBUG Engine               - class com.almasb.fxgl.app.services.UpdaterService
14:09:34.468 [FXGL Background Thread 3 ] DEBUG Engine               - class com.almasb.fxgl.dev.DevService
14:09:55.195 [JavaFX Application Thread] DEBUG PrimaryStageWindow   - Push state: FinishMenu
14:09:55.198 [JavaFX Application Thread] DEBUG Input                - Clearing active input actions
14:09:55.199 [JavaFX Application Thread] DEBUG GameApplicationServi - Removing overlay from GameScene and adding to FinishMenu
14:09:55.200 [JavaFX Application Thread] DEBUG PrimaryStageWindow   - GameScene -> FinishMenu
14:10:10.876 [JavaFX Application Thread] DEBUG Menu                 - fireNewGame()
14:10:10.877 [JavaFX Application Thread] DEBUG GameApplicationServi - Starting new game
14:10:10.877 [JavaFX Application Thread] DEBUG PrimaryStageWindow   - Pop state: FinishMenu
14:10:10.877 [JavaFX Application Thread] DEBUG Input                - Clearing active input actions
14:10:10.878 [JavaFX Application Thread] DEBUG GameApplicationServi - Removing overlay from FinishMenu and adding to GameScene
14:10:10.878 [JavaFX Application Thread] DEBUG PrimaryStageWindow   - GameScene <- FinishMenu
14:10:10.878 [JavaFX Application Thread] DEBUG Input                - Clearing active input actions
14:10:10.893 [JavaFX Application Thread] DEBUG GameApplicationServi - Removing overlay from GameScene and adding to FXGLLoadingScene
14:10:10.894 [JavaFX Application Thread] DEBUG PrimaryStageWindow   - GameScene -> FXGLLoadingScene
14:10:10.894 [JavaFX Application Thread] DEBUG GameApplicationServi - Clearing previous game
14:10:10.894 [JavaFX Application Thread] DEBUG GameScene            - Clearing game scene
14:10:10.894 [JavaFX Application Thread] DEBUG GameWorld            - Clearing game world
14:10:10.897 [JavaFX Application Thread] DEBUG PhysicsWorld         - Clearing physics world
14:10:10.899 [FXGL Background Thread 2 ] DEBUG FXGLApplication      - Initializing game
14:10:11.027 [FXGL Background Thread 2 ] INFO  FXGLApplication      - Game initialization took: 0.127 sec
14:10:11.027 [JavaFX Application Thread] DEBUG Input                - Clearing active input actions
14:10:11.035 [JavaFX Application Thread] DEBUG GameApplicationServi - Removing overlay from FXGLLoadingScene and adding to GameScene
14:10:11.036 [JavaFX Application Thread] DEBUG PrimaryStageWindow   - FXGLLoadingScene -> GameScene
14:10:24.484 [JavaFX Application Thread] DEBUG PrimaryStageWindow   - Push state: FinishMenu
14:10:24.486 [JavaFX Application Thread] DEBUG Input                - Clearing active input actions
14:10:24.487 [JavaFX Application Thread] DEBUG GameApplicationServi - Removing overlay from GameScene and adding to FinishMenu
14:10:24.487 [JavaFX Application Thread] DEBUG PrimaryStageWindow   - GameScene -> FinishMenu
14:10:33.804 [JavaFX Application Thread] DEBUG Menu                 - fireNewGame()
14:10:33.804 [JavaFX Application Thread] DEBUG GameApplicationServi - Starting new game
14:10:33.804 [JavaFX Application Thread] DEBUG PrimaryStageWindow   - Pop state: FinishMenu
14:10:33.804 [JavaFX Application Thread] DEBUG Input                - Clearing active input actions
14:10:33.805 [JavaFX Application Thread] DEBUG GameApplicationServi - Removing overlay from FinishMenu and adding to GameScene
14:10:33.805 [JavaFX Application Thread] DEBUG PrimaryStageWindow   - GameScene <- FinishMenu
14:10:33.805 [JavaFX Application Thread] DEBUG Input                - Clearing active input actions
14:10:33.814 [JavaFX Application Thread] DEBUG GameApplicationServi - Removing overlay from GameScene and adding to FXGLLoadingScene
14:10:33.814 [JavaFX Application Thread] DEBUG PrimaryStageWindow   - GameScene -> FXGLLoadingScene
14:10:33.814 [JavaFX Application Thread] DEBUG GameApplicationServi - Clearing previous game
14:10:33.814 [JavaFX Application Thread] DEBUG GameScene            - Clearing game scene
14:10:33.815 [JavaFX Application Thread] DEBUG GameWorld            - Clearing game world
14:10:33.816 [JavaFX Application Thread] DEBUG PhysicsWorld         - Clearing physics world
14:10:33.817 [FXGL Background Thread 2 ] DEBUG FXGLApplication      - Initializing game
14:10:33.956 [FXGL Background Thread 2 ] INFO  FXGLApplication      - Game initialization took: 0.139 sec
14:10:33.960 [JavaFX Application Thread] DEBUG Input                - Clearing active input actions
14:10:33.967 [JavaFX Application Thread] DEBUG GameApplicationServi - Removing overlay from FXGLLoadingScene and adding to GameScene
14:10:33.967 [JavaFX Application Thread] DEBUG PrimaryStageWindow   - FXGLLoadingScene -> GameScene
14:10:47.824 [JavaFX Application Thread] DEBUG PrimaryStageWindow   - Push state: FinishMenu
14:10:47.826 [JavaFX Application Thread] DEBUG Input                - Clearing active input actions
14:10:47.826 [JavaFX Application Thread] DEBUG GameApplicationServi - Removing overlay from GameScene and adding to FinishMenu
14:10:47.827 [JavaFX Application Thread] DEBUG PrimaryStageWindow   - GameScene -> FinishMenu
14:10:53.516 [JavaFX Application Thread] DEBUG Menu                 - fireNewGame()
14:10:53.517 [JavaFX Application Thread] DEBUG GameApplicationServi - Starting new game
14:10:53.517 [JavaFX Application Thread] DEBUG PrimaryStageWindow   - Pop state: FinishMenu
14:10:53.517 [JavaFX Application Thread] DEBUG Input                - Clearing active input actions
14:10:53.518 [JavaFX Application Thread] DEBUG GameApplicationServi - Removing overlay from FinishMenu and adding to GameScene
14:10:53.518 [JavaFX Application Thread] DEBUG PrimaryStageWindow   - GameScene <- FinishMenu
14:10:53.519 [JavaFX Application Thread] DEBUG Input                - Clearing active input actions
14:10:53.528 [JavaFX Application Thread] DEBUG GameApplicationServi - Removing overlay from GameScene and adding to FXGLLoadingScene
14:10:53.529 [JavaFX Application Thread] DEBUG PrimaryStageWindow   - GameScene -> FXGLLoadingScene
14:10:53.529 [JavaFX Application Thread] DEBUG GameApplicationServi - Clearing previous game
14:10:53.529 [JavaFX Application Thread] DEBUG GameScene            - Clearing game scene
14:10:53.529 [JavaFX Application Thread] DEBUG GameWorld            - Clearing game world
14:10:53.530 [JavaFX Application Thread] DEBUG PhysicsWorld         - Clearing physics world
14:10:53.531 [FXGL Background Thread 2 ] DEBUG FXGLApplication      - Initializing game
14:10:53.683 [FXGL Background Thread 2 ] INFO  FXGLApplication      - Game initialization took: 0.150 sec
14:10:53.689 [JavaFX Application Thread] DEBUG Input                - Clearing active input actions
14:10:53.694 [JavaFX Application Thread] DEBUG GameApplicationServi - Removing overlay from FXGLLoadingScene and adding to GameScene
14:10:53.695 [JavaFX Application Thread] DEBUG PrimaryStageWindow   - FXGLLoadingScene -> GameScene
14:10:57.300 [JavaFX Application Thread] DEBUG PrimaryStageWindow   - Push state: FinishMenu
14:10:57.302 [JavaFX Application Thread] DEBUG Input                - Clearing active input actions
14:10:57.302 [JavaFX Application Thread] DEBUG GameApplicationServi - Removing overlay from GameScene and adding to FinishMenu
14:10:57.303 [JavaFX Application Thread] DEBUG PrimaryStageWindow   - GameScene -> FinishMenu
14:10:58.795 [JavaFX Application Thread] DEBUG Menu                 - fireNewGame()
14:10:58.795 [JavaFX Application Thread] DEBUG GameApplicationServi - Starting new game
14:10:58.796 [JavaFX Application Thread] DEBUG PrimaryStageWindow   - Pop state: FinishMenu
14:10:58.796 [JavaFX Application Thread] DEBUG Input                - Clearing active input actions
14:10:58.796 [JavaFX Application Thread] DEBUG GameApplicationServi - Removing overlay from FinishMenu and adding to GameScene
14:10:58.797 [JavaFX Application Thread] DEBUG PrimaryStageWindow   - GameScene <- FinishMenu
14:10:58.797 [JavaFX Application Thread] DEBUG Input                - Clearing active input actions
14:10:58.805 [JavaFX Application Thread] DEBUG GameApplicationServi - Removing overlay from GameScene and adding to FXGLLoadingScene
14:10:58.805 [JavaFX Application Thread] DEBUG PrimaryStageWindow   - GameScene -> FXGLLoadingScene
14:10:58.805 [JavaFX Application Thread] DEBUG GameApplicationServi - Clearing previous game
14:10:58.806 [JavaFX Application Thread] DEBUG GameScene            - Clearing game scene
14:10:58.806 [JavaFX Application Thread] DEBUG GameWorld            - Clearing game world
14:10:58.808 [JavaFX Application Thread] DEBUG PhysicsWorld         - Clearing physics world
14:10:58.809 [FXGL Background Thread 2 ] DEBUG FXGLApplication      - Initializing game
14:10:58.948 [FXGL Background Thread 2 ] INFO  FXGLApplication      - Game initialization took: 0.139 sec
14:10:58.950 [JavaFX Application Thread] DEBUG Input                - Clearing active input actions
14:10:58.955 [JavaFX Application Thread] DEBUG GameApplicationServi - Removing overlay from FXGLLoadingScene and adding to GameScene
14:10:58.955 [JavaFX Application Thread] DEBUG PrimaryStageWindow   - FXGLLoadingScene -> GameScene
14:11:23.163 [JavaFX Application Thread] DEBUG PrimaryStageWindow   - Push state: FinishMenu
14:11:23.167 [JavaFX Application Thread] DEBUG Input                - Clearing active input actions
14:11:23.168 [JavaFX Application Thread] DEBUG GameApplicationServi - Removing overlay from GameScene and adding to FinishMenu
14:11:23.169 [JavaFX Application Thread] DEBUG PrimaryStageWindow   - GameScene -> FinishMenu
14:11:24.705 [JavaFX Application Thread] DEBUG Menu                 - fireNewGame()
14:11:24.705 [JavaFX Application Thread] DEBUG GameApplicationServi - Starting new game
14:11:24.705 [JavaFX Application Thread] DEBUG PrimaryStageWindow   - Pop state: FinishMenu
14:11:24.705 [JavaFX Application Thread] DEBUG Input                - Clearing active input actions
14:11:24.705 [JavaFX Application Thread] DEBUG GameApplicationServi - Removing overlay from FinishMenu and adding to GameScene
14:11:24.706 [JavaFX Application Thread] DEBUG PrimaryStageWindow   - GameScene <- FinishMenu
14:11:24.706 [JavaFX Application Thread] DEBUG Input                - Clearing active input actions
14:11:24.711 [JavaFX Application Thread] DEBUG GameApplicationServi - Removing overlay from GameScene and adding to FXGLLoadingScene
14:11:24.711 [JavaFX Application Thread] DEBUG PrimaryStageWindow   - GameScene -> FXGLLoadingScene
14:11:24.711 [JavaFX Application Thread] DEBUG GameApplicationServi - Clearing previous game
14:11:24.711 [JavaFX Application Thread] DEBUG GameScene            - Clearing game scene
14:11:24.711 [JavaFX Application Thread] DEBUG GameWorld            - Clearing game world
14:11:24.712 [JavaFX Application Thread] DEBUG PhysicsWorld         - Clearing physics world
14:11:24.713 [FXGL Background Thread 2 ] DEBUG FXGLApplication      - Initializing game
14:11:24.818 [FXGL Background Thread 2 ] INFO  FXGLApplication      - Game initialization took: 0.105 sec
14:11:24.819 [JavaFX Application Thread] DEBUG Input                - Clearing active input actions
14:11:24.825 [JavaFX Application Thread] DEBUG GameApplicationServi - Removing overlay from FXGLLoadingScene and adding to GameScene
14:11:24.825 [JavaFX Application Thread] DEBUG PrimaryStageWindow   - FXGLLoadingScene -> GameScene
14:11:35.198 [JavaFX Application Thread] DEBUG PrimaryStageWindow   - Push state: FinishMenu
14:11:35.200 [JavaFX Application Thread] DEBUG Input                - Clearing active input actions
14:11:35.200 [JavaFX Application Thread] DEBUG GameApplicationServi - Removing overlay from GameScene and adding to FinishMenu
14:11:35.201 [JavaFX Application Thread] DEBUG PrimaryStageWindow   - GameScene -> FinishMenu
14:11:36.876 [JavaFX Application Thread] DEBUG FXGLApplication      - Exiting FXGL
14:11:36.876 [JavaFX Application Thread] DEBUG LoopRunner           - Stopping loop
14:11:36.876 [JavaFX Application Thread] DEBUG SystemBundleService  - Saving FXGL system data
14:11:36.880 [JavaFX Application Thread] DEBUG FileSystemAccess     - Writing to: D:\JavaFlappyBird\system\fxgl.bundle
14:11:36.885 [JavaFX Application Thread] DEBUG Async                - Shutting down background threads
14:11:36.885 [JavaFX Application Thread] DEBUG PrimaryStageWindow   - Closing main window
14:11:36.912 [JavaFX Application Thread] DEBUG Logger               - Closing Logger
