13:53:32.706 [main                     ] DEBUG Logger               - Configured Logger
13:53:32.746 [main                     ] DEBUG GameApplication      - Logging settings
Title: Java Flappy Bird
Version: 1.0
Width: 500
Height: 700
Fullscreen: false
Intro: false
Profiling: false
Single step:false
App Mode: DEVELOPER
Menu Key: ESCAPE
Stage Style: DECORATED
Scene Factory: class com.javaflappybird.App$1

13:53:33.280 [JavaFX Application Thread] DEBUG FXGLApplication      - Initializing FXGL
13:53:33.288 [JavaFX Application Thread] INFO  Engine               - FXGL-17.1 (24.03.2022 17.34) on WINDOWS (J:18.0.2.1 FX:18.0.1)
13:53:33.288 [JavaFX Application Thread] DEBUG Engine               - JRE Vendor Name: Oracle Corporation
13:53:33.289 [JavaFX Application Thread] DEBUG Engine               - Running on OS: Windows 10 version 10.0
13:53:33.289 [JavaFX Application Thread] DEBUG Engine               - Architecture: amd64
13:53:33.289 [JavaFX Application Thread] INFO  Engine               - Source code and latest versions at: https://github.com/AlmasB/FXGL
13:53:33.289 [JavaFX Application Thread] INFO  Engine               -       Ask questions and discuss at: https://github.com/AlmasB/FXGL/discussions
13:53:33.290 [JavaFX Application Thread] INFO  Engine               -              Join the FXGL chat at: https://gitter.im/AlmasB/FXGL
13:53:33.437 [JavaFX Application Thread] DEBUG PrimaryStageWindow   - Creating a JavaFX scene
13:53:33.510 [JavaFX Application Thread] DEBUG PrimaryStageWindow   - Target settings size: 500.0 x 700.0
13:53:33.511 [JavaFX Application Thread] DEBUG PrimaryStageWindow   - Scaled scene size:    500.0 x 700.0
13:53:33.511 [JavaFX Application Thread] DEBUG PrimaryStageWindow   - Scaled ratio: (1.0, 1.0)
13:53:33.512 [JavaFX Application Thread] DEBUG PrimaryStageWindow   - Set initial scene to FXGLStartupScene
13:53:33.525 [JavaFX Application Thread] DEBUG PrimaryStageWindow   - Opening main window
13:53:33.640 [JavaFX Application Thread] DEBUG PrimaryStageWindow   - Window border size: (14.4000244140625, 37.5999755859375)
13:53:33.641 [JavaFX Application Thread] DEBUG PrimaryStageWindow   - Scaled size: 500.0 x 700.0
13:53:33.642 [JavaFX Application Thread] DEBUG PrimaryStageWindow   - Scaled ratio: (1.0, 1.0)
13:53:33.642 [JavaFX Application Thread] DEBUG PrimaryStageWindow   - Scene size: 500.0 x 700.0
13:53:33.643 [JavaFX Application Thread] DEBUG PrimaryStageWindow   - Stage size: 514.4000244140625 x 737.5999755859375
13:53:33.653 [FXGL Background Thread 1 ] DEBUG Engine               - Initializing environment variables
13:53:33.738 [FXGL Background Thread 1 ] DEBUG FXGLAssetLoaderServi - User app class for loading assets: class com.javaflappybird.App
13:53:33.739 [FXGL Background Thread 1 ] DEBUG GameApplicationServi - Applying CSS: fxgl_dark.css
13:53:33.740 [FXGL Background Thread 1 ] DEBUG FXGLAssetLoaderServi - Loading from file system: jar:file:///C:/Users/hdngu/.m2/repository/com/github/almasb/fxgl/17.1/fxgl-17.1.jar!/fxglassets/ui/css/fxgl_dark.css
13:53:33.803 [FXGL Background Thread 1 ] DEBUG GameApplicationServi - Initializing application scenes
13:53:33.875 [FXGL Background Thread 1 ] DEBUG GameWorld            - Game world initialized
13:53:33.953 [FXGL Background Thread 1 ] DEBUG PhysicsWorld         - Physics world initialized: appHeight=700, physics.ppm=50.0
13:53:33.953 [FXGL Background Thread 1 ] DEBUG PhysicsWorld         - Using strategy: BRUTE_FORCE
13:53:33.966 [FXGL Background Thread 1 ] DEBUG GameScene            - Game scene initialized: 500x700
13:53:34.097 [FXGL Background Thread 1 ] DEBUG FXGLAssetLoaderServi - Loading from file system: file:/D:/JavaFlappyBird/target/classes/com/javaflappybird/sound/base.mp3
13:53:34.321 [FXGL Background Thread 1 ] DEBUG AudioPlayer          - Playing music com.almasb.fxgl.audio.Music@630b8419
13:53:34.467 [FXGL Background Thread 1 ] DEBUG GameApplicationServi - Application scenes initialized
13:53:34.496 [FXGL Background Thread 1 ] DEBUG SystemBundleService  - Loading FXGL system data
13:53:34.505 [FXGL Background Thread 1 ] DEBUG FileSystemAccess     - Reading from: D:\JavaFlappyBird\system\fxgl.bundle
13:53:34.523 [FXGL Background Thread 1 ] DEBUG SystemBundleService  - Bundle FXGL: {}
13:53:34.523 [FXGL Background Thread 1 ] DEBUG UpdaterService       - Checking for updates
13:53:34.532 [FXGL Background Thread 4 ] DEBUG FXGLApplication      - Loading fonts
13:53:34.533 [FXGL Background Thread 1 ] DEBUG FXGLApplication      - Loading default localization
13:53:34.533 [FXGL Background Thread 4 ] DEBUG FXGLAssetLoaderServi - Loading from file system: jar:file:///C:/Users/hdngu/.m2/repository/com/github/almasb/fxgl/17.1/fxgl-17.1.jar!/fxglassets/ui/fonts/VarelaRound-Regular.ttf
13:53:34.534 [FXGL Background Thread 1 ] DEBUG FXGLAssetLoaderServi - Loading from file system: jar:file:///C:/Users/hdngu/.m2/repository/com/github/almasb/fxgl/17.1/fxgl-17.1.jar!/fxglassets/languages/english.lang
13:53:34.560 [FXGL Background Thread 1 ] INFO  FXGLApplication      - FXGL initialization took: 0.907 sec
13:53:34.574 [JavaFX Application Thread] DEBUG Input                - Registered new binding: action0 - Space
13:53:34.577 [JavaFX Application Thread] DEBUG Input                - Registered new binding: action1 - LMB
13:53:34.578 [JavaFX Application Thread] DEBUG FXGLAssetLoaderServi - Loading from file system: jar:file:///C:/Users/hdngu/.m2/repository/com/github/almasb/fxgl/17.1/fxgl-17.1.jar!/fxglassets/textures/fxgl_icon.png
13:53:34.597 [JavaFX Application Thread] DEBUG FXGLAssetLoaderServi - Loading from file system: jar:file:///C:/Users/hdngu/.m2/repository/com/github/almasb/fxgl/17.1/fxgl-17.1.jar!/fxglassets/textures/fxgl_default_cursor.png
13:53:34.601 [JavaFX Application Thread] DEBUG Input                - Registered new binding: Screenshot - CTRL+8
13:53:34.602 [JavaFX Application Thread] DEBUG Input                - Registered new binding: System info dump - CTRL+9
13:53:34.603 [JavaFX Application Thread] DEBUG Input                - Registered new binding: Restart - CTRL+R
13:53:34.605 [JavaFX Application Thread] DEBUG Input                - Registered new binding: Toggle Debug Camera - CTRL+7
13:53:34.607 [FXGL Background Thread 4 ] DEBUG FXGLAssetLoaderServi - Loading from file system: jar:file:///C:/Users/hdngu/.m2/repository/com/github/almasb/fxgl/17.1/fxgl-17.1.jar!/fxglassets/ui/fonts/Abel-Regular.ttf
13:53:34.609 [JavaFX Application Thread] DEBUG LoopRunner           - Starting loop
13:53:34.610 [JavaFX Application Thread] DEBUG LoopRunner           - Initializing JavaFX AnimationTimerLoop
13:53:34.615 [JavaFX Application Thread] DEBUG Input                - Clearing active input actions
13:53:34.616 [FXGL Background Thread 4 ] DEBUG FXGLAssetLoaderServi - Loading from file system: jar:file:///C:/Users/hdngu/.m2/repository/com/github/almasb/fxgl/17.1/fxgl-17.1.jar!/fxglassets/ui/fonts/TerminalLandMono-Regular.otf
13:53:34.626 [JavaFX Application Thread] DEBUG GameApplicationServi - Removing overlay from FXGLStartupScene and adding to FXGLMainMenuDummyScene
13:53:34.627 [FXGL Background Thread 4 ] DEBUG FXGLAssetLoaderServi - Loading from file system: jar:file:///C:/Users/hdngu/.m2/repository/com/github/almasb/fxgl/17.1/fxgl-17.1.jar!/fxglassets/ui/fonts/Courier-Prime.ttf
13:53:34.628 [JavaFX Application Thread] DEBUG PrimaryStageWindow   - FXGLStartupScene -> FXGLMainMenuDummyScene
13:53:34.629 [JavaFX Application Thread] DEBUG PrimaryStageWindow   - Push state: MenuGame
13:53:34.650 [JavaFX Application Thread] DEBUG Input                - Clearing active input actions
13:53:34.654 [JavaFX Application Thread] DEBUG GameApplicationServi - Removing overlay from FXGLMainMenuDummyScene and adding to MenuGame
13:53:34.655 [JavaFX Application Thread] DEBUG PrimaryStageWindow   - FXGLMainMenuDummyScene -> MenuGame
13:53:34.668 [JavaFX Application Thread] DEBUG FXGLApplication      - Registering font factories with UI factory
13:53:35.542 [FXGL Background Thread 2 ] INFO  UpdaterService       - Your current version:  17.1
13:53:35.543 [FXGL Background Thread 2 ] INFO  UpdaterService       - Latest stable version: 17.2
13:53:36.319 [JavaFX Application Thread] DEBUG Menu                 - fireNewGame()
13:53:36.320 [JavaFX Application Thread] DEBUG GameApplicationServi - Starting new game
13:53:36.320 [JavaFX Application Thread] DEBUG PrimaryStageWindow   - Pop state: MenuGame
13:53:36.320 [JavaFX Application Thread] DEBUG Input                - Clearing active input actions
13:53:36.321 [JavaFX Application Thread] DEBUG GameApplicationServi - Removing overlay from MenuGame and adding to FXGLMainMenuDummyScene
13:53:36.321 [JavaFX Application Thread] DEBUG PrimaryStageWindow   - FXGLMainMenuDummyScene <- MenuGame
13:53:36.322 [JavaFX Application Thread] DEBUG Input                - Clearing active input actions
13:53:36.331 [JavaFX Application Thread] DEBUG GameApplicationServi - Removing overlay from FXGLMainMenuDummyScene and adding to FXGLLoadingScene
13:53:36.332 [JavaFX Application Thread] DEBUG PrimaryStageWindow   - FXGLMainMenuDummyScene -> FXGLLoadingScene
13:53:36.332 [JavaFX Application Thread] DEBUG GameApplicationServi - Clearing previous game
13:53:36.332 [JavaFX Application Thread] DEBUG GameScene            - Clearing game scene
13:53:36.333 [JavaFX Application Thread] DEBUG GameWorld            - Clearing game world
13:53:36.333 [JavaFX Application Thread] DEBUG PhysicsWorld         - Clearing physics world
13:53:36.335 [FXGL Background Thread 2 ] DEBUG FXGLApplication      - Initializing game
13:53:36.337 [FXGL Background Thread 2 ] DEBUG FXGLAssetLoaderServi - Loading from file system: file:/D:/JavaFlappyBird/target/classes/com/javaflappybird/sound/die.wav
13:53:36.359 [FXGL Background Thread 2 ] DEBUG FXGLAssetLoaderServi - Loading from file system: file:/D:/JavaFlappyBird/target/classes/com/javaflappybird/sound/collide.wav
13:53:36.446 [FXGL Background Thread 2 ] DEBUG FXGLAssetLoaderServi - Loading from file system: file:/D:/JavaFlappyBird/target/classes/com/javaflappybird/sound/jump.wav
13:53:36.482 [FXGL Background Thread 2 ] DEBUG FXGLAssetLoaderServi - Loading from file system: file:/D:/JavaFlappyBird/target/classes/com/javaflappybird/sound/congdiem.wav
13:53:36.514 [FXGL Background Thread 2 ] INFO  FXGLApplication      - Game initialization took: 0.179 sec
13:53:36.518 [JavaFX Application Thread] DEBUG Input                - Clearing active input actions
13:53:36.528 [JavaFX Application Thread] DEBUG GameApplicationServi - Removing overlay from FXGLLoadingScene and adding to GameScene
13:53:36.529 [JavaFX Application Thread] DEBUG PrimaryStageWindow   - FXGLLoadingScene -> GameScene
13:53:37.530 [FXGL Background Thread 3 ] DEBUG Engine               - Logging environment variables
13:53:37.531 [FXGL Background Thread 3 ] DEBUG Engine               - achievements: []
13:53:37.531 [FXGL Background Thread 3 ] DEBUG Engine               - actualHeight: 700.0
13:53:37.531 [FXGL Background Thread 3 ] DEBUG Engine               - actualHeightProperty: ReadOnlyDoubleProperty [value: 700.0]
13:53:37.531 [FXGL Background Thread 3 ] DEBUG Engine               - actualWidth: 500.0
13:53:37.531 [FXGL Background Thread 3 ] DEBUG Engine               - actualWidthProperty: ReadOnlyDoubleProperty [value: 500.0]
13:53:37.532 [FXGL Background Thread 3 ] DEBUG Engine               - appIcon: fxgl_icon.png
13:53:37.532 [FXGL Background Thread 3 ] DEBUG Engine               - applicationMode: DEVELOPER
13:53:37.532 [FXGL Background Thread 3 ] DEBUG Engine               - cSSList: [fxgl_dark.css]
13:53:37.532 [FXGL Background Thread 3 ] DEBUG Engine               - collisionDetectionStrategy: BRUTE_FORCE
13:53:37.532 [FXGL Background Thread 3 ] DEBUG Engine               - configClass: Optional.empty
13:53:37.532 [FXGL Background Thread 3 ] DEBUG Engine               - credits: []
13:53:37.533 [FXGL Background Thread 3 ] DEBUG Engine               - defaultCursor: CursorInfo(imageName=fxgl_default_cursor.png, hotspotX=7.0, hotspotY=6.0)
13:53:37.534 [FXGL Background Thread 3 ] DEBUG Engine               - devBBoxColorProperty: ObjectProperty [value: 0xff0000ff]
13:53:37.534 [FXGL Background Thread 3 ] DEBUG Engine               - devEnableDebugCameraProperty: BooleanProperty [value: false]
13:53:37.534 [FXGL Background Thread 3 ] DEBUG Engine               - devSensorColorProperty: ObjectProperty [value: 0xffff00ff]
13:53:37.534 [FXGL Background Thread 3 ] DEBUG Engine               - devShowBBoxProperty: BooleanProperty [value: false]
13:53:37.534 [FXGL Background Thread 3 ] DEBUG Engine               - devShowPositionProperty: BooleanProperty [value: false]
13:53:37.534 [FXGL Background Thread 3 ] DEBUG Engine               - enabledMenuItems: []
13:53:37.534 [FXGL Background Thread 3 ] DEBUG Engine               - engineServices: [class com.almasb.fxgl.app.services.FXGLAssetLoaderService, class com.almasb.fxgl.app.FXGLApplication$GameApplicationService, class com.almasb.fxgl.app.services.FXGLDialogService, class com.almasb.fxgl.app.services.IOTaskExecutorService, class com.almasb.fxgl.io.FileSystemService, class com.almasb.fxgl.localization.LocalizationService, class com.almasb.fxgl.app.services.SystemBundleService, class com.almasb.fxgl.profile.SaveLoadService, class com.almasb.fxgl.ui.FXGLUIFactoryServiceProvider, class com.almasb.fxgl.ui.FXGLDialogFactoryServiceProvider, class com.almasb.fxgl.audio.AudioPlayer, class com.almasb.fxgl.notification.impl.NotificationServiceProvider, class com.almasb.fxgl.achievement.AchievementService, class com.almasb.fxgl.cutscene.CutsceneService, class com.almasb.fxgl.minigames.MiniGameService, class com.almasb.fxgl.net.NetService, class com.almasb.fxgl.app.services.UpdaterService, class com.almasb.fxgl.dev.DevService]
13:53:37.534 [FXGL Background Thread 3 ] DEBUG Engine               - fontGame: Abel-Regular.ttf
13:53:37.535 [FXGL Background Thread 3 ] DEBUG Engine               - fontMono: TerminalLandMono-Regular.otf
13:53:37.535 [FXGL Background Thread 3 ] DEBUG Engine               - fontText: Courier-Prime.ttf
13:53:37.535 [FXGL Background Thread 3 ] DEBUG Engine               - fontUI: VarelaRound-Regular.ttf
13:53:37.535 [FXGL Background Thread 3 ] DEBUG Engine               - fullScreen: BooleanProperty [value: false]
13:53:37.535 [FXGL Background Thread 3 ] DEBUG Engine               - gameDifficulty: MEDIUM
13:53:37.535 [FXGL Background Thread 3 ] DEBUG Engine               - gameDifficultyProperty: ObjectProperty [value: MEDIUM]
13:53:37.535 [FXGL Background Thread 3 ] DEBUG Engine               - globalMusicVolume: 0.5
13:53:37.535 [FXGL Background Thread 3 ] DEBUG Engine               - globalMusicVolumeProperty: DoubleProperty [value: 0.5]
13:53:37.535 [FXGL Background Thread 3 ] DEBUG Engine               - globalSoundVolume: 0.5
13:53:37.535 [FXGL Background Thread 3 ] DEBUG Engine               - globalSoundVolumeProperty: DoubleProperty [value: 0.5]
13:53:37.535 [FXGL Background Thread 3 ] DEBUG Engine               - height: 700
13:53:37.535 [FXGL Background Thread 3 ] DEBUG Engine               - is3D: false
13:53:37.536 [FXGL Background Thread 3 ] DEBUG Engine               - isAndroid: false
13:53:37.536 [FXGL Background Thread 3 ] DEBUG Engine               - isBrowser: false
13:53:37.536 [FXGL Background Thread 3 ] DEBUG Engine               - isClickFeedbackEnabled: false
13:53:37.536 [FXGL Background Thread 3 ] DEBUG Engine               - isCloseConfirmation: false
13:53:37.536 [FXGL Background Thread 3 ] DEBUG Engine               - isDesktop: true
13:53:37.536 [FXGL Background Thread 3 ] DEBUG Engine               - isDeveloperMenuEnabled: false
13:53:37.536 [FXGL Background Thread 3 ] DEBUG Engine               - isEmbedded: false
13:53:37.536 [FXGL Background Thread 3 ] DEBUG Engine               - isEntityPreloadEnabled: true
13:53:37.537 [FXGL Background Thread 3 ] DEBUG Engine               - isExperimentalTiledLargeMap: false
13:53:37.538 [FXGL Background Thread 3 ] DEBUG Engine               - isFileSystemWriteAllowed: true
13:53:37.538 [FXGL Background Thread 3 ] DEBUG Engine               - isFullScreenAllowed: false
13:53:37.538 [FXGL Background Thread 3 ] DEBUG Engine               - isFullScreenFromStart: false
13:53:37.538 [FXGL Background Thread 3 ] DEBUG Engine               - isGameMenuEnabled: true
13:53:37.538 [FXGL Background Thread 3 ] DEBUG Engine               - isIOS: false
13:53:37.538 [FXGL Background Thread 3 ] DEBUG Engine               - isIntroEnabled: false
13:53:37.538 [FXGL Background Thread 3 ] DEBUG Engine               - isLinux: false
13:53:37.538 [FXGL Background Thread 3 ] DEBUG Engine               - isMac: false
13:53:37.538 [FXGL Background Thread 3 ] DEBUG Engine               - isMainMenuEnabled: true
13:53:37.538 [FXGL Background Thread 3 ] DEBUG Engine               - isManualResizeEnabled: false
13:53:37.538 [FXGL Background Thread 3 ] DEBUG Engine               - isMobile: false
13:53:37.538 [FXGL Background Thread 3 ] DEBUG Engine               - isNative: false
13:53:37.539 [FXGL Background Thread 3 ] DEBUG Engine               - isPauseMusicWhenMinimized: true
13:53:37.539 [FXGL Background Thread 3 ] DEBUG Engine               - isPreserveResizeRatio: false
13:53:37.539 [FXGL Background Thread 3 ] DEBUG Engine               - isProfilingEnabled: false
13:53:37.540 [FXGL Background Thread 3 ] DEBUG Engine               - isScaleAffectedOnResize: true
13:53:37.540 [FXGL Background Thread 3 ] DEBUG Engine               - isSingleStep: false
13:53:37.540 [FXGL Background Thread 3 ] DEBUG Engine               - isUserProfileEnabled: false
13:53:37.540 [FXGL Background Thread 3 ] DEBUG Engine               - isWindows: true
13:53:37.540 [FXGL Background Thread 3 ] DEBUG Engine               - language: ObjectProperty [value: ENGLISH]
13:53:37.540 [FXGL Background Thread 3 ] DEBUG Engine               - menuKey: ESCAPE
13:53:37.540 [FXGL Background Thread 3 ] DEBUG Engine               - mouseSensitivity: 0.2
13:53:37.540 [FXGL Background Thread 3 ] DEBUG Engine               - notificationViewClass: class com.almasb.fxgl.notification.view.XboxNotificationView
13:53:37.540 [FXGL Background Thread 3 ] DEBUG Engine               - pixelsPerMeter: 50.0
13:53:37.540 [FXGL Background Thread 3 ] DEBUG Engine               - platform: WINDOWS
13:53:37.540 [FXGL Background Thread 3 ] DEBUG Engine               - prefHeightProperty: ReadOnlyDoubleProperty [value: 700.0]
13:53:37.540 [FXGL Background Thread 3 ] DEBUG Engine               - prefWidthProperty: ReadOnlyDoubleProperty [value: 500.0]
13:53:37.540 [FXGL Background Thread 3 ] DEBUG Engine               - profileDir: profiles/
13:53:37.541 [FXGL Background Thread 3 ] DEBUG Engine               - profileName: StringProperty [value: DEFAULT]
13:53:37.541 [FXGL Background Thread 3 ] DEBUG Engine               - randomSeed: -1
13:53:37.541 [FXGL Background Thread 3 ] DEBUG Engine               - runtimeInfo: RuntimeInfo(platform=WINDOWS, version=17.1, build=24.03.2022 17.34)
13:53:37.541 [FXGL Background Thread 3 ] DEBUG Engine               - saveFileExt: sav
13:53:37.541 [FXGL Background Thread 3 ] DEBUG Engine               - scaledHeightProp$fxgl: DoubleProperty [bound, value: 700.0]
13:53:37.541 [FXGL Background Thread 3 ] DEBUG Engine               - scaledWidthProp$fxgl: DoubleProperty [bound, value: 500.0]
13:53:37.541 [FXGL Background Thread 3 ] DEBUG Engine               - sceneFactory: com.javaflappybird.App$1@67d247a3
13:53:37.541 [FXGL Background Thread 3 ] DEBUG Engine               - secondsIn24h: 60
13:53:37.541 [FXGL Background Thread 3 ] DEBUG Engine               - soundMenuBack: menu/back.wav
13:53:37.541 [FXGL Background Thread 3 ] DEBUG Engine               - soundMenuPress: menu/press.wav
13:53:37.541 [FXGL Background Thread 3 ] DEBUG Engine               - soundMenuSelect: menu/select.wav
13:53:37.541 [FXGL Background Thread 3 ] DEBUG Engine               - soundNotification: core/notification.wav
13:53:37.541 [FXGL Background Thread 3 ] DEBUG Engine               - stageStyle: DECORATED
13:53:37.541 [FXGL Background Thread 3 ] DEBUG Engine               - supportedLanguages: [ENGLISH, FRENCH, GERMAN, HUNGARIAN, RUSSIAN]
13:53:37.541 [FXGL Background Thread 3 ] DEBUG Engine               - ticksPerSecond: -1
13:53:37.542 [FXGL Background Thread 3 ] DEBUG Engine               - title: Java Flappy Bird
13:53:37.542 [FXGL Background Thread 3 ] DEBUG Engine               - urlGithub: https://github.com/AlmasB/FXGL
13:53:37.542 [FXGL Background Thread 3 ] DEBUG Engine               - urlLeaderboard: http://fxgl-top.herokuapp.com/
13:53:37.542 [FXGL Background Thread 3 ] DEBUG Engine               - urlPOM: https://raw.githubusercontent.com/AlmasB/FXGL/release/README.md
13:53:37.542 [FXGL Background Thread 3 ] DEBUG Engine               - userAppClass: class com.javaflappybird.App
13:53:37.542 [FXGL Background Thread 3 ] DEBUG Engine               - version: 1.0
13:53:37.542 [FXGL Background Thread 3 ] DEBUG Engine               - versionCheckDays: 7
13:53:37.542 [FXGL Background Thread 3 ] DEBUG Engine               - width: 500
13:53:37.542 [FXGL Background Thread 3 ] DEBUG Engine               - Logging services
13:53:37.542 [FXGL Background Thread 3 ] DEBUG Engine               - class com.almasb.fxgl.app.services.FXGLAssetLoaderService
13:53:37.542 [FXGL Background Thread 3 ] DEBUG Engine               - class com.almasb.fxgl.app.FXGLApplication$GameApplicationService
13:53:37.542 [FXGL Background Thread 3 ] DEBUG Engine               - class com.almasb.fxgl.app.services.FXGLDialogService
13:53:37.542 [FXGL Background Thread 3 ] DEBUG Engine               - class com.almasb.fxgl.app.services.IOTaskExecutorService
13:53:37.542 [FXGL Background Thread 3 ] DEBUG Engine               - class com.almasb.fxgl.io.FileSystemService
13:53:37.542 [FXGL Background Thread 3 ] DEBUG Engine               - class com.almasb.fxgl.localization.LocalizationService
13:53:37.542 [FXGL Background Thread 3 ] DEBUG Engine               - class com.almasb.fxgl.app.services.SystemBundleService
13:53:37.542 [FXGL Background Thread 3 ] DEBUG Engine               - class com.almasb.fxgl.profile.SaveLoadService
13:53:37.542 [FXGL Background Thread 3 ] DEBUG Engine               - class com.almasb.fxgl.ui.FXGLUIFactoryServiceProvider
13:53:37.542 [FXGL Background Thread 3 ] DEBUG Engine               - class com.almasb.fxgl.ui.FXGLDialogFactoryServiceProvider
13:53:37.542 [FXGL Background Thread 3 ] DEBUG Engine               - class com.almasb.fxgl.audio.AudioPlayer
13:53:37.542 [FXGL Background Thread 3 ] DEBUG Engine               - class com.almasb.fxgl.notification.impl.NotificationServiceProvider
13:53:37.542 [FXGL Background Thread 3 ] DEBUG Engine               - class com.almasb.fxgl.achievement.AchievementService
13:53:37.542 [FXGL Background Thread 3 ] DEBUG Engine               - class com.almasb.fxgl.cutscene.CutsceneService
13:53:37.542 [FXGL Background Thread 3 ] DEBUG Engine               - class com.almasb.fxgl.minigames.MiniGameService
13:53:37.542 [FXGL Background Thread 3 ] DEBUG Engine               - class com.almasb.fxgl.net.NetService
13:53:37.542 [FXGL Background Thread 3 ] DEBUG Engine               - class com.almasb.fxgl.app.services.UpdaterService
13:53:37.542 [FXGL Background Thread 3 ] DEBUG Engine               - class com.almasb.fxgl.dev.DevService
13:53:40.056 [JavaFX Application Thread] DEBUG PrimaryStageWindow   - Push state: FinishMenu
13:53:40.058 [JavaFX Application Thread] DEBUG Input                - Clearing active input actions
13:53:40.058 [JavaFX Application Thread] DEBUG GameApplicationServi - Removing overlay from GameScene and adding to FinishMenu
13:53:40.058 [JavaFX Application Thread] DEBUG PrimaryStageWindow   - GameScene -> FinishMenu
13:53:41.766 [JavaFX Application Thread] DEBUG FXGLApplication      - Exiting FXGL
13:53:41.766 [JavaFX Application Thread] DEBUG LoopRunner           - Stopping loop
13:53:41.766 [JavaFX Application Thread] DEBUG SystemBundleService  - Saving FXGL system data
13:53:41.771 [JavaFX Application Thread] DEBUG FileSystemAccess     - Writing to: D:\JavaFlappyBird\system\fxgl.bundle
13:53:41.774 [JavaFX Application Thread] DEBUG Async                - Shutting down background threads
13:53:41.774 [JavaFX Application Thread] DEBUG PrimaryStageWindow   - Closing main window
13:53:41.791 [JavaFX Application Thread] DEBUG Logger               - Closing Logger
