14:07:53.305 [main                     ] DEBUG Logger               - Configured Logger
14:07:53.345 [main                     ] DEBUG GameApplication      - Logging settings
Title: Java Flappy Bird
Version: 1.0
Width: 500
Height: 700
Fullscreen: false
Intro: false
Profiling: false
Single step:false
App Mode: DEVELOPER
Menu Key: ESCAPE
Stage Style: DECORATED
Scene Factory: class com.javaflappybird.App$1

14:07:53.917 [JavaFX Application Thread] DEBUG FXGLApplication      - Initializing FXGL
14:07:53.929 [JavaFX Application Thread] INFO  Engine               - FXGL-17.1 (24.03.2022 17.34) on WINDOWS (J:18.0.2.1 FX:18.0.1)
14:07:53.930 [JavaFX Application Thread] DEBUG Engine               - JRE Vendor Name: Oracle Corporation
14:07:53.930 [JavaFX Application Thread] DEBUG Engine               - Running on OS: Windows 10 version 10.0
14:07:53.930 [JavaFX Application Thread] DEBUG Engine               - Architecture: amd64
14:07:53.931 [JavaFX Application Thread] INFO  Engine               - Source code and latest versions at: https://github.com/AlmasB/FXGL
14:07:53.931 [JavaFX Application Thread] INFO  Engine               -       Ask questions and discuss at: https://github.com/AlmasB/FXGL/discussions
14:07:53.931 [JavaFX Application Thread] INFO  Engine               -              Join the FXGL chat at: https://gitter.im/AlmasB/FXGL
14:07:54.078 [JavaFX Application Thread] DEBUG PrimaryStageWindow   - Creating a JavaFX scene
14:07:54.140 [JavaFX Application Thread] DEBUG PrimaryStageWindow   - Target settings size: 500.0 x 700.0
14:07:54.140 [JavaFX Application Thread] DEBUG PrimaryStageWindow   - Scaled scene size:    500.0 x 700.0
14:07:54.141 [JavaFX Application Thread] DEBUG PrimaryStageWindow   - Scaled ratio: (1.0, 1.0)
14:07:54.143 [JavaFX Application Thread] DEBUG PrimaryStageWindow   - Set initial scene to FXGLStartupScene
14:07:54.157 [JavaFX Application Thread] DEBUG PrimaryStageWindow   - Opening main window
14:07:54.272 [JavaFX Application Thread] DEBUG PrimaryStageWindow   - Window border size: (14.4000244140625, 37.5999755859375)
14:07:54.272 [JavaFX Application Thread] DEBUG PrimaryStageWindow   - Scaled size: 500.0 x 700.0
14:07:54.273 [JavaFX Application Thread] DEBUG PrimaryStageWindow   - Scaled ratio: (1.0, 1.0)
14:07:54.273 [JavaFX Application Thread] DEBUG PrimaryStageWindow   - Scene size: 500.0 x 700.0
14:07:54.274 [JavaFX Application Thread] DEBUG PrimaryStageWindow   - Stage size: 514.4000244140625 x 737.5999755859375
14:07:54.286 [FXGL Background Thread 1 ] DEBUG Engine               - Initializing environment variables
14:07:54.405 [FXGL Background Thread 1 ] DEBUG FXGLAssetLoaderServi - User app class for loading assets: class com.javaflappybird.App
14:07:54.405 [FXGL Background Thread 1 ] DEBUG GameApplicationServi - Applying CSS: fxgl_dark.css
14:07:54.407 [FXGL Background Thread 1 ] DEBUG FXGLAssetLoaderServi - Loading from file system: jar:file:///C:/Users/hdngu/.m2/repository/com/github/almasb/fxgl/17.1/fxgl-17.1.jar!/fxglassets/ui/css/fxgl_dark.css
14:07:54.482 [FXGL Background Thread 1 ] DEBUG GameApplicationServi - Initializing application scenes
14:07:54.543 [FXGL Background Thread 1 ] DEBUG GameWorld            - Game world initialized
14:07:54.647 [FXGL Background Thread 1 ] DEBUG PhysicsWorld         - Physics world initialized: appHeight=700, physics.ppm=50.0
14:07:54.648 [FXGL Background Thread 1 ] DEBUG PhysicsWorld         - Using strategy: BRUTE_FORCE
14:07:54.656 [FXGL Background Thread 1 ] DEBUG GameScene            - Game scene initialized: 500x700
14:07:54.844 [FXGL Background Thread 1 ] DEBUG FXGLAssetLoaderServi - Loading from file system: file:/D:/JavaFlappyBird/target/classes/com/javaflappybird/sound/base.mp3
14:07:55.061 [FXGL Background Thread 1 ] DEBUG AudioPlayer          - Playing music com.almasb.fxgl.audio.Music@45c60b5b
14:07:55.207 [FXGL Background Thread 1 ] DEBUG GameApplicationServi - Application scenes initialized
14:07:55.232 [FXGL Background Thread 1 ] DEBUG SystemBundleService  - Loading FXGL system data
14:07:55.249 [FXGL Background Thread 1 ] DEBUG FileSystemAccess     - Reading from: D:\JavaFlappyBird\system\fxgl.bundle
14:07:55.264 [FXGL Background Thread 1 ] DEBUG SystemBundleService  - Bundle FXGL: {}
14:07:55.264 [FXGL Background Thread 1 ] DEBUG UpdaterService       - Checking for updates
14:07:55.270 [FXGL Background Thread 4 ] DEBUG FXGLApplication      - Loading fonts
14:07:55.271 [FXGL Background Thread 1 ] DEBUG FXGLApplication      - Loading default localization
14:07:55.271 [FXGL Background Thread 4 ] DEBUG FXGLAssetLoaderServi - Loading from file system: jar:file:///C:/Users/hdngu/.m2/repository/com/github/almasb/fxgl/17.1/fxgl-17.1.jar!/fxglassets/ui/fonts/VarelaRound-Regular.ttf
14:07:55.272 [FXGL Background Thread 1 ] DEBUG FXGLAssetLoaderServi - Loading from file system: jar:file:///C:/Users/hdngu/.m2/repository/com/github/almasb/fxgl/17.1/fxgl-17.1.jar!/fxglassets/languages/english.lang
14:07:55.299 [FXGL Background Thread 1 ] INFO  FXGLApplication      - FXGL initialization took: 1.013 sec
14:07:55.339 [JavaFX Application Thread] DEBUG Input                - Registered new binding: action0 - Space
14:07:55.341 [JavaFX Application Thread] DEBUG Input                - Registered new binding: action1 - LMB
14:07:55.342 [JavaFX Application Thread] DEBUG FXGLAssetLoaderServi - Loading from file system: jar:file:///C:/Users/hdngu/.m2/repository/com/github/almasb/fxgl/17.1/fxgl-17.1.jar!/fxglassets/textures/fxgl_icon.png
14:07:55.347 [FXGL Background Thread 4 ] DEBUG FXGLAssetLoaderServi - Loading from file system: jar:file:///C:/Users/hdngu/.m2/repository/com/github/almasb/fxgl/17.1/fxgl-17.1.jar!/fxglassets/ui/fonts/TerminalLandMono-Regular.otf
14:07:55.352 [FXGL Background Thread 4 ] DEBUG FXGLAssetLoaderServi - Loading from file system: jar:file:///C:/Users/hdngu/.m2/repository/com/github/almasb/fxgl/17.1/fxgl-17.1.jar!/fxglassets/ui/fonts/Courier-Prime.ttf
14:07:55.359 [JavaFX Application Thread] DEBUG FXGLAssetLoaderServi - Loading from file system: jar:file:///C:/Users/hdngu/.m2/repository/com/github/almasb/fxgl/17.1/fxgl-17.1.jar!/fxglassets/textures/fxgl_default_cursor.png
14:07:55.361 [JavaFX Application Thread] DEBUG Input                - Registered new binding: Screenshot - CTRL+8
14:07:55.362 [JavaFX Application Thread] DEBUG Input                - Registered new binding: System info dump - CTRL+9
14:07:55.362 [JavaFX Application Thread] DEBUG Input                - Registered new binding: Restart - CTRL+R
14:07:55.363 [JavaFX Application Thread] DEBUG Input                - Registered new binding: Toggle Debug Camera - CTRL+7
14:07:55.365 [JavaFX Application Thread] DEBUG LoopRunner           - Starting loop
14:07:55.365 [JavaFX Application Thread] DEBUG LoopRunner           - Initializing JavaFX AnimationTimerLoop
14:07:55.368 [JavaFX Application Thread] DEBUG Input                - Clearing active input actions
14:07:55.377 [JavaFX Application Thread] DEBUG GameApplicationServi - Removing overlay from FXGLStartupScene and adding to FXGLMainMenuDummyScene
14:07:55.378 [JavaFX Application Thread] DEBUG PrimaryStageWindow   - FXGLStartupScene -> FXGLMainMenuDummyScene
14:07:55.378 [JavaFX Application Thread] DEBUG PrimaryStageWindow   - Push state: MenuGame
14:07:55.380 [JavaFX Application Thread] DEBUG Input                - Clearing active input actions
14:07:55.384 [JavaFX Application Thread] DEBUG GameApplicationServi - Removing overlay from FXGLMainMenuDummyScene and adding to MenuGame
14:07:55.385 [JavaFX Application Thread] DEBUG PrimaryStageWindow   - FXGLMainMenuDummyScene -> MenuGame
14:07:55.385 [JavaFX Application Thread] DEBUG FXGLApplication      - Registering font factories with UI factory
14:07:56.407 [FXGL Background Thread 2 ] INFO  UpdaterService       - Your current version:  17.1
14:07:56.407 [FXGL Background Thread 2 ] INFO  UpdaterService       - Latest stable version: 17.2
14:07:58.271 [FXGL Background Thread 3 ] DEBUG Engine               - Logging environment variables
14:07:58.272 [FXGL Background Thread 3 ] DEBUG Engine               - achievements: []
14:07:58.272 [FXGL Background Thread 3 ] DEBUG Engine               - actualHeight: 700.0
14:07:58.273 [FXGL Background Thread 3 ] DEBUG Engine               - actualHeightProperty: ReadOnlyDoubleProperty [value: 700.0]
14:07:58.273 [FXGL Background Thread 3 ] DEBUG Engine               - actualWidth: 500.0
14:07:58.273 [FXGL Background Thread 3 ] DEBUG Engine               - actualWidthProperty: ReadOnlyDoubleProperty [value: 500.0]
14:07:58.274 [FXGL Background Thread 3 ] DEBUG Engine               - appIcon: fxgl_icon.png
14:07:58.274 [FXGL Background Thread 3 ] DEBUG Engine               - applicationMode: DEVELOPER
14:07:58.274 [FXGL Background Thread 3 ] DEBUG Engine               - cSSList: [fxgl_dark.css]
14:07:58.274 [FXGL Background Thread 3 ] DEBUG Engine               - collisionDetectionStrategy: BRUTE_FORCE
14:07:58.274 [FXGL Background Thread 3 ] DEBUG Engine               - configClass: Optional.empty
14:07:58.275 [FXGL Background Thread 3 ] DEBUG Engine               - credits: []
14:07:58.278 [FXGL Background Thread 3 ] DEBUG Engine               - defaultCursor: CursorInfo(imageName=fxgl_default_cursor.png, hotspotX=7.0, hotspotY=6.0)
14:07:58.279 [FXGL Background Thread 3 ] DEBUG Engine               - devBBoxColorProperty: ObjectProperty [value: 0xff0000ff]
14:07:58.280 [FXGL Background Thread 3 ] DEBUG Engine               - devEnableDebugCameraProperty: BooleanProperty [value: false]
14:07:58.280 [FXGL Background Thread 3 ] DEBUG Engine               - devSensorColorProperty: ObjectProperty [value: 0xffff00ff]
14:07:58.280 [FXGL Background Thread 3 ] DEBUG Engine               - devShowBBoxProperty: BooleanProperty [value: false]
14:07:58.281 [FXGL Background Thread 3 ] DEBUG Engine               - devShowPositionProperty: BooleanProperty [value: false]
14:07:58.281 [FXGL Background Thread 3 ] DEBUG Engine               - enabledMenuItems: []
14:07:58.281 [FXGL Background Thread 3 ] DEBUG Engine               - engineServices: [class com.almasb.fxgl.app.services.FXGLAssetLoaderService, class com.almasb.fxgl.app.FXGLApplication$GameApplicationService, class com.almasb.fxgl.app.services.FXGLDialogService, class com.almasb.fxgl.app.services.IOTaskExecutorService, class com.almasb.fxgl.io.FileSystemService, class com.almasb.fxgl.localization.LocalizationService, class com.almasb.fxgl.app.services.SystemBundleService, class com.almasb.fxgl.profile.SaveLoadService, class com.almasb.fxgl.ui.FXGLUIFactoryServiceProvider, class com.almasb.fxgl.ui.FXGLDialogFactoryServiceProvider, class com.almasb.fxgl.audio.AudioPlayer, class com.almasb.fxgl.notification.impl.NotificationServiceProvider, class com.almasb.fxgl.achievement.AchievementService, class com.almasb.fxgl.cutscene.CutsceneService, class com.almasb.fxgl.minigames.MiniGameService, class com.almasb.fxgl.net.NetService, class com.almasb.fxgl.app.services.UpdaterService, class com.almasb.fxgl.dev.DevService]
14:07:58.282 [FXGL Background Thread 3 ] DEBUG Engine               - fontGame: Abel-Regular.ttf
14:07:58.282 [FXGL Background Thread 3 ] DEBUG Engine               - fontMono: TerminalLandMono-Regular.otf
14:07:58.282 [FXGL Background Thread 3 ] DEBUG Engine               - fontText: Courier-Prime.ttf
14:07:58.282 [FXGL Background Thread 3 ] DEBUG Engine               - fontUI: VarelaRound-Regular.ttf
14:07:58.282 [FXGL Background Thread 3 ] DEBUG Engine               - fullScreen: BooleanProperty [value: false]
14:07:58.283 [FXGL Background Thread 3 ] DEBUG Engine               - gameDifficulty: MEDIUM
14:07:58.283 [FXGL Background Thread 3 ] DEBUG Engine               - gameDifficultyProperty: ObjectProperty [value: MEDIUM]
14:07:58.283 [FXGL Background Thread 3 ] DEBUG Engine               - globalMusicVolume: 0.5
14:07:58.283 [FXGL Background Thread 3 ] DEBUG Engine               - globalMusicVolumeProperty: DoubleProperty [value: 0.5]
14:07:58.284 [FXGL Background Thread 3 ] DEBUG Engine               - globalSoundVolume: 0.5
14:07:58.284 [FXGL Background Thread 3 ] DEBUG Engine               - globalSoundVolumeProperty: DoubleProperty [value: 0.5]
14:07:58.284 [FXGL Background Thread 3 ] DEBUG Engine               - height: 700
14:07:58.284 [FXGL Background Thread 3 ] DEBUG Engine               - is3D: false
14:07:58.285 [FXGL Background Thread 3 ] DEBUG Engine               - isAndroid: false
14:07:58.285 [FXGL Background Thread 3 ] DEBUG Engine               - isBrowser: false
14:07:58.285 [FXGL Background Thread 3 ] DEBUG Engine               - isClickFeedbackEnabled: false
14:07:58.285 [FXGL Background Thread 3 ] DEBUG Engine               - isCloseConfirmation: false
14:07:58.285 [FXGL Background Thread 3 ] DEBUG Engine               - isDesktop: true
14:07:58.285 [FXGL Background Thread 3 ] DEBUG Engine               - isDeveloperMenuEnabled: false
14:07:58.286 [FXGL Background Thread 3 ] DEBUG Engine               - isEmbedded: false
14:07:58.286 [FXGL Background Thread 3 ] DEBUG Engine               - isEntityPreloadEnabled: true
14:07:58.286 [FXGL Background Thread 3 ] DEBUG Engine               - isExperimentalTiledLargeMap: false
14:07:58.286 [FXGL Background Thread 3 ] DEBUG Engine               - isFileSystemWriteAllowed: true
14:07:58.287 [FXGL Background Thread 3 ] DEBUG Engine               - isFullScreenAllowed: false
14:07:58.287 [FXGL Background Thread 3 ] DEBUG Engine               - isFullScreenFromStart: false
14:07:58.287 [FXGL Background Thread 3 ] DEBUG Engine               - isGameMenuEnabled: true
14:07:58.287 [FXGL Background Thread 3 ] DEBUG Engine               - isIOS: false
14:07:58.287 [FXGL Background Thread 3 ] DEBUG Engine               - isIntroEnabled: false
14:07:58.287 [FXGL Background Thread 3 ] DEBUG Engine               - isLinux: false
14:07:58.288 [FXGL Background Thread 3 ] DEBUG Engine               - isMac: false
14:07:58.288 [FXGL Background Thread 3 ] DEBUG Engine               - isMainMenuEnabled: true
14:07:58.288 [FXGL Background Thread 3 ] DEBUG Engine               - isManualResizeEnabled: false
14:07:58.288 [FXGL Background Thread 3 ] DEBUG Engine               - isMobile: false
14:07:58.288 [FXGL Background Thread 3 ] DEBUG Engine               - isNative: false
14:07:58.288 [FXGL Background Thread 3 ] DEBUG Engine               - isPauseMusicWhenMinimized: true
14:07:58.289 [FXGL Background Thread 3 ] DEBUG Engine               - isPreserveResizeRatio: false
14:07:58.289 [FXGL Background Thread 3 ] DEBUG Engine               - isProfilingEnabled: false
14:07:58.289 [FXGL Background Thread 3 ] DEBUG Engine               - isScaleAffectedOnResize: true
14:07:58.289 [FXGL Background Thread 3 ] DEBUG Engine               - isSingleStep: false
14:07:58.289 [FXGL Background Thread 3 ] DEBUG Engine               - isUserProfileEnabled: false
14:07:58.289 [FXGL Background Thread 3 ] DEBUG Engine               - isWindows: true
14:07:58.289 [FXGL Background Thread 3 ] DEBUG Engine               - language: ObjectProperty [value: ENGLISH]
14:07:58.289 [FXGL Background Thread 3 ] DEBUG Engine               - menuKey: ESCAPE
14:07:58.290 [FXGL Background Thread 3 ] DEBUG Engine               - mouseSensitivity: 0.2
14:07:58.290 [FXGL Background Thread 3 ] DEBUG Engine               - notificationViewClass: class com.almasb.fxgl.notification.view.XboxNotificationView
14:07:58.290 [FXGL Background Thread 3 ] DEBUG Engine               - pixelsPerMeter: 50.0
14:07:58.290 [FXGL Background Thread 3 ] DEBUG Engine               - platform: WINDOWS
14:07:58.290 [FXGL Background Thread 3 ] DEBUG Engine               - prefHeightProperty: ReadOnlyDoubleProperty [value: 700.0]
14:07:58.290 [FXGL Background Thread 3 ] DEBUG Engine               - prefWidthProperty: ReadOnlyDoubleProperty [value: 500.0]
14:07:58.291 [FXGL Background Thread 3 ] DEBUG Engine               - profileDir: profiles/
14:07:58.291 [FXGL Background Thread 3 ] DEBUG Engine               - profileName: StringProperty [value: DEFAULT]
14:07:58.291 [FXGL Background Thread 3 ] DEBUG Engine               - randomSeed: -1
14:07:58.292 [FXGL Background Thread 3 ] DEBUG Engine               - runtimeInfo: RuntimeInfo(platform=WINDOWS, version=17.1, build=24.03.2022 17.34)
14:07:58.292 [FXGL Background Thread 3 ] DEBUG Engine               - saveFileExt: sav
14:07:58.292 [FXGL Background Thread 3 ] DEBUG Engine               - scaledHeightProp$fxgl: DoubleProperty [bound, value: 700.0]
14:07:58.293 [FXGL Background Thread 3 ] DEBUG Engine               - scaledWidthProp$fxgl: DoubleProperty [bound, value: 500.0]
14:07:58.293 [FXGL Background Thread 3 ] DEBUG Engine               - sceneFactory: com.javaflappybird.App$1@4b0c5971
14:07:58.293 [FXGL Background Thread 3 ] DEBUG Engine               - secondsIn24h: 60
14:07:58.293 [FXGL Background Thread 3 ] DEBUG Engine               - soundMenuBack: menu/back.wav
14:07:58.293 [FXGL Background Thread 3 ] DEBUG Engine               - soundMenuPress: menu/press.wav
14:07:58.293 [FXGL Background Thread 3 ] DEBUG Engine               - soundMenuSelect: menu/select.wav
14:07:58.293 [FXGL Background Thread 3 ] DEBUG Engine               - soundNotification: core/notification.wav
14:07:58.293 [FXGL Background Thread 3 ] DEBUG Engine               - stageStyle: DECORATED
14:07:58.294 [FXGL Background Thread 3 ] DEBUG Engine               - supportedLanguages: [ENGLISH, FRENCH, GERMAN, HUNGARIAN, RUSSIAN]
14:07:58.294 [FXGL Background Thread 3 ] DEBUG Engine               - ticksPerSecond: -1
14:07:58.294 [FXGL Background Thread 3 ] DEBUG Engine               - title: Java Flappy Bird
14:07:58.294 [FXGL Background Thread 3 ] DEBUG Engine               - urlGithub: https://github.com/AlmasB/FXGL
14:07:58.294 [FXGL Background Thread 3 ] DEBUG Engine               - urlLeaderboard: http://fxgl-top.herokuapp.com/
14:07:58.294 [FXGL Background Thread 3 ] DEBUG Engine               - urlPOM: https://raw.githubusercontent.com/AlmasB/FXGL/release/README.md
14:07:58.294 [FXGL Background Thread 3 ] DEBUG Engine               - userAppClass: class com.javaflappybird.App
14:07:58.295 [FXGL Background Thread 3 ] DEBUG Engine               - version: 1.0
14:07:58.295 [FXGL Background Thread 3 ] DEBUG Engine               - versionCheckDays: 7
14:07:58.295 [FXGL Background Thread 3 ] DEBUG Engine               - width: 500
14:07:58.295 [FXGL Background Thread 3 ] DEBUG Engine               - Logging services
14:07:58.295 [FXGL Background Thread 3 ] DEBUG Engine               - class com.almasb.fxgl.app.services.FXGLAssetLoaderService
14:07:58.295 [FXGL Background Thread 3 ] DEBUG Engine               - class com.almasb.fxgl.app.FXGLApplication$GameApplicationService
14:07:58.295 [FXGL Background Thread 3 ] DEBUG Engine               - class com.almasb.fxgl.app.services.FXGLDialogService
14:07:58.296 [FXGL Background Thread 3 ] DEBUG Engine               - class com.almasb.fxgl.app.services.IOTaskExecutorService
14:07:58.296 [FXGL Background Thread 3 ] DEBUG Engine               - class com.almasb.fxgl.io.FileSystemService
14:07:58.296 [FXGL Background Thread 3 ] DEBUG Engine               - class com.almasb.fxgl.localization.LocalizationService
14:07:58.296 [FXGL Background Thread 3 ] DEBUG Engine               - class com.almasb.fxgl.app.services.SystemBundleService
14:07:58.296 [FXGL Background Thread 3 ] DEBUG Engine               - class com.almasb.fxgl.profile.SaveLoadService
14:07:58.296 [FXGL Background Thread 3 ] DEBUG Engine               - class com.almasb.fxgl.ui.FXGLUIFactoryServiceProvider
14:07:58.296 [FXGL Background Thread 3 ] DEBUG Engine               - class com.almasb.fxgl.ui.FXGLDialogFactoryServiceProvider
14:07:58.296 [FXGL Background Thread 3 ] DEBUG Engine               - class com.almasb.fxgl.audio.AudioPlayer
14:07:58.297 [FXGL Background Thread 3 ] DEBUG Engine               - class com.almasb.fxgl.notification.impl.NotificationServiceProvider
14:07:58.297 [FXGL Background Thread 3 ] DEBUG Engine               - class com.almasb.fxgl.achievement.AchievementService
14:07:58.297 [FXGL Background Thread 3 ] DEBUG Engine               - class com.almasb.fxgl.cutscene.CutsceneService
14:07:58.297 [FXGL Background Thread 3 ] DEBUG Engine               - class com.almasb.fxgl.minigames.MiniGameService
14:07:58.297 [FXGL Background Thread 3 ] DEBUG Engine               - class com.almasb.fxgl.net.NetService
14:07:58.297 [FXGL Background Thread 3 ] DEBUG Engine               - class com.almasb.fxgl.app.services.UpdaterService
14:07:58.297 [FXGL Background Thread 3 ] DEBUG Engine               - class com.almasb.fxgl.dev.DevService
14:07:58.595 [JavaFX Application Thread] DEBUG Menu                 - fireNewGame()
14:07:58.596 [JavaFX Application Thread] DEBUG GameApplicationServi - Starting new game
14:07:58.596 [JavaFX Application Thread] DEBUG PrimaryStageWindow   - Pop state: MenuGame
14:07:58.597 [JavaFX Application Thread] DEBUG Input                - Clearing active input actions
14:07:58.598 [JavaFX Application Thread] DEBUG GameApplicationServi - Removing overlay from MenuGame and adding to FXGLMainMenuDummyScene
14:07:58.600 [JavaFX Application Thread] DEBUG PrimaryStageWindow   - FXGLMainMenuDummyScene <- MenuGame
14:07:58.601 [JavaFX Application Thread] DEBUG Input                - Clearing active input actions
14:07:58.614 [JavaFX Application Thread] DEBUG GameApplicationServi - Removing overlay from FXGLMainMenuDummyScene and adding to FXGLLoadingScene
14:07:58.615 [JavaFX Application Thread] DEBUG PrimaryStageWindow   - FXGLMainMenuDummyScene -> FXGLLoadingScene
14:07:58.615 [JavaFX Application Thread] DEBUG GameApplicationServi - Clearing previous game
14:07:58.615 [JavaFX Application Thread] DEBUG GameScene            - Clearing game scene
14:07:58.615 [JavaFX Application Thread] DEBUG GameWorld            - Clearing game world
14:07:58.616 [JavaFX Application Thread] DEBUG PhysicsWorld         - Clearing physics world
14:07:58.619 [FXGL Background Thread 2 ] DEBUG FXGLApplication      - Initializing game
14:07:58.775 [FXGL Background Thread 2 ] DEBUG FXGLAssetLoaderServi - Loading from file system: file:/D:/JavaFlappyBird/target/classes/com/javaflappybird/sound/jump.wav
14:07:58.841 [FXGL Background Thread 2 ] DEBUG FXGLAssetLoaderServi - Loading from file system: file:/D:/JavaFlappyBird/target/classes/com/javaflappybird/sound/congdiem.wav
14:07:58.890 [FXGL Background Thread 2 ] DEBUG FXGLAssetLoaderServi - Loading from file system: file:/D:/JavaFlappyBird/target/classes/com/javaflappybird/sound/die.wav
14:07:58.912 [FXGL Background Thread 2 ] DEBUG FXGLAssetLoaderServi - Loading from file system: file:/D:/JavaFlappyBird/target/classes/com/javaflappybird/sound/collide.wav
14:07:58.940 [FXGL Background Thread 2 ] INFO  FXGLApplication      - Game initialization took: 0.320 sec
14:07:58.942 [JavaFX Application Thread] DEBUG Input                - Clearing active input actions
14:07:58.951 [JavaFX Application Thread] DEBUG GameApplicationServi - Removing overlay from FXGLLoadingScene and adding to GameScene
14:07:58.953 [JavaFX Application Thread] DEBUG PrimaryStageWindow   - FXGLLoadingScene -> GameScene
14:08:03.945 [JavaFX Application Thread] DEBUG PrimaryStageWindow   - Push state: FinishMenu
14:08:03.947 [JavaFX Application Thread] DEBUG Input                - Clearing active input actions
14:08:03.948 [JavaFX Application Thread] DEBUG GameApplicationServi - Removing overlay from GameScene and adding to FinishMenu
14:08:03.949 [JavaFX Application Thread] DEBUG PrimaryStageWindow   - GameScene -> FinishMenu
14:08:05.360 [JavaFX Application Thread] DEBUG Menu                 - fireNewGame()
14:08:05.360 [JavaFX Application Thread] DEBUG GameApplicationServi - Starting new game
14:08:05.360 [JavaFX Application Thread] DEBUG PrimaryStageWindow   - Pop state: FinishMenu
14:08:05.360 [JavaFX Application Thread] DEBUG Input                - Clearing active input actions
14:08:05.361 [JavaFX Application Thread] DEBUG GameApplicationServi - Removing overlay from FinishMenu and adding to GameScene
14:08:05.361 [JavaFX Application Thread] DEBUG PrimaryStageWindow   - GameScene <- FinishMenu
14:08:05.362 [JavaFX Application Thread] DEBUG Input                - Clearing active input actions
14:08:05.374 [JavaFX Application Thread] DEBUG GameApplicationServi - Removing overlay from GameScene and adding to FXGLLoadingScene
14:08:05.374 [JavaFX Application Thread] DEBUG PrimaryStageWindow   - GameScene -> FXGLLoadingScene
14:08:05.374 [JavaFX Application Thread] DEBUG GameApplicationServi - Clearing previous game
14:08:05.374 [JavaFX Application Thread] DEBUG GameScene            - Clearing game scene
14:08:05.375 [JavaFX Application Thread] DEBUG GameWorld            - Clearing game world
14:08:05.382 [JavaFX Application Thread] DEBUG PhysicsWorld         - Clearing physics world
14:08:05.383 [FXGL Background Thread 2 ] DEBUG FXGLApplication      - Initializing game
14:08:05.541 [FXGL Background Thread 2 ] INFO  FXGLApplication      - Game initialization took: 0.159 sec
14:08:05.542 [JavaFX Application Thread] DEBUG Input                - Clearing active input actions
14:08:05.551 [JavaFX Application Thread] DEBUG GameApplicationServi - Removing overlay from FXGLLoadingScene and adding to GameScene
14:08:05.552 [JavaFX Application Thread] DEBUG PrimaryStageWindow   - FXGLLoadingScene -> GameScene
14:08:06.659 [JavaFX Application Thread] DEBUG PrimaryStageWindow   - Push state: FinishMenu
14:08:06.661 [JavaFX Application Thread] DEBUG Input                - Clearing active input actions
14:08:06.662 [JavaFX Application Thread] DEBUG GameApplicationServi - Removing overlay from GameScene and adding to FinishMenu
14:08:06.662 [JavaFX Application Thread] DEBUG PrimaryStageWindow   - GameScene -> FinishMenu
14:08:07.965 [JavaFX Application Thread] DEBUG Menu                 - fireNewGame()
14:08:07.965 [JavaFX Application Thread] DEBUG GameApplicationServi - Starting new game
14:08:07.965 [JavaFX Application Thread] DEBUG PrimaryStageWindow   - Pop state: FinishMenu
14:08:07.965 [JavaFX Application Thread] DEBUG Input                - Clearing active input actions
14:08:07.966 [JavaFX Application Thread] DEBUG GameApplicationServi - Removing overlay from FinishMenu and adding to GameScene
14:08:07.966 [JavaFX Application Thread] DEBUG PrimaryStageWindow   - GameScene <- FinishMenu
14:08:07.966 [JavaFX Application Thread] DEBUG Input                - Clearing active input actions
14:08:07.975 [JavaFX Application Thread] DEBUG GameApplicationServi - Removing overlay from GameScene and adding to FXGLLoadingScene
14:08:07.975 [JavaFX Application Thread] DEBUG PrimaryStageWindow   - GameScene -> FXGLLoadingScene
14:08:07.975 [JavaFX Application Thread] DEBUG GameApplicationServi - Clearing previous game
14:08:07.975 [JavaFX Application Thread] DEBUG GameScene            - Clearing game scene
14:08:07.975 [JavaFX Application Thread] DEBUG GameWorld            - Clearing game world
14:08:07.978 [JavaFX Application Thread] DEBUG PhysicsWorld         - Clearing physics world
14:08:07.980 [FXGL Background Thread 2 ] DEBUG FXGLApplication      - Initializing game
14:08:08.128 [FXGL Background Thread 2 ] INFO  FXGLApplication      - Game initialization took: 0.147 sec
14:08:08.129 [JavaFX Application Thread] DEBUG Input                - Clearing active input actions
14:08:08.136 [JavaFX Application Thread] DEBUG GameApplicationServi - Removing overlay from FXGLLoadingScene and adding to GameScene
14:08:08.136 [JavaFX Application Thread] DEBUG PrimaryStageWindow   - FXGLLoadingScene -> GameScene
14:08:13.065 [JavaFX Application Thread] DEBUG PrimaryStageWindow   - Push state: FinishMenu
14:08:13.067 [JavaFX Application Thread] DEBUG Input                - Clearing active input actions
14:08:13.068 [JavaFX Application Thread] DEBUG GameApplicationServi - Removing overlay from GameScene and adding to FinishMenu
14:08:13.068 [JavaFX Application Thread] DEBUG PrimaryStageWindow   - GameScene -> FinishMenu
14:08:14.375 [JavaFX Application Thread] DEBUG Menu                 - fireNewGame()
14:08:14.375 [JavaFX Application Thread] DEBUG GameApplicationServi - Starting new game
14:08:14.375 [JavaFX Application Thread] DEBUG PrimaryStageWindow   - Pop state: FinishMenu
14:08:14.375 [JavaFX Application Thread] DEBUG Input                - Clearing active input actions
14:08:14.376 [JavaFX Application Thread] DEBUG GameApplicationServi - Removing overlay from FinishMenu and adding to GameScene
14:08:14.376 [JavaFX Application Thread] DEBUG PrimaryStageWindow   - GameScene <- FinishMenu
14:08:14.376 [JavaFX Application Thread] DEBUG Input                - Clearing active input actions
14:08:14.382 [JavaFX Application Thread] DEBUG GameApplicationServi - Removing overlay from GameScene and adding to FXGLLoadingScene
14:08:14.383 [JavaFX Application Thread] DEBUG PrimaryStageWindow   - GameScene -> FXGLLoadingScene
14:08:14.383 [JavaFX Application Thread] DEBUG GameApplicationServi - Clearing previous game
14:08:14.383 [JavaFX Application Thread] DEBUG GameScene            - Clearing game scene
14:08:14.383 [JavaFX Application Thread] DEBUG GameWorld            - Clearing game world
14:08:14.384 [JavaFX Application Thread] DEBUG PhysicsWorld         - Clearing physics world
14:08:14.385 [FXGL Background Thread 2 ] DEBUG FXGLApplication      - Initializing game
14:08:14.491 [FXGL Background Thread 2 ] INFO  FXGLApplication      - Game initialization took: 0.106 sec
14:08:14.492 [JavaFX Application Thread] DEBUG Input                - Clearing active input actions
14:08:14.499 [JavaFX Application Thread] DEBUG GameApplicationServi - Removing overlay from FXGLLoadingScene and adding to GameScene
14:08:14.500 [JavaFX Application Thread] DEBUG PrimaryStageWindow   - FXGLLoadingScene -> GameScene
14:08:26.022 [JavaFX Application Thread] DEBUG PrimaryStageWindow   - Push state: FinishMenu
14:08:26.024 [JavaFX Application Thread] DEBUG Input                - Clearing active input actions
14:08:26.024 [JavaFX Application Thread] DEBUG GameApplicationServi - Removing overlay from GameScene and adding to FinishMenu
14:08:26.024 [JavaFX Application Thread] DEBUG PrimaryStageWindow   - GameScene -> FinishMenu
14:08:29.183 [JavaFX Application Thread] DEBUG FXGLApplication      - Exiting FXGL
14:08:29.183 [JavaFX Application Thread] DEBUG LoopRunner           - Stopping loop
14:08:29.183 [JavaFX Application Thread] DEBUG SystemBundleService  - Saving FXGL system data
14:08:29.190 [JavaFX Application Thread] DEBUG FileSystemAccess     - Writing to: D:\JavaFlappyBird\system\fxgl.bundle
14:08:29.195 [JavaFX Application Thread] DEBUG Async                - Shutting down background threads
14:08:29.196 [JavaFX Application Thread] DEBUG PrimaryStageWindow   - Closing main window
14:08:29.231 [JavaFX Application Thread] DEBUG Logger               - Closing Logger
