23:23:07.941 [main                     ] DEBUG Logger               - Configured Logger
23:23:07.967 [main                     ] DEBUG GameApplication      - Logging settings
Title: Java Flappy Bird
Version: 1.0
Width: 500
Height: 700
Fullscreen: false
Intro: false
Profiling: false
Single step:false
App Mode: DEVELOPER
Menu Key: ESCAPE
Stage Style: DECORATED
Scene Factory: class com.javaflappybird.App$1

23:23:08.333 [JavaFX Application Thread] DEBUG FXGLApplication      - Initializing FXGL
23:23:08.339 [JavaFX Application Thread] INFO  Engine               - FXGL-17.1 (24.03.2022 17.34) on WINDOWS (J:18.0.2.1 FX:18.0.1)
23:23:08.339 [JavaFX Application Thread] DEBUG Engine               - JRE Vendor Name: Oracle Corporation
23:23:08.339 [JavaFX Application Thread] DEBUG Engine               - Running on OS: Windows 10 version 10.0
23:23:08.339 [JavaFX Application Thread] DEBUG Engine               - Architecture: amd64
23:23:08.339 [JavaFX Application Thread] INFO  Engine               - Source code and latest versions at: https://github.com/AlmasB/FXGL
23:23:08.340 [JavaFX Application Thread] INFO  Engine               -       Ask questions and discuss at: https://github.com/AlmasB/FXGL/discussions
23:23:08.340 [JavaFX Application Thread] INFO  Engine               -              Join the FXGL chat at: https://gitter.im/AlmasB/FXGL
23:23:08.410 [JavaFX Application Thread] DEBUG PrimaryStageWindow   - Creating a JavaFX scene
23:23:08.450 [JavaFX Application Thread] DEBUG PrimaryStageWindow   - Target settings size: 500.0 x 700.0
23:23:08.451 [JavaFX Application Thread] DEBUG PrimaryStageWindow   - Scaled scene size:    500.0 x 700.0
23:23:08.451 [JavaFX Application Thread] DEBUG PrimaryStageWindow   - Scaled ratio: (1.0, 1.0)
23:23:08.452 [JavaFX Application Thread] DEBUG PrimaryStageWindow   - Set initial scene to FXGLStartupScene
23:23:08.459 [JavaFX Application Thread] DEBUG PrimaryStageWindow   - Opening main window
23:23:08.536 [JavaFX Application Thread] DEBUG PrimaryStageWindow   - Window border size: (14.4000244140625, 37.5999755859375)
23:23:08.536 [JavaFX Application Thread] DEBUG PrimaryStageWindow   - Scaled size: 500.0 x 700.0
23:23:08.536 [JavaFX Application Thread] DEBUG PrimaryStageWindow   - Scaled ratio: (1.0, 1.0)
23:23:08.537 [JavaFX Application Thread] DEBUG PrimaryStageWindow   - Scene size: 500.0 x 700.0
23:23:08.537 [JavaFX Application Thread] DEBUG PrimaryStageWindow   - Stage size: 514.4000244140625 x 737.5999755859375
23:23:08.544 [FXGL Background Thread 1 ] DEBUG Engine               - Initializing environment variables
23:23:08.616 [FXGL Background Thread 1 ] DEBUG FXGLAssetLoaderServi - User app class for loading assets: class com.javaflappybird.App
23:23:08.616 [FXGL Background Thread 1 ] DEBUG GameApplicationServi - Applying CSS: fxgl_dark.css
23:23:08.617 [FXGL Background Thread 1 ] DEBUG FXGLAssetLoaderServi - Loading from file system: jar:file:///C:/Users/hdngu/.m2/repository/com/github/almasb/fxgl/17.1/fxgl-17.1.jar!/fxglassets/ui/css/fxgl_dark.css
23:23:08.660 [FXGL Background Thread 1 ] DEBUG GameApplicationServi - Initializing application scenes
23:23:08.725 [FXGL Background Thread 1 ] DEBUG GameWorld            - Game world initialized
23:23:08.767 [FXGL Background Thread 1 ] DEBUG PhysicsWorld         - Physics world initialized: appHeight=700, physics.ppm=50.0
23:23:08.768 [FXGL Background Thread 1 ] DEBUG PhysicsWorld         - Using strategy: BRUTE_FORCE
23:23:08.772 [FXGL Background Thread 1 ] DEBUG GameScene            - Game scene initialized: 500x700
23:23:08.854 [FXGL Background Thread 1 ] DEBUG FXGLAssetLoaderServi - Loading from file system: file:/D:/JavaFlappyBird/target/classes/com/javaflappybird/sound/base.mp3
23:23:08.985 [FXGL Background Thread 1 ] DEBUG AudioPlayer          - Playing music com.almasb.fxgl.audio.Music@13760e32
23:23:09.098 [FXGL Background Thread 1 ] DEBUG GameApplicationServi - Application scenes initialized
23:23:09.153 [FXGL Background Thread 1 ] DEBUG SystemBundleService  - Loading FXGL system data
23:23:09.181 [FXGL Background Thread 1 ] DEBUG FileSystemAccess     - Reading from: D:\JavaFlappyBird\system\fxgl.bundle
23:23:09.216 [FXGL Background Thread 1 ] DEBUG SystemBundleService  - Bundle FXGL: {}
23:23:09.216 [FXGL Background Thread 1 ] DEBUG UpdaterService       - Checking for updates
23:23:09.224 [FXGL Background Thread 4 ] DEBUG FXGLApplication      - Loading fonts
23:23:09.225 [FXGL Background Thread 1 ] DEBUG FXGLApplication      - Loading default localization
23:23:09.225 [FXGL Background Thread 4 ] DEBUG FXGLAssetLoaderServi - Loading from file system: jar:file:///C:/Users/hdngu/.m2/repository/com/github/almasb/fxgl/17.1/fxgl-17.1.jar!/fxglassets/ui/fonts/VarelaRound-Regular.ttf
23:23:09.226 [FXGL Background Thread 1 ] DEBUG FXGLAssetLoaderServi - Loading from file system: jar:file:///C:/Users/hdngu/.m2/repository/com/github/almasb/fxgl/17.1/fxgl-17.1.jar!/fxglassets/languages/english.lang
23:23:09.267 [FXGL Background Thread 1 ] INFO  FXGLApplication      - FXGL initialization took: 0.723 sec
23:23:09.284 [JavaFX Application Thread] DEBUG Input                - Registered new binding: action0 - Space
23:23:09.288 [JavaFX Application Thread] DEBUG Input                - Registered new binding: action1 - LMB
23:23:09.288 [JavaFX Application Thread] DEBUG FXGLAssetLoaderServi - Loading from file system: jar:file:///C:/Users/hdngu/.m2/repository/com/github/almasb/fxgl/17.1/fxgl-17.1.jar!/fxglassets/textures/fxgl_icon.png
23:23:09.308 [JavaFX Application Thread] DEBUG FXGLAssetLoaderServi - Loading from file system: jar:file:///C:/Users/hdngu/.m2/repository/com/github/almasb/fxgl/17.1/fxgl-17.1.jar!/fxglassets/textures/fxgl_default_cursor.png
23:23:09.312 [JavaFX Application Thread] DEBUG Input                - Registered new binding: Screenshot - CTRL+8
23:23:09.314 [JavaFX Application Thread] DEBUG Input                - Registered new binding: System info dump - CTRL+9
23:23:09.315 [JavaFX Application Thread] DEBUG Input                - Registered new binding: Restart - CTRL+R
23:23:09.316 [JavaFX Application Thread] DEBUG Input                - Registered new binding: Toggle Debug Camera - CTRL+7
23:23:09.322 [JavaFX Application Thread] DEBUG LoopRunner           - Starting loop
23:23:09.322 [JavaFX Application Thread] DEBUG LoopRunner           - Initializing JavaFX AnimationTimerLoop
23:23:09.325 [FXGL Background Thread 4 ] DEBUG FXGLAssetLoaderServi - Loading from file system: jar:file:///C:/Users/hdngu/.m2/repository/com/github/almasb/fxgl/17.1/fxgl-17.1.jar!/fxglassets/ui/fonts/Abel-Regular.ttf
23:23:09.327 [JavaFX Application Thread] DEBUG Input                - Clearing active input actions
23:23:09.335 [FXGL Background Thread 4 ] DEBUG FXGLAssetLoaderServi - Loading from file system: jar:file:///C:/Users/hdngu/.m2/repository/com/github/almasb/fxgl/17.1/fxgl-17.1.jar!/fxglassets/ui/fonts/TerminalLandMono-Regular.otf
23:23:09.336 [JavaFX Application Thread] DEBUG GameApplicationServi - Removing overlay from FXGLStartupScene and adding to FXGLMainMenuDummyScene
23:23:09.338 [JavaFX Application Thread] DEBUG PrimaryStageWindow   - FXGLStartupScene -> FXGLMainMenuDummyScene
23:23:09.339 [JavaFX Application Thread] DEBUG PrimaryStageWindow   - Push state: MenuGame
23:23:09.349 [FXGL Background Thread 4 ] DEBUG FXGLAssetLoaderServi - Loading from file system: jar:file:///C:/Users/hdngu/.m2/repository/com/github/almasb/fxgl/17.1/fxgl-17.1.jar!/fxglassets/ui/fonts/Courier-Prime.ttf
23:23:09.364 [JavaFX Application Thread] DEBUG Input                - Clearing active input actions
23:23:09.367 [JavaFX Application Thread] DEBUG GameApplicationServi - Removing overlay from FXGLMainMenuDummyScene and adding to MenuGame
23:23:09.368 [JavaFX Application Thread] DEBUG PrimaryStageWindow   - FXGLMainMenuDummyScene -> MenuGame
23:23:09.380 [JavaFX Application Thread] DEBUG FXGLApplication      - Registering font factories with UI factory
23:23:09.846 [FXGL Background Thread 2 ] INFO  UpdaterService       - Your current version:  17.1
23:23:09.846 [FXGL Background Thread 2 ] INFO  UpdaterService       - Latest stable version: 17.2
23:23:10.850 [JavaFX Application Thread] DEBUG Menu                 - fireNewGame()
23:23:10.850 [JavaFX Application Thread] DEBUG GameApplicationServi - Starting new game
23:23:10.850 [JavaFX Application Thread] DEBUG PrimaryStageWindow   - Pop state: MenuGame
23:23:10.850 [JavaFX Application Thread] DEBUG Input                - Clearing active input actions
23:23:10.851 [JavaFX Application Thread] DEBUG GameApplicationServi - Removing overlay from MenuGame and adding to FXGLMainMenuDummyScene
23:23:10.851 [JavaFX Application Thread] DEBUG PrimaryStageWindow   - FXGLMainMenuDummyScene <- MenuGame
23:23:10.851 [JavaFX Application Thread] DEBUG Input                - Clearing active input actions
23:23:10.856 [JavaFX Application Thread] DEBUG GameApplicationServi - Removing overlay from FXGLMainMenuDummyScene and adding to FXGLLoadingScene
23:23:10.856 [JavaFX Application Thread] DEBUG PrimaryStageWindow   - FXGLMainMenuDummyScene -> FXGLLoadingScene
23:23:10.856 [JavaFX Application Thread] DEBUG GameApplicationServi - Clearing previous game
23:23:10.856 [JavaFX Application Thread] DEBUG GameScene            - Clearing game scene
23:23:10.856 [JavaFX Application Thread] DEBUG GameWorld            - Clearing game world
23:23:10.856 [JavaFX Application Thread] DEBUG PhysicsWorld         - Clearing physics world
23:23:10.857 [FXGL Background Thread 2 ] DEBUG FXGLApplication      - Initializing game
23:23:10.901 [FXGL Background Thread 2 ] DEBUG FXGLAssetLoaderServi - Loading from file system: file:/D:/JavaFlappyBird/target/classes/com/javaflappybird/sound/jump.wav
23:23:10.922 [FXGL Background Thread 2 ] DEBUG FXGLAssetLoaderServi - Loading from file system: file:/D:/JavaFlappyBird/target/classes/com/javaflappybird/sound/congdiem.wav
23:23:10.938 [FXGL Background Thread 2 ] DEBUG FXGLAssetLoaderServi - Loading from file system: file:/D:/JavaFlappyBird/target/classes/com/javaflappybird/sound/die.wav
23:23:10.940 [FXGL Background Thread 2 ] DEBUG FXGLAssetLoaderServi - Loading from file system: file:/D:/JavaFlappyBird/target/classes/com/javaflappybird/sound/collide.wav
23:23:10.942 [FXGL Background Thread 2 ] INFO  FXGLApplication      - Game initialization took: 0.085 sec
23:23:10.943 [JavaFX Application Thread] DEBUG Input                - Clearing active input actions
23:23:10.948 [JavaFX Application Thread] DEBUG GameApplicationServi - Removing overlay from FXGLLoadingScene and adding to GameScene
23:23:10.949 [JavaFX Application Thread] DEBUG PrimaryStageWindow   - FXGLLoadingScene -> GameScene
23:23:12.046 [JavaFX Application Thread] DEBUG PrimaryStageWindow   - Push state: FinishMenu
23:23:12.049 [JavaFX Application Thread] DEBUG Input                - Clearing active input actions
23:23:12.049 [JavaFX Application Thread] DEBUG GameApplicationServi - Removing overlay from GameScene and adding to FinishMenu
23:23:12.049 [JavaFX Application Thread] DEBUG PrimaryStageWindow   - GameScene -> FinishMenu
23:23:12.221 [FXGL Background Thread 3 ] DEBUG Engine               - Logging environment variables
23:23:12.221 [FXGL Background Thread 3 ] DEBUG Engine               - achievements: []
23:23:12.221 [FXGL Background Thread 3 ] DEBUG Engine               - actualHeight: 700.0
23:23:12.221 [FXGL Background Thread 3 ] DEBUG Engine               - actualHeightProperty: ReadOnlyDoubleProperty [value: 700.0]
23:23:12.222 [FXGL Background Thread 3 ] DEBUG Engine               - actualWidth: 500.0
23:23:12.222 [FXGL Background Thread 3 ] DEBUG Engine               - actualWidthProperty: ReadOnlyDoubleProperty [value: 500.0]
23:23:12.222 [FXGL Background Thread 3 ] DEBUG Engine               - appIcon: fxgl_icon.png
23:23:12.222 [FXGL Background Thread 3 ] DEBUG Engine               - applicationMode: DEVELOPER
23:23:12.222 [FXGL Background Thread 3 ] DEBUG Engine               - cSSList: [fxgl_dark.css]
23:23:12.222 [FXGL Background Thread 3 ] DEBUG Engine               - collisionDetectionStrategy: BRUTE_FORCE
23:23:12.222 [FXGL Background Thread 3 ] DEBUG Engine               - configClass: Optional.empty
23:23:12.222 [FXGL Background Thread 3 ] DEBUG Engine               - credits: []
23:23:12.223 [FXGL Background Thread 3 ] DEBUG Engine               - defaultCursor: CursorInfo(imageName=fxgl_default_cursor.png, hotspotX=7.0, hotspotY=6.0)
23:23:12.224 [FXGL Background Thread 3 ] DEBUG Engine               - devBBoxColorProperty: ObjectProperty [value: 0xff0000ff]
23:23:12.224 [FXGL Background Thread 3 ] DEBUG Engine               - devEnableDebugCameraProperty: BooleanProperty [value: false]
23:23:12.224 [FXGL Background Thread 3 ] DEBUG Engine               - devSensorColorProperty: ObjectProperty [value: 0xffff00ff]
23:23:12.224 [FXGL Background Thread 3 ] DEBUG Engine               - devShowBBoxProperty: BooleanProperty [value: false]
23:23:12.224 [FXGL Background Thread 3 ] DEBUG Engine               - devShowPositionProperty: BooleanProperty [value: false]
23:23:12.224 [FXGL Background Thread 3 ] DEBUG Engine               - enabledMenuItems: []
23:23:12.224 [FXGL Background Thread 3 ] DEBUG Engine               - engineServices: [class com.almasb.fxgl.app.services.FXGLAssetLoaderService, class com.almasb.fxgl.app.FXGLApplication$GameApplicationService, class com.almasb.fxgl.app.services.FXGLDialogService, class com.almasb.fxgl.app.services.IOTaskExecutorService, class com.almasb.fxgl.io.FileSystemService, class com.almasb.fxgl.localization.LocalizationService, class com.almasb.fxgl.app.services.SystemBundleService, class com.almasb.fxgl.profile.SaveLoadService, class com.almasb.fxgl.ui.FXGLUIFactoryServiceProvider, class com.almasb.fxgl.ui.FXGLDialogFactoryServiceProvider, class com.almasb.fxgl.audio.AudioPlayer, class com.almasb.fxgl.notification.impl.NotificationServiceProvider, class com.almasb.fxgl.achievement.AchievementService, class com.almasb.fxgl.cutscene.CutsceneService, class com.almasb.fxgl.minigames.MiniGameService, class com.almasb.fxgl.net.NetService, class com.almasb.fxgl.app.services.UpdaterService, class com.almasb.fxgl.dev.DevService]
23:23:12.224 [FXGL Background Thread 3 ] DEBUG Engine               - fontGame: Abel-Regular.ttf
23:23:12.224 [FXGL Background Thread 3 ] DEBUG Engine               - fontMono: TerminalLandMono-Regular.otf
23:23:12.224 [FXGL Background Thread 3 ] DEBUG Engine               - fontText: Courier-Prime.ttf
23:23:12.224 [FXGL Background Thread 3 ] DEBUG Engine               - fontUI: VarelaRound-Regular.ttf
23:23:12.224 [FXGL Background Thread 3 ] DEBUG Engine               - fullScreen: BooleanProperty [value: false]
23:23:12.224 [FXGL Background Thread 3 ] DEBUG Engine               - gameDifficulty: MEDIUM
23:23:12.224 [FXGL Background Thread 3 ] DEBUG Engine               - gameDifficultyProperty: ObjectProperty [value: MEDIUM]
23:23:12.224 [FXGL Background Thread 3 ] DEBUG Engine               - globalMusicVolume: 0.5
23:23:12.224 [FXGL Background Thread 3 ] DEBUG Engine               - globalMusicVolumeProperty: DoubleProperty [value: 0.5]
23:23:12.224 [FXGL Background Thread 3 ] DEBUG Engine               - globalSoundVolume: 0.5
23:23:12.224 [FXGL Background Thread 3 ] DEBUG Engine               - globalSoundVolumeProperty: DoubleProperty [value: 0.5]
23:23:12.224 [FXGL Background Thread 3 ] DEBUG Engine               - height: 700
23:23:12.224 [FXGL Background Thread 3 ] DEBUG Engine               - is3D: false
23:23:12.224 [FXGL Background Thread 3 ] DEBUG Engine               - isAndroid: false
23:23:12.224 [FXGL Background Thread 3 ] DEBUG Engine               - isBrowser: false
23:23:12.224 [FXGL Background Thread 3 ] DEBUG Engine               - isClickFeedbackEnabled: false
23:23:12.224 [FXGL Background Thread 3 ] DEBUG Engine               - isCloseConfirmation: false
23:23:12.224 [FXGL Background Thread 3 ] DEBUG Engine               - isDesktop: true
23:23:12.224 [FXGL Background Thread 3 ] DEBUG Engine               - isDeveloperMenuEnabled: false
23:23:12.225 [FXGL Background Thread 3 ] DEBUG Engine               - isEmbedded: false
23:23:12.225 [FXGL Background Thread 3 ] DEBUG Engine               - isEntityPreloadEnabled: true
23:23:12.225 [FXGL Background Thread 3 ] DEBUG Engine               - isExperimentalTiledLargeMap: false
23:23:12.225 [FXGL Background Thread 3 ] DEBUG Engine               - isFileSystemWriteAllowed: true
23:23:12.225 [FXGL Background Thread 3 ] DEBUG Engine               - isFullScreenAllowed: false
23:23:12.225 [FXGL Background Thread 3 ] DEBUG Engine               - isFullScreenFromStart: false
23:23:12.225 [FXGL Background Thread 3 ] DEBUG Engine               - isGameMenuEnabled: true
23:23:12.225 [FXGL Background Thread 3 ] DEBUG Engine               - isIOS: false
23:23:12.225 [FXGL Background Thread 3 ] DEBUG Engine               - isIntroEnabled: false
23:23:12.225 [FXGL Background Thread 3 ] DEBUG Engine               - isLinux: false
23:23:12.225 [FXGL Background Thread 3 ] DEBUG Engine               - isMac: false
23:23:12.225 [FXGL Background Thread 3 ] DEBUG Engine               - isMainMenuEnabled: true
23:23:12.225 [FXGL Background Thread 3 ] DEBUG Engine               - isManualResizeEnabled: false
23:23:12.225 [FXGL Background Thread 3 ] DEBUG Engine               - isMobile: false
23:23:12.225 [FXGL Background Thread 3 ] DEBUG Engine               - isNative: false
23:23:12.225 [FXGL Background Thread 3 ] DEBUG Engine               - isPauseMusicWhenMinimized: true
23:23:12.225 [FXGL Background Thread 3 ] DEBUG Engine               - isPreserveResizeRatio: false
23:23:12.225 [FXGL Background Thread 3 ] DEBUG Engine               - isProfilingEnabled: false
23:23:12.225 [FXGL Background Thread 3 ] DEBUG Engine               - isScaleAffectedOnResize: true
23:23:12.225 [FXGL Background Thread 3 ] DEBUG Engine               - isSingleStep: false
23:23:12.225 [FXGL Background Thread 3 ] DEBUG Engine               - isUserProfileEnabled: false
23:23:12.225 [FXGL Background Thread 3 ] DEBUG Engine               - isWindows: true
23:23:12.225 [FXGL Background Thread 3 ] DEBUG Engine               - language: ObjectProperty [value: ENGLISH]
23:23:12.225 [FXGL Background Thread 3 ] DEBUG Engine               - menuKey: ESCAPE
23:23:12.225 [FXGL Background Thread 3 ] DEBUG Engine               - mouseSensitivity: 0.2
23:23:12.225 [FXGL Background Thread 3 ] DEBUG Engine               - notificationViewClass: class com.almasb.fxgl.notification.view.XboxNotificationView
23:23:12.225 [FXGL Background Thread 3 ] DEBUG Engine               - pixelsPerMeter: 50.0
23:23:12.225 [FXGL Background Thread 3 ] DEBUG Engine               - platform: WINDOWS
23:23:12.225 [FXGL Background Thread 3 ] DEBUG Engine               - prefHeightProperty: ReadOnlyDoubleProperty [value: 700.0]
23:23:12.225 [FXGL Background Thread 3 ] DEBUG Engine               - prefWidthProperty: ReadOnlyDoubleProperty [value: 500.0]
23:23:12.225 [FXGL Background Thread 3 ] DEBUG Engine               - profileDir: profiles/
23:23:12.225 [FXGL Background Thread 3 ] DEBUG Engine               - profileName: StringProperty [value: DEFAULT]
23:23:12.225 [FXGL Background Thread 3 ] DEBUG Engine               - randomSeed: -1
23:23:12.226 [FXGL Background Thread 3 ] DEBUG Engine               - runtimeInfo: RuntimeInfo(platform=WINDOWS, version=17.1, build=24.03.2022 17.34)
23:23:12.226 [FXGL Background Thread 3 ] DEBUG Engine               - saveFileExt: sav
23:23:12.226 [FXGL Background Thread 3 ] DEBUG Engine               - scaledHeightProp$fxgl: DoubleProperty [bound, value: 700.0]
23:23:12.226 [FXGL Background Thread 3 ] DEBUG Engine               - scaledWidthProp$fxgl: DoubleProperty [bound, value: 500.0]
23:23:12.226 [FXGL Background Thread 3 ] DEBUG Engine               - sceneFactory: com.javaflappybird.App$1@ddee2a
23:23:12.226 [FXGL Background Thread 3 ] DEBUG Engine               - secondsIn24h: 60
23:23:12.226 [FXGL Background Thread 3 ] DEBUG Engine               - soundMenuBack: menu/back.wav
23:23:12.226 [FXGL Background Thread 3 ] DEBUG Engine               - soundMenuPress: menu/press.wav
23:23:12.226 [FXGL Background Thread 3 ] DEBUG Engine               - soundMenuSelect: menu/select.wav
23:23:12.226 [FXGL Background Thread 3 ] DEBUG Engine               - soundNotification: core/notification.wav
23:23:12.226 [FXGL Background Thread 3 ] DEBUG Engine               - stageStyle: DECORATED
23:23:12.226 [FXGL Background Thread 3 ] DEBUG Engine               - supportedLanguages: [ENGLISH, FRENCH, GERMAN, HUNGARIAN, RUSSIAN]
23:23:12.226 [FXGL Background Thread 3 ] DEBUG Engine               - ticksPerSecond: -1
23:23:12.226 [FXGL Background Thread 3 ] DEBUG Engine               - title: Java Flappy Bird
23:23:12.226 [FXGL Background Thread 3 ] DEBUG Engine               - urlGithub: https://github.com/AlmasB/FXGL
23:23:12.226 [FXGL Background Thread 3 ] DEBUG Engine               - urlLeaderboard: http://fxgl-top.herokuapp.com/
23:23:12.226 [FXGL Background Thread 3 ] DEBUG Engine               - urlPOM: https://raw.githubusercontent.com/AlmasB/FXGL/release/README.md
23:23:12.226 [FXGL Background Thread 3 ] DEBUG Engine               - userAppClass: class com.javaflappybird.App
23:23:12.226 [FXGL Background Thread 3 ] DEBUG Engine               - version: 1.0
23:23:12.226 [FXGL Background Thread 3 ] DEBUG Engine               - versionCheckDays: 7
23:23:12.226 [FXGL Background Thread 3 ] DEBUG Engine               - width: 500
23:23:12.226 [FXGL Background Thread 3 ] DEBUG Engine               - Logging services
23:23:12.226 [FXGL Background Thread 3 ] DEBUG Engine               - class com.almasb.fxgl.app.services.FXGLAssetLoaderService
23:23:12.226 [FXGL Background Thread 3 ] DEBUG Engine               - class com.almasb.fxgl.app.FXGLApplication$GameApplicationService
23:23:12.226 [FXGL Background Thread 3 ] DEBUG Engine               - class com.almasb.fxgl.app.services.FXGLDialogService
23:23:12.226 [FXGL Background Thread 3 ] DEBUG Engine               - class com.almasb.fxgl.app.services.IOTaskExecutorService
23:23:12.226 [FXGL Background Thread 3 ] DEBUG Engine               - class com.almasb.fxgl.io.FileSystemService
23:23:12.226 [FXGL Background Thread 3 ] DEBUG Engine               - class com.almasb.fxgl.localization.LocalizationService
23:23:12.226 [FXGL Background Thread 3 ] DEBUG Engine               - class com.almasb.fxgl.app.services.SystemBundleService
23:23:12.226 [FXGL Background Thread 3 ] DEBUG Engine               - class com.almasb.fxgl.profile.SaveLoadService
23:23:12.226 [FXGL Background Thread 3 ] DEBUG Engine               - class com.almasb.fxgl.ui.FXGLUIFactoryServiceProvider
23:23:12.226 [FXGL Background Thread 3 ] DEBUG Engine               - class com.almasb.fxgl.ui.FXGLDialogFactoryServiceProvider
23:23:12.226 [FXGL Background Thread 3 ] DEBUG Engine               - class com.almasb.fxgl.audio.AudioPlayer
23:23:12.226 [FXGL Background Thread 3 ] DEBUG Engine               - class com.almasb.fxgl.notification.impl.NotificationServiceProvider
23:23:12.226 [FXGL Background Thread 3 ] DEBUG Engine               - class com.almasb.fxgl.achievement.AchievementService
23:23:12.226 [FXGL Background Thread 3 ] DEBUG Engine               - class com.almasb.fxgl.cutscene.CutsceneService
23:23:12.226 [FXGL Background Thread 3 ] DEBUG Engine               - class com.almasb.fxgl.minigames.MiniGameService
23:23:12.226 [FXGL Background Thread 3 ] DEBUG Engine               - class com.almasb.fxgl.net.NetService
23:23:12.226 [FXGL Background Thread 3 ] DEBUG Engine               - class com.almasb.fxgl.app.services.UpdaterService
23:23:12.227 [FXGL Background Thread 3 ] DEBUG Engine               - class com.almasb.fxgl.dev.DevService
23:23:15.425 [JavaFX Application Thread] DEBUG Menu                 - fireNewGame()
23:23:15.426 [JavaFX Application Thread] DEBUG GameApplicationServi - Starting new game
23:23:15.426 [JavaFX Application Thread] DEBUG PrimaryStageWindow   - Pop state: FinishMenu
23:23:15.426 [JavaFX Application Thread] DEBUG Input                - Clearing active input actions
23:23:15.426 [JavaFX Application Thread] DEBUG GameApplicationServi - Removing overlay from FinishMenu and adding to GameScene
23:23:15.426 [JavaFX Application Thread] DEBUG PrimaryStageWindow   - GameScene <- FinishMenu
23:23:15.426 [JavaFX Application Thread] DEBUG Input                - Clearing active input actions
23:23:15.431 [JavaFX Application Thread] DEBUG GameApplicationServi - Removing overlay from GameScene and adding to FXGLLoadingScene
23:23:15.431 [JavaFX Application Thread] DEBUG PrimaryStageWindow   - GameScene -> FXGLLoadingScene
23:23:15.431 [JavaFX Application Thread] DEBUG GameApplicationServi - Clearing previous game
23:23:15.431 [JavaFX Application Thread] DEBUG GameScene            - Clearing game scene
23:23:15.431 [JavaFX Application Thread] DEBUG GameWorld            - Clearing game world
23:23:15.433 [JavaFX Application Thread] DEBUG PhysicsWorld         - Clearing physics world
23:23:15.434 [FXGL Background Thread 2 ] DEBUG FXGLApplication      - Initializing game
23:23:15.501 [FXGL Background Thread 2 ] INFO  FXGLApplication      - Game initialization took: 0.067 sec
23:23:15.502 [JavaFX Application Thread] DEBUG Input                - Clearing active input actions
23:23:15.504 [JavaFX Application Thread] DEBUG GameApplicationServi - Removing overlay from FXGLLoadingScene and adding to GameScene
23:23:15.505 [JavaFX Application Thread] DEBUG PrimaryStageWindow   - FXGLLoadingScene -> GameScene
23:23:16.591 [JavaFX Application Thread] DEBUG PrimaryStageWindow   - Push state: FinishMenu
23:23:16.592 [JavaFX Application Thread] DEBUG Input                - Clearing active input actions
23:23:16.593 [JavaFX Application Thread] DEBUG GameApplicationServi - Removing overlay from GameScene and adding to FinishMenu
23:23:16.593 [JavaFX Application Thread] DEBUG PrimaryStageWindow   - GameScene -> FinishMenu
23:23:17.368 [JavaFX Application Thread] DEBUG Menu                 - fireNewGame()
23:23:17.368 [JavaFX Application Thread] DEBUG GameApplicationServi - Starting new game
23:23:17.368 [JavaFX Application Thread] DEBUG PrimaryStageWindow   - Pop state: FinishMenu
23:23:17.368 [JavaFX Application Thread] DEBUG Input                - Clearing active input actions
23:23:17.368 [JavaFX Application Thread] DEBUG GameApplicationServi - Removing overlay from FinishMenu and adding to GameScene
23:23:17.368 [JavaFX Application Thread] DEBUG PrimaryStageWindow   - GameScene <- FinishMenu
23:23:17.368 [JavaFX Application Thread] DEBUG Input                - Clearing active input actions
23:23:17.372 [JavaFX Application Thread] DEBUG GameApplicationServi - Removing overlay from GameScene and adding to FXGLLoadingScene
23:23:17.372 [JavaFX Application Thread] DEBUG PrimaryStageWindow   - GameScene -> FXGLLoadingScene
23:23:17.372 [JavaFX Application Thread] DEBUG GameApplicationServi - Clearing previous game
23:23:17.372 [JavaFX Application Thread] DEBUG GameScene            - Clearing game scene
23:23:17.372 [JavaFX Application Thread] DEBUG GameWorld            - Clearing game world
23:23:17.373 [JavaFX Application Thread] DEBUG PhysicsWorld         - Clearing physics world
23:23:17.373 [FXGL Background Thread 2 ] DEBUG FXGLApplication      - Initializing game
23:23:17.425 [FXGL Background Thread 2 ] INFO  FXGLApplication      - Game initialization took: 0.052 sec
23:23:17.426 [JavaFX Application Thread] DEBUG Input                - Clearing active input actions
23:23:17.428 [JavaFX Application Thread] DEBUG GameApplicationServi - Removing overlay from FXGLLoadingScene and adding to GameScene
23:23:17.429 [JavaFX Application Thread] DEBUG PrimaryStageWindow   - FXGLLoadingScene -> GameScene
23:23:19.308 [JavaFX Application Thread] DEBUG PrimaryStageWindow   - Push state: FinishMenu
23:23:19.312 [JavaFX Application Thread] DEBUG Input                - Clearing active input actions
23:23:19.312 [JavaFX Application Thread] DEBUG GameApplicationServi - Removing overlay from GameScene and adding to FinishMenu
23:23:19.313 [JavaFX Application Thread] DEBUG PrimaryStageWindow   - GameScene -> FinishMenu
23:23:20.185 [JavaFX Application Thread] DEBUG Menu                 - fireNewGame()
23:23:20.185 [JavaFX Application Thread] DEBUG GameApplicationServi - Starting new game
23:23:20.185 [JavaFX Application Thread] DEBUG PrimaryStageWindow   - Pop state: FinishMenu
23:23:20.185 [JavaFX Application Thread] DEBUG Input                - Clearing active input actions
23:23:20.186 [JavaFX Application Thread] DEBUG GameApplicationServi - Removing overlay from FinishMenu and adding to GameScene
23:23:20.186 [JavaFX Application Thread] DEBUG PrimaryStageWindow   - GameScene <- FinishMenu
23:23:20.186 [JavaFX Application Thread] DEBUG Input                - Clearing active input actions
23:23:20.188 [JavaFX Application Thread] DEBUG GameApplicationServi - Removing overlay from GameScene and adding to FXGLLoadingScene
23:23:20.188 [JavaFX Application Thread] DEBUG PrimaryStageWindow   - GameScene -> FXGLLoadingScene
23:23:20.188 [JavaFX Application Thread] DEBUG GameApplicationServi - Clearing previous game
23:23:20.188 [JavaFX Application Thread] DEBUG GameScene            - Clearing game scene
23:23:20.188 [JavaFX Application Thread] DEBUG GameWorld            - Clearing game world
23:23:20.189 [JavaFX Application Thread] DEBUG PhysicsWorld         - Clearing physics world
23:23:20.189 [FXGL Background Thread 2 ] DEBUG FXGLApplication      - Initializing game
23:23:20.235 [FXGL Background Thread 2 ] INFO  FXGLApplication      - Game initialization took: 0.046 sec
23:23:20.236 [JavaFX Application Thread] DEBUG Input                - Clearing active input actions
23:23:20.239 [JavaFX Application Thread] DEBUG GameApplicationServi - Removing overlay from FXGLLoadingScene and adding to GameScene
23:23:20.239 [JavaFX Application Thread] DEBUG PrimaryStageWindow   - FXGLLoadingScene -> GameScene
23:23:22.364 [JavaFX Application Thread] DEBUG PrimaryStageWindow   - Push state: FinishMenu
23:23:22.365 [JavaFX Application Thread] DEBUG Input                - Clearing active input actions
23:23:22.365 [JavaFX Application Thread] DEBUG GameApplicationServi - Removing overlay from GameScene and adding to FinishMenu
23:23:22.365 [JavaFX Application Thread] DEBUG PrimaryStageWindow   - GameScene -> FinishMenu
23:23:23.591 [JavaFX Application Thread] DEBUG FXGLApplication      - Exiting FXGL
23:23:23.592 [JavaFX Application Thread] DEBUG LoopRunner           - Stopping loop
23:23:23.592 [JavaFX Application Thread] DEBUG SystemBundleService  - Saving FXGL system data
23:23:23.593 [JavaFX Application Thread] DEBUG FileSystemAccess     - Writing to: D:\JavaFlappyBird\system\fxgl.bundle
23:23:23.595 [JavaFX Application Thread] DEBUG Async                - Shutting down background threads
23:23:23.595 [JavaFX Application Thread] DEBUG PrimaryStageWindow   - Closing main window
23:23:23.604 [JavaFX Application Thread] DEBUG Logger               - Closing Logger
