13:38:17.645 [main                     ] DEBUG Logger               - Configured Logger
13:38:17.684 [main                     ] DEBUG GameApplication      - Logging settings
Title: Java Flappy Bird
Version: 1.0
Width: 500
Height: 700
Fullscreen: false
Intro: false
Profiling: false
Single step:false
App Mode: DEVELOPER
Menu Key: ESCAPE
Stage Style: DECORATED
Scene Factory: class com.javaflappybird.App$1

13:38:18.229 [JavaFX Application Thread] DEBUG FXGLApplication      - Initializing FXGL
13:38:18.241 [JavaFX Application Thread] INFO  Engine               - FXGL-17.1 (24.03.2022 17.34) on WINDOWS (J:18.0.2.1 FX:18.0.1)
13:38:18.242 [JavaFX Application Thread] DEBUG Engine               - JRE Vendor Name: Oracle Corporation
13:38:18.242 [JavaFX Application Thread] DEBUG Engine               - Running on OS: Windows 10 version 10.0
13:38:18.243 [JavaFX Application Thread] DEBUG Engine               - Architecture: amd64
13:38:18.243 [JavaFX Application Thread] INFO  Engine               - Source code and latest versions at: https://github.com/AlmasB/FXGL
13:38:18.243 [JavaFX Application Thread] INFO  Engine               -       Ask questions and discuss at: https://github.com/AlmasB/FXGL/discussions
13:38:18.243 [JavaFX Application Thread] INFO  Engine               -              Join the FXGL chat at: https://gitter.im/AlmasB/FXGL
13:38:18.370 [JavaFX Application Thread] DEBUG PrimaryStageWindow   - Creating a JavaFX scene
13:38:18.413 [JavaFX Application Thread] DEBUG PrimaryStageWindow   - Target settings size: 500.0 x 700.0
13:38:18.414 [JavaFX Application Thread] DEBUG PrimaryStageWindow   - Scaled scene size:    500.0 x 700.0
13:38:18.414 [JavaFX Application Thread] DEBUG PrimaryStageWindow   - Scaled ratio: (1.0, 1.0)
13:38:18.416 [JavaFX Application Thread] DEBUG PrimaryStageWindow   - Set initial scene to FXGLStartupScene
13:38:18.426 [JavaFX Application Thread] DEBUG PrimaryStageWindow   - Opening main window
13:38:18.537 [JavaFX Application Thread] DEBUG PrimaryStageWindow   - Window border size: (14.4000244140625, 37.5999755859375)
13:38:18.538 [JavaFX Application Thread] DEBUG PrimaryStageWindow   - Scaled size: 500.0 x 700.0
13:38:18.539 [JavaFX Application Thread] DEBUG PrimaryStageWindow   - Scaled ratio: (1.0, 1.0)
13:38:18.539 [JavaFX Application Thread] DEBUG PrimaryStageWindow   - Scene size: 500.0 x 700.0
13:38:18.540 [JavaFX Application Thread] DEBUG PrimaryStageWindow   - Stage size: 514.4000244140625 x 737.5999755859375
13:38:18.551 [FXGL Background Thread 1 ] DEBUG Engine               - Initializing environment variables
13:38:18.632 [FXGL Background Thread 1 ] DEBUG FXGLAssetLoaderServi - User app class for loading assets: class com.javaflappybird.App
13:38:18.632 [FXGL Background Thread 1 ] DEBUG GameApplicationServi - Applying CSS: fxgl_dark.css
13:38:18.633 [FXGL Background Thread 1 ] DEBUG FXGLAssetLoaderServi - Loading from file system: jar:file:///C:/Users/hdngu/.m2/repository/com/github/almasb/fxgl/17.1/fxgl-17.1.jar!/fxglassets/ui/css/fxgl_dark.css
13:38:18.689 [FXGL Background Thread 1 ] DEBUG GameApplicationServi - Initializing application scenes
13:38:18.760 [FXGL Background Thread 1 ] DEBUG GameWorld            - Game world initialized
13:38:18.853 [FXGL Background Thread 1 ] DEBUG PhysicsWorld         - Physics world initialized: appHeight=700, physics.ppm=50.0
13:38:18.855 [FXGL Background Thread 1 ] DEBUG PhysicsWorld         - Using strategy: BRUTE_FORCE
13:38:18.866 [FXGL Background Thread 1 ] DEBUG GameScene            - Game scene initialized: 500x700
13:38:19.019 [FXGL Background Thread 1 ] DEBUG FXGLAssetLoaderServi - Loading from file system: file:/D:/JavaFlappyBird/target/classes/com/javaflappybird/sound/base.mp3
13:38:19.225 [FXGL Background Thread 1 ] DEBUG AudioPlayer          - Playing music com.almasb.fxgl.audio.Music@56328fef
13:38:19.431 [FXGL Background Thread 1 ] DEBUG GameApplicationServi - Application scenes initialized
13:38:19.458 [FXGL Background Thread 1 ] DEBUG SystemBundleService  - Loading FXGL system data
13:38:19.469 [FXGL Background Thread 1 ] DEBUG FileSystemAccess     - Reading from: D:\JavaFlappyBird\system\fxgl.bundle
13:38:19.480 [FXGL Background Thread 1 ] DEBUG SystemBundleService  - Bundle FXGL: {}
13:38:19.480 [FXGL Background Thread 1 ] DEBUG UpdaterService       - Checking for updates
13:38:19.487 [FXGL Background Thread 4 ] DEBUG FXGLApplication      - Loading fonts
13:38:19.487 [FXGL Background Thread 1 ] DEBUG FXGLApplication      - Loading default localization
13:38:19.488 [FXGL Background Thread 4 ] DEBUG FXGLAssetLoaderServi - Loading from file system: jar:file:///C:/Users/hdngu/.m2/repository/com/github/almasb/fxgl/17.1/fxgl-17.1.jar!/fxglassets/ui/fonts/VarelaRound-Regular.ttf
13:38:19.488 [FXGL Background Thread 1 ] DEBUG FXGLAssetLoaderServi - Loading from file system: jar:file:///C:/Users/hdngu/.m2/repository/com/github/almasb/fxgl/17.1/fxgl-17.1.jar!/fxglassets/languages/english.lang
13:38:19.515 [FXGL Background Thread 1 ] INFO  FXGLApplication      - FXGL initialization took: 0.964 sec
13:38:19.529 [JavaFX Application Thread] DEBUG Input                - Registered new binding: action0 - Space
13:38:19.532 [JavaFX Application Thread] DEBUG Input                - Registered new binding: action1 - LMB
13:38:19.532 [JavaFX Application Thread] DEBUG FXGLAssetLoaderServi - Loading from file system: jar:file:///C:/Users/hdngu/.m2/repository/com/github/almasb/fxgl/17.1/fxgl-17.1.jar!/fxglassets/textures/fxgl_icon.png
13:38:19.554 [JavaFX Application Thread] DEBUG FXGLAssetLoaderServi - Loading from file system: jar:file:///C:/Users/hdngu/.m2/repository/com/github/almasb/fxgl/17.1/fxgl-17.1.jar!/fxglassets/textures/fxgl_default_cursor.png
13:38:19.558 [JavaFX Application Thread] DEBUG Input                - Registered new binding: Screenshot - CTRL+8
13:38:19.559 [FXGL Background Thread 4 ] DEBUG FXGLAssetLoaderServi - Loading from file system: jar:file:///C:/Users/hdngu/.m2/repository/com/github/almasb/fxgl/17.1/fxgl-17.1.jar!/fxglassets/ui/fonts/Abel-Regular.ttf
13:38:19.560 [JavaFX Application Thread] DEBUG Input                - Registered new binding: Restart - CTRL+R
13:38:19.561 [JavaFX Application Thread] DEBUG Input                - Registered new binding: Toggle Debug Camera - CTRL+7
13:38:19.565 [JavaFX Application Thread] DEBUG LoopRunner           - Starting loop
13:38:19.566 [JavaFX Application Thread] DEBUG LoopRunner           - Initializing JavaFX AnimationTimerLoop
13:38:19.567 [FXGL Background Thread 4 ] DEBUG FXGLAssetLoaderServi - Loading from file system: jar:file:///C:/Users/hdngu/.m2/repository/com/github/almasb/fxgl/17.1/fxgl-17.1.jar!/fxglassets/ui/fonts/TerminalLandMono-Regular.otf
13:38:19.570 [JavaFX Application Thread] DEBUG Input                - Clearing active input actions
13:38:19.575 [FXGL Background Thread 4 ] DEBUG FXGLAssetLoaderServi - Loading from file system: jar:file:///C:/Users/hdngu/.m2/repository/com/github/almasb/fxgl/17.1/fxgl-17.1.jar!/fxglassets/ui/fonts/Courier-Prime.ttf
13:38:19.583 [JavaFX Application Thread] DEBUG GameApplicationServi - Removing overlay from FXGLStartupScene and adding to FXGLMainMenuDummyScene
13:38:19.585 [JavaFX Application Thread] DEBUG PrimaryStageWindow   - FXGLStartupScene -> FXGLMainMenuDummyScene
13:38:19.585 [JavaFX Application Thread] DEBUG PrimaryStageWindow   - Push state: MenuGame
13:38:19.587 [JavaFX Application Thread] DEBUG Input                - Clearing active input actions
13:38:19.593 [JavaFX Application Thread] DEBUG GameApplicationServi - Removing overlay from FXGLMainMenuDummyScene and adding to MenuGame
13:38:19.594 [JavaFX Application Thread] DEBUG PrimaryStageWindow   - FXGLMainMenuDummyScene -> MenuGame
13:38:19.609 [JavaFX Application Thread] DEBUG FXGLApplication      - Registering font factories with UI factory
13:38:21.051 [FXGL Background Thread 2 ] INFO  UpdaterService       - Your current version:  17.1
13:38:21.053 [FXGL Background Thread 2 ] INFO  UpdaterService       - Latest stable version: 17.2
13:38:21.869 [JavaFX Application Thread] DEBUG Menu                 - fireNewGame()
13:38:21.869 [JavaFX Application Thread] DEBUG GameApplicationServi - Starting new game
13:38:21.870 [JavaFX Application Thread] DEBUG PrimaryStageWindow   - Pop state: MenuGame
13:38:21.870 [JavaFX Application Thread] DEBUG Input                - Clearing active input actions
13:38:21.870 [JavaFX Application Thread] DEBUG GameApplicationServi - Removing overlay from MenuGame and adding to FXGLMainMenuDummyScene
13:38:21.871 [JavaFX Application Thread] DEBUG PrimaryStageWindow   - FXGLMainMenuDummyScene <- MenuGame
13:38:21.872 [JavaFX Application Thread] DEBUG Input                - Clearing active input actions
13:38:21.882 [JavaFX Application Thread] DEBUG GameApplicationServi - Removing overlay from FXGLMainMenuDummyScene and adding to FXGLLoadingScene
13:38:21.882 [JavaFX Application Thread] DEBUG PrimaryStageWindow   - FXGLMainMenuDummyScene -> FXGLLoadingScene
13:38:21.882 [JavaFX Application Thread] DEBUG GameApplicationServi - Clearing previous game
13:38:21.882 [JavaFX Application Thread] DEBUG GameScene            - Clearing game scene
13:38:21.882 [JavaFX Application Thread] DEBUG GameWorld            - Clearing game world
13:38:21.883 [JavaFX Application Thread] DEBUG PhysicsWorld         - Clearing physics world
13:38:21.886 [FXGL Background Thread 2 ] DEBUG FXGLApplication      - Initializing game
13:38:21.979 [FXGL Background Thread 2 ] DEBUG FXGLAssetLoaderServi - Loading from file system: file:/D:/JavaFlappyBird/target/classes/com/javaflappybird/sound/jump.wav
13:38:22.037 [FXGL Background Thread 2 ] DEBUG FXGLAssetLoaderServi - Loading from file system: file:/D:/JavaFlappyBird/target/classes/com/javaflappybird/sound/congdiem.wav
13:38:22.080 [FXGL Background Thread 2 ] DEBUG FXGLAssetLoaderServi - Loading from file system: file:/D:/JavaFlappyBird/target/classes/com/javaflappybird/sound/die.wav
13:38:22.092 [FXGL Background Thread 2 ] DEBUG FXGLAssetLoaderServi - Loading from file system: file:/D:/JavaFlappyBird/target/classes/com/javaflappybird/sound/collide.wav
13:38:22.111 [FXGL Background Thread 2 ] INFO  FXGLApplication      - Game initialization took: 0.225 sec
13:38:22.112 [JavaFX Application Thread] DEBUG Input                - Clearing active input actions
13:38:22.124 [JavaFX Application Thread] DEBUG GameApplicationServi - Removing overlay from FXGLLoadingScene and adding to GameScene
13:38:22.124 [JavaFX Application Thread] DEBUG PrimaryStageWindow   - FXGLLoadingScene -> GameScene
13:38:22.485 [FXGL Background Thread 3 ] DEBUG Engine               - Logging environment variables
13:38:22.487 [FXGL Background Thread 3 ] DEBUG Engine               - achievements: []
13:38:22.487 [FXGL Background Thread 3 ] DEBUG Engine               - actualHeight: 700.0
13:38:22.487 [FXGL Background Thread 3 ] DEBUG Engine               - actualHeightProperty: ReadOnlyDoubleProperty [value: 700.0]
13:38:22.487 [FXGL Background Thread 3 ] DEBUG Engine               - actualWidth: 500.0
13:38:22.487 [FXGL Background Thread 3 ] DEBUG Engine               - actualWidthProperty: ReadOnlyDoubleProperty [value: 500.0]
13:38:22.487 [FXGL Background Thread 3 ] DEBUG Engine               - appIcon: fxgl_icon.png
13:38:22.487 [FXGL Background Thread 3 ] DEBUG Engine               - applicationMode: DEVELOPER
13:38:22.487 [FXGL Background Thread 3 ] DEBUG Engine               - cSSList: [fxgl_dark.css]
13:38:22.487 [FXGL Background Thread 3 ] DEBUG Engine               - collisionDetectionStrategy: BRUTE_FORCE
13:38:22.487 [FXGL Background Thread 3 ] DEBUG Engine               - configClass: Optional.empty
13:38:22.488 [FXGL Background Thread 3 ] DEBUG Engine               - credits: []
13:38:22.489 [FXGL Background Thread 3 ] DEBUG Engine               - defaultCursor: CursorInfo(imageName=fxgl_default_cursor.png, hotspotX=7.0, hotspotY=6.0)
13:38:22.489 [FXGL Background Thread 3 ] DEBUG Engine               - devBBoxColorProperty: ObjectProperty [value: 0xff0000ff]
13:38:22.490 [FXGL Background Thread 3 ] DEBUG Engine               - devEnableDebugCameraProperty: BooleanProperty [value: false]
13:38:22.490 [FXGL Background Thread 3 ] DEBUG Engine               - devSensorColorProperty: ObjectProperty [value: 0xffff00ff]
13:38:22.490 [FXGL Background Thread 3 ] DEBUG Engine               - devShowBBoxProperty: BooleanProperty [value: false]
13:38:22.490 [FXGL Background Thread 3 ] DEBUG Engine               - devShowPositionProperty: BooleanProperty [value: false]
13:38:22.490 [FXGL Background Thread 3 ] DEBUG Engine               - enabledMenuItems: []
13:38:22.490 [FXGL Background Thread 3 ] DEBUG Engine               - engineServices: [class com.almasb.fxgl.app.services.FXGLAssetLoaderService, class com.almasb.fxgl.app.FXGLApplication$GameApplicationService, class com.almasb.fxgl.app.services.FXGLDialogService, class com.almasb.fxgl.app.services.IOTaskExecutorService, class com.almasb.fxgl.io.FileSystemService, class com.almasb.fxgl.localization.LocalizationService, class com.almasb.fxgl.app.services.SystemBundleService, class com.almasb.fxgl.profile.SaveLoadService, class com.almasb.fxgl.ui.FXGLUIFactoryServiceProvider, class com.almasb.fxgl.ui.FXGLDialogFactoryServiceProvider, class com.almasb.fxgl.audio.AudioPlayer, class com.almasb.fxgl.notification.impl.NotificationServiceProvider, class com.almasb.fxgl.achievement.AchievementService, class com.almasb.fxgl.cutscene.CutsceneService, class com.almasb.fxgl.minigames.MiniGameService, class com.almasb.fxgl.net.NetService, class com.almasb.fxgl.app.services.UpdaterService, class com.almasb.fxgl.dev.DevService]
13:38:22.490 [FXGL Background Thread 3 ] DEBUG Engine               - fontGame: Abel-Regular.ttf
13:38:22.490 [FXGL Background Thread 3 ] DEBUG Engine               - fontMono: TerminalLandMono-Regular.otf
13:38:22.490 [FXGL Background Thread 3 ] DEBUG Engine               - fontText: Courier-Prime.ttf
13:38:22.490 [FXGL Background Thread 3 ] DEBUG Engine               - fontUI: VarelaRound-Regular.ttf
13:38:22.490 [FXGL Background Thread 3 ] DEBUG Engine               - fullScreen: BooleanProperty [value: false]
13:38:22.490 [FXGL Background Thread 3 ] DEBUG Engine               - gameDifficulty: MEDIUM
13:38:22.490 [FXGL Background Thread 3 ] DEBUG Engine               - gameDifficultyProperty: ObjectProperty [value: MEDIUM]
13:38:22.490 [FXGL Background Thread 3 ] DEBUG Engine               - globalMusicVolume: 0.5
13:38:22.490 [FXGL Background Thread 3 ] DEBUG Engine               - globalMusicVolumeProperty: DoubleProperty [value: 0.5]
13:38:22.490 [FXGL Background Thread 3 ] DEBUG Engine               - globalSoundVolume: 0.5
13:38:22.490 [FXGL Background Thread 3 ] DEBUG Engine               - globalSoundVolumeProperty: DoubleProperty [value: 0.5]
13:38:22.491 [FXGL Background Thread 3 ] DEBUG Engine               - height: 700
13:38:22.491 [FXGL Background Thread 3 ] DEBUG Engine               - is3D: false
13:38:22.491 [FXGL Background Thread 3 ] DEBUG Engine               - isAndroid: false
13:38:22.491 [FXGL Background Thread 3 ] DEBUG Engine               - isBrowser: false
13:38:22.491 [FXGL Background Thread 3 ] DEBUG Engine               - isClickFeedbackEnabled: false
13:38:22.491 [FXGL Background Thread 3 ] DEBUG Engine               - isCloseConfirmation: false
13:38:22.491 [FXGL Background Thread 3 ] DEBUG Engine               - isDesktop: true
13:38:22.491 [FXGL Background Thread 3 ] DEBUG Engine               - isDeveloperMenuEnabled: false
13:38:22.491 [FXGL Background Thread 3 ] DEBUG Engine               - isEmbedded: false
13:38:22.491 [FXGL Background Thread 3 ] DEBUG Engine               - isEntityPreloadEnabled: true
13:38:22.491 [FXGL Background Thread 3 ] DEBUG Engine               - isExperimentalTiledLargeMap: false
13:38:22.491 [FXGL Background Thread 3 ] DEBUG Engine               - isFileSystemWriteAllowed: true
13:38:22.491 [FXGL Background Thread 3 ] DEBUG Engine               - isFullScreenAllowed: false
13:38:22.491 [FXGL Background Thread 3 ] DEBUG Engine               - isFullScreenFromStart: false
13:38:22.491 [FXGL Background Thread 3 ] DEBUG Engine               - isGameMenuEnabled: true
13:38:22.491 [FXGL Background Thread 3 ] DEBUG Engine               - isIOS: false
13:38:22.491 [FXGL Background Thread 3 ] DEBUG Engine               - isIntroEnabled: false
13:38:22.491 [FXGL Background Thread 3 ] DEBUG Engine               - isLinux: false
13:38:22.491 [FXGL Background Thread 3 ] DEBUG Engine               - isMac: false
13:38:22.491 [FXGL Background Thread 3 ] DEBUG Engine               - isMainMenuEnabled: true
13:38:22.491 [FXGL Background Thread 3 ] DEBUG Engine               - isManualResizeEnabled: false
13:38:22.491 [FXGL Background Thread 3 ] DEBUG Engine               - isMobile: false
13:38:22.491 [FXGL Background Thread 3 ] DEBUG Engine               - isNative: false
13:38:22.492 [FXGL Background Thread 3 ] DEBUG Engine               - isPauseMusicWhenMinimized: true
13:38:22.492 [FXGL Background Thread 3 ] DEBUG Engine               - isPreserveResizeRatio: false
13:38:22.492 [FXGL Background Thread 3 ] DEBUG Engine               - isProfilingEnabled: false
13:38:22.492 [FXGL Background Thread 3 ] DEBUG Engine               - isScaleAffectedOnResize: true
13:38:22.492 [FXGL Background Thread 3 ] DEBUG Engine               - isSingleStep: false
13:38:22.492 [FXGL Background Thread 3 ] DEBUG Engine               - isUserProfileEnabled: false
13:38:22.492 [FXGL Background Thread 3 ] DEBUG Engine               - isWindows: true
13:38:22.492 [FXGL Background Thread 3 ] DEBUG Engine               - language: ObjectProperty [value: ENGLISH]
13:38:22.492 [FXGL Background Thread 3 ] DEBUG Engine               - menuKey: ESCAPE
13:38:22.492 [FXGL Background Thread 3 ] DEBUG Engine               - mouseSensitivity: 0.2
13:38:22.492 [FXGL Background Thread 3 ] DEBUG Engine               - notificationViewClass: class com.almasb.fxgl.notification.view.XboxNotificationView
13:38:22.492 [FXGL Background Thread 3 ] DEBUG Engine               - pixelsPerMeter: 50.0
13:38:22.492 [FXGL Background Thread 3 ] DEBUG Engine               - platform: WINDOWS
13:38:22.492 [FXGL Background Thread 3 ] DEBUG Engine               - prefHeightProperty: ReadOnlyDoubleProperty [value: 700.0]
13:38:22.492 [FXGL Background Thread 3 ] DEBUG Engine               - prefWidthProperty: ReadOnlyDoubleProperty [value: 500.0]
13:38:22.492 [FXGL Background Thread 3 ] DEBUG Engine               - profileDir: profiles/
13:38:22.493 [FXGL Background Thread 3 ] DEBUG Engine               - profileName: StringProperty [value: DEFAULT]
13:38:22.493 [FXGL Background Thread 3 ] DEBUG Engine               - randomSeed: -1
13:38:22.494 [FXGL Background Thread 3 ] DEBUG Engine               - runtimeInfo: RuntimeInfo(platform=WINDOWS, version=17.1, build=24.03.2022 17.34)
13:38:22.494 [FXGL Background Thread 3 ] DEBUG Engine               - saveFileExt: sav
13:38:22.494 [FXGL Background Thread 3 ] DEBUG Engine               - scaledHeightProp$fxgl: DoubleProperty [bound, value: 700.0]
13:38:22.494 [FXGL Background Thread 3 ] DEBUG Engine               - scaledWidthProp$fxgl: DoubleProperty [bound, value: 500.0]
13:38:22.494 [FXGL Background Thread 3 ] DEBUG Engine               - sceneFactory: com.javaflappybird.App$1@890ef94
13:38:22.494 [FXGL Background Thread 3 ] DEBUG Engine               - secondsIn24h: 60
13:38:22.494 [FXGL Background Thread 3 ] DEBUG Engine               - soundMenuBack: menu/back.wav
13:38:22.494 [FXGL Background Thread 3 ] DEBUG Engine               - soundMenuPress: menu/press.wav
13:38:22.495 [FXGL Background Thread 3 ] DEBUG Engine               - soundMenuSelect: menu/select.wav
13:38:22.495 [FXGL Background Thread 3 ] DEBUG Engine               - soundNotification: core/notification.wav
13:38:22.495 [FXGL Background Thread 3 ] DEBUG Engine               - stageStyle: DECORATED
13:38:22.495 [FXGL Background Thread 3 ] DEBUG Engine               - supportedLanguages: [ENGLISH, FRENCH, GERMAN, HUNGARIAN, RUSSIAN]
13:38:22.495 [FXGL Background Thread 3 ] DEBUG Engine               - ticksPerSecond: -1
13:38:22.495 [FXGL Background Thread 3 ] DEBUG Engine               - title: Java Flappy Bird
13:38:22.495 [FXGL Background Thread 3 ] DEBUG Engine               - urlGithub: https://github.com/AlmasB/FXGL
13:38:22.495 [FXGL Background Thread 3 ] DEBUG Engine               - urlLeaderboard: http://fxgl-top.herokuapp.com/
13:38:22.495 [FXGL Background Thread 3 ] DEBUG Engine               - urlPOM: https://raw.githubusercontent.com/AlmasB/FXGL/release/README.md
13:38:22.495 [FXGL Background Thread 3 ] DEBUG Engine               - userAppClass: class com.javaflappybird.App
13:38:22.495 [FXGL Background Thread 3 ] DEBUG Engine               - version: 1.0
13:38:22.495 [FXGL Background Thread 3 ] DEBUG Engine               - versionCheckDays: 7
13:38:22.495 [FXGL Background Thread 3 ] DEBUG Engine               - width: 500
13:38:22.495 [FXGL Background Thread 3 ] DEBUG Engine               - Logging services
13:38:22.495 [FXGL Background Thread 3 ] DEBUG Engine               - class com.almasb.fxgl.app.services.FXGLAssetLoaderService
13:38:22.495 [FXGL Background Thread 3 ] DEBUG Engine               - class com.almasb.fxgl.app.FXGLApplication$GameApplicationService
13:38:22.495 [FXGL Background Thread 3 ] DEBUG Engine               - class com.almasb.fxgl.app.services.FXGLDialogService
13:38:22.495 [FXGL Background Thread 3 ] DEBUG Engine               - class com.almasb.fxgl.app.services.IOTaskExecutorService
13:38:22.495 [FXGL Background Thread 3 ] DEBUG Engine               - class com.almasb.fxgl.io.FileSystemService
13:38:22.495 [FXGL Background Thread 3 ] DEBUG Engine               - class com.almasb.fxgl.localization.LocalizationService
13:38:22.495 [FXGL Background Thread 3 ] DEBUG Engine               - class com.almasb.fxgl.app.services.SystemBundleService
13:38:22.495 [FXGL Background Thread 3 ] DEBUG Engine               - class com.almasb.fxgl.profile.SaveLoadService
13:38:22.495 [FXGL Background Thread 3 ] DEBUG Engine               - class com.almasb.fxgl.ui.FXGLUIFactoryServiceProvider
13:38:22.495 [FXGL Background Thread 3 ] DEBUG Engine               - class com.almasb.fxgl.ui.FXGLDialogFactoryServiceProvider
13:38:22.495 [FXGL Background Thread 3 ] DEBUG Engine               - class com.almasb.fxgl.audio.AudioPlayer
13:38:22.495 [FXGL Background Thread 3 ] DEBUG Engine               - class com.almasb.fxgl.notification.impl.NotificationServiceProvider
13:38:22.496 [FXGL Background Thread 3 ] DEBUG Engine               - class com.almasb.fxgl.achievement.AchievementService
13:38:22.496 [FXGL Background Thread 3 ] DEBUG Engine               - class com.almasb.fxgl.cutscene.CutsceneService
13:38:22.496 [FXGL Background Thread 3 ] DEBUG Engine               - class com.almasb.fxgl.minigames.MiniGameService
13:38:22.496 [FXGL Background Thread 3 ] DEBUG Engine               - class com.almasb.fxgl.net.NetService
13:38:22.496 [FXGL Background Thread 3 ] DEBUG Engine               - class com.almasb.fxgl.app.services.UpdaterService
13:38:22.496 [FXGL Background Thread 3 ] DEBUG Engine               - class com.almasb.fxgl.dev.DevService
13:38:30.174 [JavaFX Application Thread] DEBUG PrimaryStageWindow   - Push state: FinishMenu
13:38:30.176 [JavaFX Application Thread] DEBUG Input                - Clearing active input actions
13:38:30.176 [JavaFX Application Thread] DEBUG GameApplicationServi - Removing overlay from GameScene and adding to FinishMenu
13:38:30.176 [JavaFX Application Thread] DEBUG PrimaryStageWindow   - GameScene -> FinishMenu
13:38:37.564 [JavaFX Application Thread] DEBUG Menu                 - fireNewGame()
13:38:37.564 [JavaFX Application Thread] DEBUG GameApplicationServi - Starting new game
13:38:37.565 [JavaFX Application Thread] DEBUG PrimaryStageWindow   - Pop state: FinishMenu
13:38:37.565 [JavaFX Application Thread] DEBUG Input                - Clearing active input actions
13:38:37.565 [JavaFX Application Thread] DEBUG GameApplicationServi - Removing overlay from FinishMenu and adding to GameScene
13:38:37.565 [JavaFX Application Thread] DEBUG PrimaryStageWindow   - GameScene <- FinishMenu
13:38:37.565 [JavaFX Application Thread] DEBUG Input                - Clearing active input actions
13:38:37.571 [JavaFX Application Thread] DEBUG GameApplicationServi - Removing overlay from GameScene and adding to FXGLLoadingScene
13:38:37.572 [JavaFX Application Thread] DEBUG PrimaryStageWindow   - GameScene -> FXGLLoadingScene
13:38:37.572 [JavaFX Application Thread] DEBUG GameApplicationServi - Clearing previous game
13:38:37.572 [JavaFX Application Thread] DEBUG GameScene            - Clearing game scene
13:38:37.572 [JavaFX Application Thread] DEBUG GameWorld            - Clearing game world
13:38:37.573 [JavaFX Application Thread] DEBUG PhysicsWorld         - Clearing physics world
13:38:37.574 [FXGL Background Thread 2 ] DEBUG FXGLApplication      - Initializing game
13:38:37.688 [FXGL Background Thread 2 ] INFO  FXGLApplication      - Game initialization took: 0.113 sec
13:38:37.689 [JavaFX Application Thread] DEBUG Input                - Clearing active input actions
13:38:37.695 [JavaFX Application Thread] DEBUG GameApplicationServi - Removing overlay from FXGLLoadingScene and adding to GameScene
13:38:37.695 [JavaFX Application Thread] DEBUG PrimaryStageWindow   - FXGLLoadingScene -> GameScene
13:38:38.790 [JavaFX Application Thread] DEBUG PrimaryStageWindow   - Push state: FinishMenu
13:38:38.792 [JavaFX Application Thread] DEBUG Input                - Clearing active input actions
13:38:38.793 [JavaFX Application Thread] DEBUG GameApplicationServi - Removing overlay from GameScene and adding to FinishMenu
13:38:38.793 [JavaFX Application Thread] DEBUG PrimaryStageWindow   - GameScene -> FinishMenu
13:38:40.554 [JavaFX Application Thread] DEBUG Menu                 - fireNewGame()
13:38:40.554 [JavaFX Application Thread] DEBUG GameApplicationServi - Starting new game
13:38:40.554 [JavaFX Application Thread] DEBUG PrimaryStageWindow   - Pop state: FinishMenu
13:38:40.555 [JavaFX Application Thread] DEBUG Input                - Clearing active input actions
13:38:40.555 [JavaFX Application Thread] DEBUG GameApplicationServi - Removing overlay from FinishMenu and adding to GameScene
13:38:40.555 [JavaFX Application Thread] DEBUG PrimaryStageWindow   - GameScene <- FinishMenu
13:38:40.555 [JavaFX Application Thread] DEBUG Input                - Clearing active input actions
13:38:40.560 [JavaFX Application Thread] DEBUG GameApplicationServi - Removing overlay from GameScene and adding to FXGLLoadingScene
13:38:40.560 [JavaFX Application Thread] DEBUG PrimaryStageWindow   - GameScene -> FXGLLoadingScene
13:38:40.560 [JavaFX Application Thread] DEBUG GameApplicationServi - Clearing previous game
13:38:40.560 [JavaFX Application Thread] DEBUG GameScene            - Clearing game scene
13:38:40.560 [JavaFX Application Thread] DEBUG GameWorld            - Clearing game world
13:38:40.562 [JavaFX Application Thread] DEBUG PhysicsWorld         - Clearing physics world
13:38:40.562 [FXGL Background Thread 2 ] DEBUG FXGLApplication      - Initializing game
13:38:40.663 [FXGL Background Thread 2 ] INFO  FXGLApplication      - Game initialization took: 0.101 sec
13:38:40.665 [JavaFX Application Thread] DEBUG Input                - Clearing active input actions
13:38:40.669 [JavaFX Application Thread] DEBUG GameApplicationServi - Removing overlay from FXGLLoadingScene and adding to GameScene
13:38:40.670 [JavaFX Application Thread] DEBUG PrimaryStageWindow   - FXGLLoadingScene -> GameScene
13:38:43.910 [JavaFX Application Thread] DEBUG PrimaryStageWindow   - Push state: FinishMenu
13:38:43.913 [JavaFX Application Thread] DEBUG Input                - Clearing active input actions
13:38:43.913 [JavaFX Application Thread] DEBUG GameApplicationServi - Removing overlay from GameScene and adding to FinishMenu
13:38:43.914 [JavaFX Application Thread] DEBUG PrimaryStageWindow   - GameScene -> FinishMenu
13:38:45.014 [JavaFX Application Thread] DEBUG Menu                 - fireNewGame()
13:38:45.014 [JavaFX Application Thread] DEBUG GameApplicationServi - Starting new game
13:38:45.014 [JavaFX Application Thread] DEBUG PrimaryStageWindow   - Pop state: FinishMenu
13:38:45.022 [JavaFX Application Thread] DEBUG Input                - Clearing active input actions
13:38:45.024 [JavaFX Application Thread] DEBUG GameApplicationServi - Removing overlay from FinishMenu and adding to GameScene
13:38:45.025 [JavaFX Application Thread] DEBUG PrimaryStageWindow   - GameScene <- FinishMenu
13:38:45.025 [JavaFX Application Thread] DEBUG Input                - Clearing active input actions
13:38:45.033 [JavaFX Application Thread] DEBUG GameApplicationServi - Removing overlay from GameScene and adding to FXGLLoadingScene
13:38:45.033 [JavaFX Application Thread] DEBUG PrimaryStageWindow   - GameScene -> FXGLLoadingScene
13:38:45.033 [JavaFX Application Thread] DEBUG GameApplicationServi - Clearing previous game
13:38:45.033 [JavaFX Application Thread] DEBUG GameScene            - Clearing game scene
13:38:45.033 [JavaFX Application Thread] DEBUG GameWorld            - Clearing game world
13:38:45.035 [JavaFX Application Thread] DEBUG PhysicsWorld         - Clearing physics world
13:38:45.036 [FXGL Background Thread 2 ] DEBUG FXGLApplication      - Initializing game
13:38:45.152 [FXGL Background Thread 2 ] INFO  FXGLApplication      - Game initialization took: 0.116 sec
13:38:45.153 [JavaFX Application Thread] DEBUG Input                - Clearing active input actions
13:38:45.160 [JavaFX Application Thread] DEBUG GameApplicationServi - Removing overlay from FXGLLoadingScene and adding to GameScene
13:38:45.161 [JavaFX Application Thread] DEBUG PrimaryStageWindow   - FXGLLoadingScene -> GameScene
13:38:46.254 [JavaFX Application Thread] DEBUG PrimaryStageWindow   - Push state: FinishMenu
13:38:46.255 [JavaFX Application Thread] DEBUG Input                - Clearing active input actions
13:38:46.256 [JavaFX Application Thread] DEBUG GameApplicationServi - Removing overlay from GameScene and adding to FinishMenu
13:38:46.256 [JavaFX Application Thread] DEBUG PrimaryStageWindow   - GameScene -> FinishMenu
13:38:47.318 [JavaFX Application Thread] DEBUG Menu                 - fireNewGame()
13:38:47.318 [JavaFX Application Thread] DEBUG GameApplicationServi - Starting new game
13:38:47.318 [JavaFX Application Thread] DEBUG PrimaryStageWindow   - Pop state: FinishMenu
13:38:47.318 [JavaFX Application Thread] DEBUG Input                - Clearing active input actions
13:38:47.319 [JavaFX Application Thread] DEBUG GameApplicationServi - Removing overlay from FinishMenu and adding to GameScene
13:38:47.319 [JavaFX Application Thread] DEBUG PrimaryStageWindow   - GameScene <- FinishMenu
13:38:47.319 [JavaFX Application Thread] DEBUG Input                - Clearing active input actions
13:38:47.334 [JavaFX Application Thread] DEBUG GameApplicationServi - Removing overlay from GameScene and adding to FXGLLoadingScene
13:38:47.334 [JavaFX Application Thread] DEBUG PrimaryStageWindow   - GameScene -> FXGLLoadingScene
13:38:47.334 [JavaFX Application Thread] DEBUG GameApplicationServi - Clearing previous game
13:38:47.334 [JavaFX Application Thread] DEBUG GameScene            - Clearing game scene
13:38:47.334 [JavaFX Application Thread] DEBUG GameWorld            - Clearing game world
13:38:47.337 [JavaFX Application Thread] DEBUG PhysicsWorld         - Clearing physics world
13:38:47.338 [FXGL Background Thread 2 ] DEBUG FXGLApplication      - Initializing game
13:38:47.450 [FXGL Background Thread 2 ] INFO  FXGLApplication      - Game initialization took: 0.112 sec
13:38:47.451 [JavaFX Application Thread] DEBUG Input                - Clearing active input actions
13:38:47.457 [JavaFX Application Thread] DEBUG GameApplicationServi - Removing overlay from FXGLLoadingScene and adding to GameScene
13:38:47.458 [JavaFX Application Thread] DEBUG PrimaryStageWindow   - FXGLLoadingScene -> GameScene
13:38:51.148 [JavaFX Application Thread] DEBUG PrimaryStageWindow   - Push state: FinishMenu
13:38:51.151 [JavaFX Application Thread] DEBUG Input                - Clearing active input actions
13:38:51.152 [JavaFX Application Thread] DEBUG GameApplicationServi - Removing overlay from GameScene and adding to FinishMenu
13:38:51.152 [JavaFX Application Thread] DEBUG PrimaryStageWindow   - GameScene -> FinishMenu
13:38:52.290 [JavaFX Application Thread] DEBUG Menu                 - fireNewGame()
13:38:52.290 [JavaFX Application Thread] DEBUG GameApplicationServi - Starting new game
13:38:52.290 [JavaFX Application Thread] DEBUG PrimaryStageWindow   - Pop state: FinishMenu
13:38:52.290 [JavaFX Application Thread] DEBUG Input                - Clearing active input actions
13:38:52.291 [JavaFX Application Thread] DEBUG GameApplicationServi - Removing overlay from FinishMenu and adding to GameScene
13:38:52.291 [JavaFX Application Thread] DEBUG PrimaryStageWindow   - GameScene <- FinishMenu
13:38:52.292 [JavaFX Application Thread] DEBUG Input                - Clearing active input actions
13:38:52.298 [JavaFX Application Thread] DEBUG GameApplicationServi - Removing overlay from GameScene and adding to FXGLLoadingScene
13:38:52.298 [JavaFX Application Thread] DEBUG PrimaryStageWindow   - GameScene -> FXGLLoadingScene
13:38:52.299 [JavaFX Application Thread] DEBUG GameApplicationServi - Clearing previous game
13:38:52.299 [JavaFX Application Thread] DEBUG GameScene            - Clearing game scene
13:38:52.299 [JavaFX Application Thread] DEBUG GameWorld            - Clearing game world
13:38:52.300 [JavaFX Application Thread] DEBUG PhysicsWorld         - Clearing physics world
13:38:52.301 [FXGL Background Thread 2 ] DEBUG FXGLApplication      - Initializing game
13:38:52.442 [FXGL Background Thread 2 ] INFO  FXGLApplication      - Game initialization took: 0.141 sec
13:38:52.443 [JavaFX Application Thread] DEBUG Input                - Clearing active input actions
13:38:52.452 [JavaFX Application Thread] DEBUG GameApplicationServi - Removing overlay from FXGLLoadingScene and adding to GameScene
13:38:52.453 [JavaFX Application Thread] DEBUG PrimaryStageWindow   - FXGLLoadingScene -> GameScene
13:39:04.092 [JavaFX Application Thread] DEBUG PrimaryStageWindow   - Push state: FinishMenu
13:39:04.095 [JavaFX Application Thread] DEBUG Input                - Clearing active input actions
13:39:04.097 [JavaFX Application Thread] DEBUG GameApplicationServi - Removing overlay from GameScene and adding to FinishMenu
13:39:04.097 [JavaFX Application Thread] DEBUG PrimaryStageWindow   - GameScene -> FinishMenu
13:39:06.994 [JavaFX Application Thread] DEBUG FXGLApplication      - Exiting FXGL
13:39:06.994 [JavaFX Application Thread] DEBUG LoopRunner           - Stopping loop
13:39:06.995 [JavaFX Application Thread] DEBUG SystemBundleService  - Saving FXGL system data
13:39:07.000 [JavaFX Application Thread] DEBUG FileSystemAccess     - Writing to: D:\JavaFlappyBird\system\fxgl.bundle
13:39:07.005 [JavaFX Application Thread] DEBUG Async                - Shutting down background threads
13:39:07.006 [JavaFX Application Thread] DEBUG PrimaryStageWindow   - Closing main window
13:39:07.051 [JavaFX Application Thread] DEBUG Logger               - Closing Logger
