13:17:18.391 [main                     ] DEBUG Logger               - Configured Logger
13:17:18.454 [main                     ] DEBUG GameApplication      - Logging settings
Title: Flappy Bird
Version: 1.0
Width: 500
Height: 700
Fullscreen: false
Intro: false
Profiling: false
Single step:false
App Mode: DEVELOPER
Menu Key: ESCAPE
Stage Style: DECORATED
Scene Factory: class com.javaflappybird.App$1

13:17:18.961 [JavaFX Application Thread] DEBUG FXGLApplication      - Initializing FXGL
13:17:18.969 [JavaFX Application Thread] INFO  Engine               - FXGL-17.1 (24.03.2022 17.34) on WINDOWS (J:18.0.2.1 FX:18.0.1)
13:17:18.969 [JavaFX Application Thread] DEBUG Engine               - JRE Vendor Name: Oracle Corporation
13:17:18.970 [JavaFX Application Thread] DEBUG Engine               - Running on OS: Windows 10 version 10.0
13:17:18.970 [JavaFX Application Thread] DEBUG Engine               - Architecture: amd64
13:17:18.970 [JavaFX Application Thread] INFO  Engine               - Source code and latest versions at: https://github.com/AlmasB/FXGL
13:17:18.970 [JavaFX Application Thread] INFO  Engine               -       Ask questions and discuss at: https://github.com/AlmasB/FXGL/discussions
13:17:18.970 [JavaFX Application Thread] INFO  Engine               -              Join the FXGL chat at: https://gitter.im/AlmasB/FXGL
13:17:19.116 [JavaFX Application Thread] DEBUG PrimaryStageWindow   - Creating a JavaFX scene
13:17:19.158 [JavaFX Application Thread] DEBUG PrimaryStageWindow   - Target settings size: 500.0 x 700.0
13:17:19.159 [JavaFX Application Thread] DEBUG PrimaryStageWindow   - Scaled scene size:    500.0 x 700.0
13:17:19.159 [JavaFX Application Thread] DEBUG PrimaryStageWindow   - Scaled ratio: (1.0, 1.0)
13:17:19.161 [JavaFX Application Thread] DEBUG PrimaryStageWindow   - Set initial scene to FXGLStartupScene
13:17:19.168 [JavaFX Application Thread] DEBUG PrimaryStageWindow   - Opening main window
13:17:19.255 [JavaFX Application Thread] DEBUG PrimaryStageWindow   - Window border size: (14.4000244140625, 37.5999755859375)
13:17:19.256 [JavaFX Application Thread] DEBUG PrimaryStageWindow   - Scaled size: 500.0 x 700.0
13:17:19.256 [JavaFX Application Thread] DEBUG PrimaryStageWindow   - Scaled ratio: (1.0, 1.0)
13:17:19.256 [JavaFX Application Thread] DEBUG PrimaryStageWindow   - Scene size: 500.0 x 700.0
13:17:19.257 [JavaFX Application Thread] DEBUG PrimaryStageWindow   - Stage size: 514.4000244140625 x 737.5999755859375
13:17:19.265 [FXGL Background Thread 1 ] DEBUG Engine               - Initializing environment variables
13:17:19.333 [FXGL Background Thread 1 ] DEBUG FXGLAssetLoaderServi - User app class for loading assets: class com.javaflappybird.App
13:17:19.333 [FXGL Background Thread 1 ] DEBUG GameApplicationServi - Applying CSS: fxgl_dark.css
13:17:19.334 [FXGL Background Thread 1 ] DEBUG FXGLAssetLoaderServi - Loading from file system: jar:file:///C:/Users/hdngu/.m2/repository/com/github/almasb/fxgl/17.1/fxgl-17.1.jar!/fxglassets/ui/css/fxgl_dark.css
13:17:19.389 [FXGL Background Thread 1 ] DEBUG GameApplicationServi - Initializing application scenes
13:17:19.463 [FXGL Background Thread 1 ] DEBUG GameWorld            - Game world initialized
13:17:19.521 [FXGL Background Thread 1 ] DEBUG PhysicsWorld         - Physics world initialized: appHeight=700, physics.ppm=50.0
13:17:19.521 [FXGL Background Thread 1 ] DEBUG PhysicsWorld         - Using strategy: BRUTE_FORCE
13:17:19.526 [FXGL Background Thread 1 ] DEBUG GameScene            - Game scene initialized: 500x700
13:17:19.691 [FXGL Background Thread 1 ] DEBUG FXGLAssetLoaderServi - Loading from file system: file:/D:/JavaFlappyBird/target/classes/com/javaflappybird/sound/base.mp3
13:17:19.913 [FXGL Background Thread 1 ] DEBUG AudioPlayer          - Playing music com.almasb.fxgl.audio.Music@7204a2cd
13:17:20.101 [FXGL Background Thread 1 ] DEBUG GameApplicationServi - Application scenes initialized
13:17:20.143 [FXGL Background Thread 1 ] DEBUG SystemBundleService  - Loading default FXGL system data
13:17:20.143 [FXGL Background Thread 1 ] DEBUG UpdaterService       - Checking for updates
13:17:20.152 [FXGL Background Thread 4 ] DEBUG FXGLApplication      - Loading fonts
13:17:20.152 [FXGL Background Thread 1 ] DEBUG FXGLApplication      - Loading default localization
13:17:20.153 [FXGL Background Thread 4 ] DEBUG FXGLAssetLoaderServi - Loading from file system: jar:file:///C:/Users/hdngu/.m2/repository/com/github/almasb/fxgl/17.1/fxgl-17.1.jar!/fxglassets/ui/fonts/VarelaRound-Regular.ttf
13:17:20.154 [FXGL Background Thread 1 ] DEBUG FXGLAssetLoaderServi - Loading from file system: jar:file:///C:/Users/hdngu/.m2/repository/com/github/almasb/fxgl/17.1/fxgl-17.1.jar!/fxglassets/languages/english.lang
13:17:20.182 [FXGL Background Thread 1 ] INFO  FXGLApplication      - FXGL initialization took: 0.918 sec
13:17:20.200 [JavaFX Application Thread] DEBUG Input                - Registered new binding: action0 - Space
13:17:20.203 [JavaFX Application Thread] DEBUG Input                - Registered new binding: action1 - LMB
13:17:20.204 [JavaFX Application Thread] DEBUG FXGLAssetLoaderServi - Loading from file system: jar:file:///C:/Users/hdngu/.m2/repository/com/github/almasb/fxgl/17.1/fxgl-17.1.jar!/fxglassets/textures/fxgl_icon.png
13:17:20.224 [JavaFX Application Thread] DEBUG FXGLAssetLoaderServi - Loading from file system: jar:file:///C:/Users/hdngu/.m2/repository/com/github/almasb/fxgl/17.1/fxgl-17.1.jar!/fxglassets/textures/fxgl_default_cursor.png
13:17:20.226 [JavaFX Application Thread] DEBUG Input                - Registered new binding: Screenshot - CTRL+8
13:17:20.227 [JavaFX Application Thread] DEBUG Input                - Registered new binding: System info dump - CTRL+9
13:17:20.227 [FXGL Background Thread 4 ] DEBUG FXGLAssetLoaderServi - Loading from file system: jar:file:///C:/Users/hdngu/.m2/repository/com/github/almasb/fxgl/17.1/fxgl-17.1.jar!/fxglassets/ui/fonts/Abel-Regular.ttf
13:17:20.227 [JavaFX Application Thread] DEBUG Input                - Registered new binding: Restart - CTRL+R
13:17:20.228 [JavaFX Application Thread] DEBUG Input                - Registered new binding: Toggle Debug Camera - CTRL+7
13:17:20.231 [JavaFX Application Thread] DEBUG LoopRunner           - Starting loop
13:17:20.231 [JavaFX Application Thread] DEBUG LoopRunner           - Initializing JavaFX AnimationTimerLoop
13:17:20.233 [FXGL Background Thread 4 ] DEBUG FXGLAssetLoaderServi - Loading from file system: jar:file:///C:/Users/hdngu/.m2/repository/com/github/almasb/fxgl/17.1/fxgl-17.1.jar!/fxglassets/ui/fonts/TerminalLandMono-Regular.otf
13:17:20.235 [JavaFX Application Thread] DEBUG Input                - Clearing active input actions
13:17:20.240 [FXGL Background Thread 4 ] DEBUG FXGLAssetLoaderServi - Loading from file system: jar:file:///C:/Users/hdngu/.m2/repository/com/github/almasb/fxgl/17.1/fxgl-17.1.jar!/fxglassets/ui/fonts/Courier-Prime.ttf
13:17:20.244 [JavaFX Application Thread] DEBUG GameApplicationServi - Removing overlay from FXGLStartupScene and adding to FXGLMainMenuDummyScene
13:17:20.245 [JavaFX Application Thread] DEBUG PrimaryStageWindow   - FXGLStartupScene -> FXGLMainMenuDummyScene
13:17:20.246 [JavaFX Application Thread] DEBUG PrimaryStageWindow   - Push state: MenuGame
13:17:20.247 [JavaFX Application Thread] DEBUG Input                - Clearing active input actions
13:17:20.252 [JavaFX Application Thread] DEBUG GameApplicationServi - Removing overlay from FXGLMainMenuDummyScene and adding to MenuGame
13:17:20.252 [JavaFX Application Thread] DEBUG PrimaryStageWindow   - FXGLMainMenuDummyScene -> MenuGame
13:17:20.265 [JavaFX Application Thread] DEBUG FXGLApplication      - Registering font factories with UI factory
13:17:20.785 [FXGL Background Thread 2 ] INFO  UpdaterService       - Your current version:  17.1
13:17:20.786 [FXGL Background Thread 2 ] INFO  UpdaterService       - Latest stable version: 17.2
13:17:23.150 [FXGL Background Thread 3 ] DEBUG Engine               - Logging environment variables
13:17:23.151 [FXGL Background Thread 3 ] DEBUG Engine               - achievements: []
13:17:23.151 [FXGL Background Thread 3 ] DEBUG Engine               - actualHeight: 700.0
13:17:23.151 [FXGL Background Thread 3 ] DEBUG Engine               - actualHeightProperty: ReadOnlyDoubleProperty [value: 700.0]
13:17:23.151 [FXGL Background Thread 3 ] DEBUG Engine               - actualWidth: 500.0
13:17:23.151 [FXGL Background Thread 3 ] DEBUG Engine               - actualWidthProperty: ReadOnlyDoubleProperty [value: 500.0]
13:17:23.152 [FXGL Background Thread 3 ] DEBUG Engine               - appIcon: fxgl_icon.png
13:17:23.152 [FXGL Background Thread 3 ] DEBUG Engine               - applicationMode: DEVELOPER
13:17:23.152 [FXGL Background Thread 3 ] DEBUG Engine               - cSSList: [fxgl_dark.css]
13:17:23.152 [FXGL Background Thread 3 ] DEBUG Engine               - collisionDetectionStrategy: BRUTE_FORCE
13:17:23.152 [FXGL Background Thread 3 ] DEBUG Engine               - configClass: Optional.empty
13:17:23.152 [FXGL Background Thread 3 ] DEBUG Engine               - credits: []
13:17:23.153 [FXGL Background Thread 3 ] DEBUG Engine               - defaultCursor: CursorInfo(imageName=fxgl_default_cursor.png, hotspotX=7.0, hotspotY=6.0)
13:17:23.154 [FXGL Background Thread 3 ] DEBUG Engine               - devBBoxColorProperty: ObjectProperty [value: 0xff0000ff]
13:17:23.154 [FXGL Background Thread 3 ] DEBUG Engine               - devEnableDebugCameraProperty: BooleanProperty [value: false]
13:17:23.154 [FXGL Background Thread 3 ] DEBUG Engine               - devSensorColorProperty: ObjectProperty [value: 0xffff00ff]
13:17:23.154 [FXGL Background Thread 3 ] DEBUG Engine               - devShowBBoxProperty: BooleanProperty [value: false]
13:17:23.154 [FXGL Background Thread 3 ] DEBUG Engine               - devShowPositionProperty: BooleanProperty [value: false]
13:17:23.154 [FXGL Background Thread 3 ] DEBUG Engine               - enabledMenuItems: []
13:17:23.154 [FXGL Background Thread 3 ] DEBUG Engine               - engineServices: [class com.almasb.fxgl.app.services.FXGLAssetLoaderService, class com.almasb.fxgl.app.FXGLApplication$GameApplicationService, class com.almasb.fxgl.app.services.FXGLDialogService, class com.almasb.fxgl.app.services.IOTaskExecutorService, class com.almasb.fxgl.io.FileSystemService, class com.almasb.fxgl.localization.LocalizationService, class com.almasb.fxgl.app.services.SystemBundleService, class com.almasb.fxgl.profile.SaveLoadService, class com.almasb.fxgl.ui.FXGLUIFactoryServiceProvider, class com.almasb.fxgl.ui.FXGLDialogFactoryServiceProvider, class com.almasb.fxgl.audio.AudioPlayer, class com.almasb.fxgl.notification.impl.NotificationServiceProvider, class com.almasb.fxgl.achievement.AchievementService, class com.almasb.fxgl.cutscene.CutsceneService, class com.almasb.fxgl.minigames.MiniGameService, class com.almasb.fxgl.net.NetService, class com.almasb.fxgl.app.services.UpdaterService, class com.almasb.fxgl.dev.DevService]
13:17:23.155 [FXGL Background Thread 3 ] DEBUG Engine               - fontGame: Abel-Regular.ttf
13:17:23.155 [FXGL Background Thread 3 ] DEBUG Engine               - fontMono: TerminalLandMono-Regular.otf
13:17:23.155 [FXGL Background Thread 3 ] DEBUG Engine               - fontText: Courier-Prime.ttf
13:17:23.155 [FXGL Background Thread 3 ] DEBUG Engine               - fontUI: VarelaRound-Regular.ttf
13:17:23.155 [FXGL Background Thread 3 ] DEBUG Engine               - fullScreen: BooleanProperty [value: false]
13:17:23.155 [FXGL Background Thread 3 ] DEBUG Engine               - gameDifficulty: MEDIUM
13:17:23.155 [FXGL Background Thread 3 ] DEBUG Engine               - gameDifficultyProperty: ObjectProperty [value: MEDIUM]
13:17:23.155 [FXGL Background Thread 3 ] DEBUG Engine               - globalMusicVolume: 0.5
13:17:23.155 [FXGL Background Thread 3 ] DEBUG Engine               - globalMusicVolumeProperty: DoubleProperty [value: 0.5]
13:17:23.155 [FXGL Background Thread 3 ] DEBUG Engine               - globalSoundVolume: 0.5
13:17:23.156 [FXGL Background Thread 3 ] DEBUG Engine               - globalSoundVolumeProperty: DoubleProperty [value: 0.5]
13:17:23.156 [FXGL Background Thread 3 ] DEBUG Engine               - height: 700
13:17:23.156 [FXGL Background Thread 3 ] DEBUG Engine               - is3D: false
13:17:23.156 [FXGL Background Thread 3 ] DEBUG Engine               - isAndroid: false
13:17:23.156 [FXGL Background Thread 3 ] DEBUG Engine               - isBrowser: false
13:17:23.156 [FXGL Background Thread 3 ] DEBUG Engine               - isClickFeedbackEnabled: false
13:17:23.156 [FXGL Background Thread 3 ] DEBUG Engine               - isCloseConfirmation: false
13:17:23.156 [FXGL Background Thread 3 ] DEBUG Engine               - isDesktop: true
13:17:23.156 [FXGL Background Thread 3 ] DEBUG Engine               - isDeveloperMenuEnabled: false
13:17:23.156 [FXGL Background Thread 3 ] DEBUG Engine               - isEmbedded: false
13:17:23.157 [FXGL Background Thread 3 ] DEBUG Engine               - isEntityPreloadEnabled: true
13:17:23.157 [FXGL Background Thread 3 ] DEBUG Engine               - isExperimentalTiledLargeMap: false
13:17:23.157 [FXGL Background Thread 3 ] DEBUG Engine               - isFileSystemWriteAllowed: true
13:17:23.157 [FXGL Background Thread 3 ] DEBUG Engine               - isFullScreenAllowed: false
13:17:23.157 [FXGL Background Thread 3 ] DEBUG Engine               - isFullScreenFromStart: false
13:17:23.157 [FXGL Background Thread 3 ] DEBUG Engine               - isGameMenuEnabled: true
13:17:23.157 [FXGL Background Thread 3 ] DEBUG Engine               - isIOS: false
13:17:23.157 [FXGL Background Thread 3 ] DEBUG Engine               - isIntroEnabled: false
13:17:23.157 [FXGL Background Thread 3 ] DEBUG Engine               - isLinux: false
13:17:23.157 [FXGL Background Thread 3 ] DEBUG Engine               - isMac: false
13:17:23.157 [FXGL Background Thread 3 ] DEBUG Engine               - isMainMenuEnabled: true
13:17:23.157 [FXGL Background Thread 3 ] DEBUG Engine               - isManualResizeEnabled: false
13:17:23.157 [FXGL Background Thread 3 ] DEBUG Engine               - isMobile: false
13:17:23.158 [FXGL Background Thread 3 ] DEBUG Engine               - isNative: false
13:17:23.158 [FXGL Background Thread 3 ] DEBUG Engine               - isPauseMusicWhenMinimized: true
13:17:23.158 [FXGL Background Thread 3 ] DEBUG Engine               - isPreserveResizeRatio: false
13:17:23.158 [FXGL Background Thread 3 ] DEBUG Engine               - isProfilingEnabled: false
13:17:23.158 [FXGL Background Thread 3 ] DEBUG Engine               - isScaleAffectedOnResize: true
13:17:23.158 [FXGL Background Thread 3 ] DEBUG Engine               - isSingleStep: false
13:17:23.158 [FXGL Background Thread 3 ] DEBUG Engine               - isUserProfileEnabled: false
13:17:23.158 [FXGL Background Thread 3 ] DEBUG Engine               - isWindows: true
13:17:23.158 [FXGL Background Thread 3 ] DEBUG Engine               - language: ObjectProperty [value: ENGLISH]
13:17:23.158 [FXGL Background Thread 3 ] DEBUG Engine               - menuKey: ESCAPE
13:17:23.159 [FXGL Background Thread 3 ] DEBUG Engine               - mouseSensitivity: 0.2
13:17:23.159 [FXGL Background Thread 3 ] DEBUG Engine               - notificationViewClass: class com.almasb.fxgl.notification.view.XboxNotificationView
13:17:23.159 [FXGL Background Thread 3 ] DEBUG Engine               - pixelsPerMeter: 50.0
13:17:23.159 [FXGL Background Thread 3 ] DEBUG Engine               - platform: WINDOWS
13:17:23.159 [FXGL Background Thread 3 ] DEBUG Engine               - prefHeightProperty: ReadOnlyDoubleProperty [value: 700.0]
13:17:23.159 [FXGL Background Thread 3 ] DEBUG Engine               - prefWidthProperty: ReadOnlyDoubleProperty [value: 500.0]
13:17:23.159 [FXGL Background Thread 3 ] DEBUG Engine               - profileDir: profiles/
13:17:23.159 [FXGL Background Thread 3 ] DEBUG Engine               - profileName: StringProperty [value: DEFAULT]
13:17:23.159 [FXGL Background Thread 3 ] DEBUG Engine               - randomSeed: -1
13:17:23.160 [FXGL Background Thread 3 ] DEBUG Engine               - runtimeInfo: RuntimeInfo(platform=WINDOWS, version=17.1, build=24.03.2022 17.34)
13:17:23.160 [FXGL Background Thread 3 ] DEBUG Engine               - saveFileExt: sav
13:17:23.160 [FXGL Background Thread 3 ] DEBUG Engine               - scaledHeightProp$fxgl: DoubleProperty [bound, value: 700.0]
13:17:23.160 [FXGL Background Thread 3 ] DEBUG Engine               - scaledWidthProp$fxgl: DoubleProperty [bound, value: 500.0]
13:17:23.160 [FXGL Background Thread 3 ] DEBUG Engine               - sceneFactory: com.javaflappybird.App$1@10b3ad20
13:17:23.160 [FXGL Background Thread 3 ] DEBUG Engine               - secondsIn24h: 60
13:17:23.160 [FXGL Background Thread 3 ] DEBUG Engine               - soundMenuBack: menu/back.wav
13:17:23.160 [FXGL Background Thread 3 ] DEBUG Engine               - soundMenuPress: menu/press.wav
13:17:23.161 [FXGL Background Thread 3 ] DEBUG Engine               - soundMenuSelect: menu/select.wav
13:17:23.161 [FXGL Background Thread 3 ] DEBUG Engine               - soundNotification: core/notification.wav
13:17:23.161 [FXGL Background Thread 3 ] DEBUG Engine               - stageStyle: DECORATED
13:17:23.161 [FXGL Background Thread 3 ] DEBUG Engine               - supportedLanguages: [ENGLISH, FRENCH, GERMAN, HUNGARIAN, RUSSIAN]
13:17:23.161 [FXGL Background Thread 3 ] DEBUG Engine               - ticksPerSecond: -1
13:17:23.161 [FXGL Background Thread 3 ] DEBUG Engine               - title: Flappy Bird
13:17:23.161 [FXGL Background Thread 3 ] DEBUG Engine               - urlGithub: https://github.com/AlmasB/FXGL
13:17:23.161 [FXGL Background Thread 3 ] DEBUG Engine               - urlLeaderboard: http://fxgl-top.herokuapp.com/
13:17:23.161 [FXGL Background Thread 3 ] DEBUG Engine               - urlPOM: https://raw.githubusercontent.com/AlmasB/FXGL/release/README.md
13:17:23.161 [FXGL Background Thread 3 ] DEBUG Engine               - userAppClass: class com.javaflappybird.App
13:17:23.161 [FXGL Background Thread 3 ] DEBUG Engine               - version: 1.0
13:17:23.161 [FXGL Background Thread 3 ] DEBUG Engine               - versionCheckDays: 7
13:17:23.161 [FXGL Background Thread 3 ] DEBUG Engine               - width: 500
13:17:23.161 [FXGL Background Thread 3 ] DEBUG Engine               - Logging services
13:17:23.162 [FXGL Background Thread 3 ] DEBUG Engine               - class com.almasb.fxgl.app.services.FXGLAssetLoaderService
13:17:23.162 [FXGL Background Thread 3 ] DEBUG Engine               - class com.almasb.fxgl.app.FXGLApplication$GameApplicationService
13:17:23.162 [FXGL Background Thread 3 ] DEBUG Engine               - class com.almasb.fxgl.app.services.FXGLDialogService
13:17:23.162 [FXGL Background Thread 3 ] DEBUG Engine               - class com.almasb.fxgl.app.services.IOTaskExecutorService
13:17:23.162 [FXGL Background Thread 3 ] DEBUG Engine               - class com.almasb.fxgl.io.FileSystemService
13:17:23.162 [FXGL Background Thread 3 ] DEBUG Engine               - class com.almasb.fxgl.localization.LocalizationService
13:17:23.162 [FXGL Background Thread 3 ] DEBUG Engine               - class com.almasb.fxgl.app.services.SystemBundleService
13:17:23.162 [FXGL Background Thread 3 ] DEBUG Engine               - class com.almasb.fxgl.profile.SaveLoadService
13:17:23.162 [FXGL Background Thread 3 ] DEBUG Engine               - class com.almasb.fxgl.ui.FXGLUIFactoryServiceProvider
13:17:23.162 [FXGL Background Thread 3 ] DEBUG Engine               - class com.almasb.fxgl.ui.FXGLDialogFactoryServiceProvider
13:17:23.162 [FXGL Background Thread 3 ] DEBUG Engine               - class com.almasb.fxgl.audio.AudioPlayer
13:17:23.162 [FXGL Background Thread 3 ] DEBUG Engine               - class com.almasb.fxgl.notification.impl.NotificationServiceProvider
13:17:23.162 [FXGL Background Thread 3 ] DEBUG Engine               - class com.almasb.fxgl.achievement.AchievementService
13:17:23.162 [FXGL Background Thread 3 ] DEBUG Engine               - class com.almasb.fxgl.cutscene.CutsceneService
13:17:23.162 [FXGL Background Thread 3 ] DEBUG Engine               - class com.almasb.fxgl.minigames.MiniGameService
13:17:23.162 [FXGL Background Thread 3 ] DEBUG Engine               - class com.almasb.fxgl.net.NetService
13:17:23.162 [FXGL Background Thread 3 ] DEBUG Engine               - class com.almasb.fxgl.app.services.UpdaterService
13:17:23.162 [FXGL Background Thread 3 ] DEBUG Engine               - class com.almasb.fxgl.dev.DevService
13:17:24.568 [JavaFX Application Thread] DEBUG Menu                 - fireNewGame()
13:17:24.568 [JavaFX Application Thread] DEBUG GameApplicationServi - Starting new game
13:17:24.568 [JavaFX Application Thread] DEBUG PrimaryStageWindow   - Pop state: MenuGame
13:17:24.568 [JavaFX Application Thread] DEBUG Input                - Clearing active input actions
13:17:24.569 [JavaFX Application Thread] DEBUG GameApplicationServi - Removing overlay from MenuGame and adding to FXGLMainMenuDummyScene
13:17:24.569 [JavaFX Application Thread] DEBUG PrimaryStageWindow   - FXGLMainMenuDummyScene <- MenuGame
13:17:24.569 [JavaFX Application Thread] DEBUG Input                - Clearing active input actions
13:17:24.580 [JavaFX Application Thread] DEBUG GameApplicationServi - Removing overlay from FXGLMainMenuDummyScene and adding to FXGLLoadingScene
13:17:24.580 [JavaFX Application Thread] DEBUG PrimaryStageWindow   - FXGLMainMenuDummyScene -> FXGLLoadingScene
13:17:24.580 [JavaFX Application Thread] DEBUG GameApplicationServi - Clearing previous game
13:17:24.580 [JavaFX Application Thread] DEBUG GameScene            - Clearing game scene
13:17:24.580 [JavaFX Application Thread] DEBUG GameWorld            - Clearing game world
13:17:24.580 [JavaFX Application Thread] DEBUG PhysicsWorld         - Clearing physics world
13:17:24.582 [FXGL Background Thread 2 ] DEBUG FXGLApplication      - Initializing game
13:17:24.584 [FXGL Background Thread 2 ] DEBUG FXGLAssetLoaderServi - Loading from file system: file:/D:/JavaFlappyBird/target/classes/com/javaflappybird/sound/thua.wav
13:17:24.603 [FXGL Background Thread 2 ] DEBUG FXGLAssetLoaderServi - Loading from file system: file:/D:/JavaFlappyBird/target/classes/com/javaflappybird/sound/vacham.wav
13:17:24.685 [FXGL Background Thread 2 ] DEBUG FXGLAssetLoaderServi - Loading from file system: file:/D:/JavaFlappyBird/target/classes/com/javaflappybird/sound/nhay.wav
13:17:24.727 [FXGL Background Thread 2 ] DEBUG FXGLAssetLoaderServi - Loading from file system: file:/D:/JavaFlappyBird/target/classes/com/javaflappybird/sound/congdiem.wav
13:17:24.757 [FXGL Background Thread 2 ] INFO  FXGLApplication      - Game initialization took: 0.174 sec
13:17:24.758 [JavaFX Application Thread] DEBUG Input                - Clearing active input actions
13:17:24.770 [JavaFX Application Thread] DEBUG GameApplicationServi - Removing overlay from FXGLLoadingScene and adding to GameScene
13:17:24.771 [JavaFX Application Thread] DEBUG PrimaryStageWindow   - FXGLLoadingScene -> GameScene
13:17:28.381 [JavaFX Application Thread] DEBUG PrimaryStageWindow   - Push state: FinishMenu
13:17:28.382 [JavaFX Application Thread] DEBUG LoopRunner           - Stopping loop
13:17:28.384 [JavaFX Application Thread] FATAL FXGLApplication      - Uncaught Exception:
java.lang.IllegalArgumentException: Property topScore does not exist
	at com.almasb.fxgl.core@17.1/com.almasb.fxgl.core.collection.PropertyMap.get(PropertyMap.kt:251)
	at com.almasb.fxgl.core@17.1/com.almasb.fxgl.core.collection.PropertyMap.intProperty(PropertyMap.kt:162)
	at com.almasb.fxgl.core@17.1/com.almasb.fxgl.core.collection.PropertyMap.getInt(PropertyMap.kt:152)
	at com.javaflappybird/com.javaflappybird.FinishMenu.onCreate(FinishMenu.java:154)
	at com.almasb.fxgl.core@17.1/com.almasb.fxgl.core.fsm.StateMachine.changeState(StateMachine.kt:80)
	at com.almasb.fxgl.all@17.1/com.almasb.fxgl.app.MainWindow.pushState(MainWindow.kt:160)
	at com.almasb.fxgl.all@17.1/com.almasb.fxgl.app.FXGLApplication$GameApplicationService.gotoGameMenu(FXGLApplication.kt:670)
	at com.almasb.fxgl.all@17.1/com.almasb.fxgl.dsl.FXGL$Companion$controller$1.gotoGameMenu(FXGL.kt:114)
	at com.javaflappybird/com.javaflappybird.App.onUpdate(App.java:87)
	at com.almasb.fxgl.all@17.1/com.almasb.fxgl.app.FXGLApplication$GameApplicationService.onGameUpdate(FXGLApplication.kt:421)
	at com.almasb.fxgl.all@17.1/com.almasb.fxgl.app.Engine.onGameUpdate(Engine.kt:138)
	at com.almasb.fxgl.all@17.1/com.almasb.fxgl.app.FXGLApplication.postServicesInit$lambda-7(FXGLApplication.kt:182)
	at com.almasb.fxgl.scene@17.1/com.almasb.fxgl.scene.Scene.update(Scene.kt:113)
	at com.almasb.fxgl.all@17.1/com.almasb.fxgl.app.MainWindow$update$1.invoke(MainWindow.kt:115)
	at com.almasb.fxgl.all@17.1/com.almasb.fxgl.app.MainWindow$update$1.invoke(MainWindow.kt:115)
	at com.almasb.fxgl.core@17.1/com.almasb.fxgl.core.fsm.StateMachine.runOnActiveStates(StateMachine.kt:69)
	at com.almasb.fxgl.all@17.1/com.almasb.fxgl.app.MainWindow.update(MainWindow.kt:115)
	at com.almasb.fxgl.all@17.1/com.almasb.fxgl.app.FXGLApplication$GameApplicationService.onUpdate(FXGLApplication.kt:426)
	at com.almasb.fxgl.all@17.1/com.almasb.fxgl.app.Engine.loop(Engine.kt:134)
	at com.almasb.fxgl.all@17.1/com.almasb.fxgl.app.Engine.access$loop(Engine.kt:24)
	at com.almasb.fxgl.all@17.1/com.almasb.fxgl.app.Engine$loop$1.invoke(Engine.kt:28)
	at com.almasb.fxgl.all@17.1/com.almasb.fxgl.app.Engine$loop$1.invoke(Engine.kt:28)
	at com.almasb.fxgl.all@17.1/com.almasb.fxgl.app.LoopRunner.frame(LoopRunner.kt:103)
	at com.almasb.fxgl.all@17.1/com.almasb.fxgl.app.LoopRunner.access$frame(LoopRunner.kt:23)
	at com.almasb.fxgl.all@17.1/com.almasb.fxgl.app.LoopRunner$impl$2$1.onTick(LoopRunner.kt:57)
	at com.almasb.fxgl.all@17.1/com.almasb.fxgl.app.AnimationTimerLoop$timer$1.handle(LoopRunner.kt:137)
	at javafx.graphics@18.0.1/javafx.animation.AnimationTimer$AnimationTimerReceiver.lambda$handle$0(AnimationTimer.java:58)
	at java.base/java.security.AccessController.doPrivileged(AccessController.java:399)
	at javafx.graphics@18.0.1/javafx.animation.AnimationTimer$AnimationTimerReceiver.handle(AnimationTimer.java:57)
	at javafx.graphics@18.0.1/com.sun.scenario.animation.AbstractPrimaryTimer.timePulseImpl(AbstractPrimaryTimer.java:356)
	at javafx.graphics@18.0.1/com.sun.scenario.animation.AbstractPrimaryTimer$MainLoop.run(AbstractPrimaryTimer.java:266)
	at javafx.graphics@18.0.1/com.sun.javafx.tk.quantum.QuantumToolkit.pulse(QuantumToolkit.java:571)
	at javafx.graphics@18.0.1/com.sun.javafx.tk.quantum.QuantumToolkit.pulse(QuantumToolkit.java:555)
	at javafx.graphics@18.0.1/com.sun.javafx.tk.quantum.QuantumToolkit.pulseFromQueue(QuantumToolkit.java:548)
	at javafx.graphics@18.0.1/com.sun.javafx.tk.quantum.QuantumToolkit.lambda$runToolkit$11(QuantumToolkit.java:352)
	at javafx.graphics@18.0.1/com.sun.glass.ui.InvokeLaterDispatcher$Future.run(InvokeLaterDispatcher.java:96)
	at javafx.graphics@18.0.1/com.sun.glass.ui.win.WinApplication._runLoop(Native Method)
	at javafx.graphics@18.0.1/com.sun.glass.ui.win.WinApplication.lambda$runLoop$3(WinApplication.java:184)
	at java.base/java.lang.Thread.run(Thread.java:833)

13:17:28.384 [JavaFX Application Thread] FATAL FXGLApplication      - Application will now exit
13:17:28.427 [JavaFX Application Thread] DEBUG PrimaryStageWindow   - Push state: ErrorSubScene
13:17:28.427 [JavaFX Application Thread] DEBUG Input                - Clearing active input actions
13:17:28.434 [JavaFX Application Thread] DEBUG GameApplicationServi - Removing overlay from GameScene and adding to ErrorSubScene
13:17:28.434 [JavaFX Application Thread] DEBUG PrimaryStageWindow   - GameScene -> ErrorSubScene
13:17:34.327 [JavaFX Application Thread] DEBUG FXGLApplication      - Exiting FXGL
13:17:34.327 [JavaFX Application Thread] DEBUG Async                - Shutting down background threads
13:17:34.327 [JavaFX Application Thread] DEBUG PrimaryStageWindow   - Closing main window
13:17:34.341 [JavaFX Application Thread] DEBUG Logger               - Closing Logger
