23:31:46.138 [main                     ] DEBUG Logger               - Configured Logger
23:31:46.165 [main                     ] DEBUG GameApplication      - Logging settings
Title: Java Flappy Bird
Version: 1.0
Width: 500
Height: 700
Fullscreen: false
Intro: false
Profiling: false
Single step:false
App Mode: DEVELOPER
Menu Key: ESCAPE
Stage Style: DECORATED
Scene Factory: class com.javaflappybird.App$1

23:31:46.497 [JavaFX Application Thread] DEBUG FXGLApplication      - Initializing FXGL
23:31:46.502 [JavaFX Application Thread] INFO  Engine               - FXGL-17.1 (24.03.2022 17.34) on WINDOWS (J:18.0.2.1 FX:18.0.1)
23:31:46.503 [JavaFX Application Thread] DEBUG Engine               - JRE Vendor Name: Oracle Corporation
23:31:46.503 [JavaFX Application Thread] DEBUG Engine               - Running on OS: Windows 10 version 10.0
23:31:46.503 [JavaFX Application Thread] DEBUG Engine               - Architecture: amd64
23:31:46.504 [JavaFX Application Thread] INFO  Engine               - Source code and latest versions at: https://github.com/AlmasB/FXGL
23:31:46.504 [JavaFX Application Thread] INFO  Engine               -       Ask questions and discuss at: https://github.com/AlmasB/FXGL/discussions
23:31:46.504 [JavaFX Application Thread] INFO  Engine               -              Join the FXGL chat at: https://gitter.im/AlmasB/FXGL
23:31:46.574 [JavaFX Application Thread] DEBUG PrimaryStageWindow   - Creating a JavaFX scene
23:31:46.613 [JavaFX Application Thread] DEBUG PrimaryStageWindow   - Target settings size: 500.0 x 700.0
23:31:46.613 [JavaFX Application Thread] DEBUG PrimaryStageWindow   - Scaled scene size:    500.0 x 700.0
23:31:46.614 [JavaFX Application Thread] DEBUG PrimaryStageWindow   - Scaled ratio: (1.0, 1.0)
23:31:46.615 [JavaFX Application Thread] DEBUG PrimaryStageWindow   - Set initial scene to FXGLStartupScene
23:31:46.622 [JavaFX Application Thread] DEBUG PrimaryStageWindow   - Opening main window
23:31:46.695 [JavaFX Application Thread] DEBUG PrimaryStageWindow   - Window border size: (14.4000244140625, 37.5999755859375)
23:31:46.695 [JavaFX Application Thread] DEBUG PrimaryStageWindow   - Scaled size: 500.0 x 700.0
23:31:46.695 [JavaFX Application Thread] DEBUG PrimaryStageWindow   - Scaled ratio: (1.0, 1.0)
23:31:46.695 [JavaFX Application Thread] DEBUG PrimaryStageWindow   - Scene size: 500.0 x 700.0
23:31:46.696 [JavaFX Application Thread] DEBUG PrimaryStageWindow   - Stage size: 514.4000244140625 x 737.5999755859375
23:31:46.702 [FXGL Background Thread 1 ] DEBUG Engine               - Initializing environment variables
23:31:46.773 [FXGL Background Thread 1 ] DEBUG FXGLAssetLoaderServi - User app class for loading assets: class com.javaflappybird.App
23:31:46.773 [FXGL Background Thread 1 ] DEBUG GameApplicationServi - Applying CSS: fxgl_dark.css
23:31:46.774 [FXGL Background Thread 1 ] DEBUG FXGLAssetLoaderServi - Loading from file system: jar:file:///C:/Users/hdngu/.m2/repository/com/github/almasb/fxgl/17.1/fxgl-17.1.jar!/fxglassets/ui/css/fxgl_dark.css
23:31:46.814 [FXGL Background Thread 1 ] DEBUG GameApplicationServi - Initializing application scenes
23:31:46.892 [FXGL Background Thread 1 ] DEBUG GameWorld            - Game world initialized
23:31:46.954 [FXGL Background Thread 1 ] DEBUG PhysicsWorld         - Physics world initialized: appHeight=700, physics.ppm=50.0
23:31:46.955 [FXGL Background Thread 1 ] DEBUG PhysicsWorld         - Using strategy: BRUTE_FORCE
23:31:46.960 [FXGL Background Thread 1 ] DEBUG GameScene            - Game scene initialized: 500x700
23:31:47.055 [FXGL Background Thread 1 ] DEBUG FXGLAssetLoaderServi - Loading from file system: file:/D:/JavaFlappyBird/target/classes/com/javaflappybird/sound/base.mp3
23:31:47.155 [FXGL Background Thread 1 ] DEBUG AudioPlayer          - Playing music com.almasb.fxgl.audio.Music@241f2e9b
23:31:47.235 [FXGL Background Thread 1 ] DEBUG GameApplicationServi - Application scenes initialized
23:31:47.250 [FXGL Background Thread 1 ] DEBUG SystemBundleService  - Loading FXGL system data
23:31:47.254 [FXGL Background Thread 1 ] DEBUG FileSystemAccess     - Reading from: D:\JavaFlappyBird\system\fxgl.bundle
23:31:47.262 [FXGL Background Thread 1 ] DEBUG SystemBundleService  - Bundle FXGL: {}
23:31:47.262 [FXGL Background Thread 1 ] DEBUG UpdaterService       - Checking for updates
23:31:47.266 [FXGL Background Thread 4 ] DEBUG FXGLApplication      - Loading fonts
23:31:47.267 [FXGL Background Thread 1 ] DEBUG FXGLApplication      - Loading default localization
23:31:47.267 [FXGL Background Thread 4 ] DEBUG FXGLAssetLoaderServi - Loading from file system: jar:file:///C:/Users/hdngu/.m2/repository/com/github/almasb/fxgl/17.1/fxgl-17.1.jar!/fxglassets/ui/fonts/VarelaRound-Regular.ttf
23:31:47.267 [FXGL Background Thread 1 ] DEBUG FXGLAssetLoaderServi - Loading from file system: jar:file:///C:/Users/hdngu/.m2/repository/com/github/almasb/fxgl/17.1/fxgl-17.1.jar!/fxglassets/languages/english.lang
23:31:47.304 [FXGL Background Thread 1 ] INFO  FXGLApplication      - FXGL initialization took: 0.601 sec
23:31:47.323 [JavaFX Application Thread] DEBUG Input                - Registered new binding: action0 - Space
23:31:47.326 [JavaFX Application Thread] DEBUG Input                - Registered new binding: action1 - LMB
23:31:47.328 [JavaFX Application Thread] DEBUG FXGLAssetLoaderServi - Loading from file system: jar:file:///C:/Users/hdngu/.m2/repository/com/github/almasb/fxgl/17.1/fxgl-17.1.jar!/fxglassets/textures/fxgl_icon.png
23:31:47.351 [JavaFX Application Thread] DEBUG FXGLAssetLoaderServi - Loading from file system: jar:file:///C:/Users/hdngu/.m2/repository/com/github/almasb/fxgl/17.1/fxgl-17.1.jar!/fxglassets/textures/fxgl_default_cursor.png
23:31:47.361 [JavaFX Application Thread] DEBUG Input                - Registered new binding: Screenshot - CTRL+8
23:31:47.363 [JavaFX Application Thread] DEBUG Input                - Registered new binding: System info dump - CTRL+9
23:31:47.367 [JavaFX Application Thread] DEBUG Input                - Registered new binding: Restart - CTRL+R
23:31:47.370 [JavaFX Application Thread] DEBUG Input                - Registered new binding: Toggle Debug Camera - CTRL+7
23:31:47.379 [JavaFX Application Thread] DEBUG LoopRunner           - Starting loop
23:31:47.380 [JavaFX Application Thread] DEBUG LoopRunner           - Initializing JavaFX AnimationTimerLoop
23:31:47.382 [FXGL Background Thread 4 ] DEBUG FXGLAssetLoaderServi - Loading from file system: jar:file:///C:/Users/hdngu/.m2/repository/com/github/almasb/fxgl/17.1/fxgl-17.1.jar!/fxglassets/ui/fonts/Abel-Regular.ttf
23:31:47.386 [JavaFX Application Thread] DEBUG Input                - Clearing active input actions
23:31:47.396 [FXGL Background Thread 4 ] DEBUG FXGLAssetLoaderServi - Loading from file system: jar:file:///C:/Users/hdngu/.m2/repository/com/github/almasb/fxgl/17.1/fxgl-17.1.jar!/fxglassets/ui/fonts/TerminalLandMono-Regular.otf
23:31:47.398 [JavaFX Application Thread] DEBUG GameApplicationServi - Removing overlay from FXGLStartupScene and adding to FXGLMainMenuDummyScene
23:31:47.400 [JavaFX Application Thread] DEBUG PrimaryStageWindow   - FXGLStartupScene -> FXGLMainMenuDummyScene
23:31:47.400 [JavaFX Application Thread] DEBUG PrimaryStageWindow   - Push state: MenuGame
23:31:47.410 [FXGL Background Thread 4 ] DEBUG FXGLAssetLoaderServi - Loading from file system: jar:file:///C:/Users/hdngu/.m2/repository/com/github/almasb/fxgl/17.1/fxgl-17.1.jar!/fxglassets/ui/fonts/Courier-Prime.ttf
23:31:47.422 [JavaFX Application Thread] DEBUG Input                - Clearing active input actions
23:31:47.425 [JavaFX Application Thread] DEBUG GameApplicationServi - Removing overlay from FXGLMainMenuDummyScene and adding to MenuGame
23:31:47.425 [JavaFX Application Thread] DEBUG PrimaryStageWindow   - FXGLMainMenuDummyScene -> MenuGame
23:31:47.441 [JavaFX Application Thread] DEBUG FXGLApplication      - Registering font factories with UI factory
23:31:47.849 [FXGL Background Thread 2 ] INFO  UpdaterService       - Your current version:  17.1
23:31:47.850 [FXGL Background Thread 2 ] INFO  UpdaterService       - Latest stable version: 17.2
23:31:47.863 [JavaFX Application Thread] DEBUG FXGLApplication      - Exiting FXGL
23:31:47.863 [JavaFX Application Thread] DEBUG LoopRunner           - Stopping loop
23:31:47.863 [JavaFX Application Thread] DEBUG SystemBundleService  - Saving FXGL system data
23:31:47.865 [JavaFX Application Thread] DEBUG FileSystemAccess     - Writing to: D:\JavaFlappyBird\system\fxgl.bundle
23:31:47.868 [JavaFX Application Thread] DEBUG Async                - Shutting down background threads
23:31:47.868 [JavaFX Application Thread] DEBUG PrimaryStageWindow   - Closing main window
23:31:47.880 [JavaFX Application Thread] DEBUG Logger               - Closing Logger
