13:44:17.713 [main                     ] DEBUG Logger               - Configured Logger
13:44:17.753 [main                     ] DEBUG GameApplication      - Logging settings
Title: Java Flappy Bird
Version: 1.0
Width: 500
Height: 700
Fullscreen: false
Intro: false
Profiling: false
Single step:false
App Mode: DEVELOPER
Menu Key: ESCAPE
Stage Style: DECORATED
Scene Factory: class com.javaflappybird.App$1

13:44:18.189 [JavaFX Application Thread] DEBUG FXGLApplication      - Initializing FXGL
13:44:18.196 [JavaFX Application Thread] INFO  Engine               - FXGL-17.1 (24.03.2022 17.34) on WINDOWS (J:18.0.2.1 FX:18.0.1)
13:44:18.197 [JavaFX Application Thread] DEBUG Engine               - JRE Vendor Name: Oracle Corporation
13:44:18.198 [JavaFX Application Thread] DEBUG Engine               - Running on OS: Windows 10 version 10.0
13:44:18.198 [JavaFX Application Thread] DEBUG Engine               - Architecture: amd64
13:44:18.198 [JavaFX Application Thread] INFO  Engine               - Source code and latest versions at: https://github.com/AlmasB/FXGL
13:44:18.199 [JavaFX Application Thread] INFO  Engine               -       Ask questions and discuss at: https://github.com/AlmasB/FXGL/discussions
13:44:18.199 [JavaFX Application Thread] INFO  Engine               -              Join the FXGL chat at: https://gitter.im/AlmasB/FXGL
13:44:18.310 [JavaFX Application Thread] DEBUG PrimaryStageWindow   - Creating a JavaFX scene
13:44:18.372 [JavaFX Application Thread] DEBUG PrimaryStageWindow   - Target settings size: 500.0 x 700.0
13:44:18.373 [JavaFX Application Thread] DEBUG PrimaryStageWindow   - Scaled scene size:    500.0 x 700.0
13:44:18.373 [JavaFX Application Thread] DEBUG PrimaryStageWindow   - Scaled ratio: (1.0, 1.0)
13:44:18.375 [JavaFX Application Thread] DEBUG PrimaryStageWindow   - Set initial scene to FXGLStartupScene
13:44:18.384 [JavaFX Application Thread] DEBUG PrimaryStageWindow   - Opening main window
13:44:18.495 [JavaFX Application Thread] DEBUG PrimaryStageWindow   - Window border size: (14.4000244140625, 37.5999755859375)
13:44:18.495 [JavaFX Application Thread] DEBUG PrimaryStageWindow   - Scaled size: 500.0 x 700.0
13:44:18.496 [JavaFX Application Thread] DEBUG PrimaryStageWindow   - Scaled ratio: (1.0, 1.0)
13:44:18.497 [JavaFX Application Thread] DEBUG PrimaryStageWindow   - Scene size: 500.0 x 700.0
13:44:18.497 [JavaFX Application Thread] DEBUG PrimaryStageWindow   - Stage size: 514.4000244140625 x 737.5999755859375
13:44:18.508 [FXGL Background Thread 1 ] DEBUG Engine               - Initializing environment variables
13:44:18.594 [FXGL Background Thread 1 ] DEBUG FXGLAssetLoaderServi - User app class for loading assets: class com.javaflappybird.App
13:44:18.594 [FXGL Background Thread 1 ] DEBUG GameApplicationServi - Applying CSS: fxgl_dark.css
13:44:18.596 [FXGL Background Thread 1 ] DEBUG FXGLAssetLoaderServi - Loading from file system: jar:file:///C:/Users/hdngu/.m2/repository/com/github/almasb/fxgl/17.1/fxgl-17.1.jar!/fxglassets/ui/css/fxgl_dark.css
13:44:18.660 [FXGL Background Thread 1 ] DEBUG GameApplicationServi - Initializing application scenes
13:44:18.724 [FXGL Background Thread 1 ] DEBUG GameWorld            - Game world initialized
13:44:18.798 [FXGL Background Thread 1 ] DEBUG PhysicsWorld         - Physics world initialized: appHeight=700, physics.ppm=50.0
13:44:18.799 [FXGL Background Thread 1 ] DEBUG PhysicsWorld         - Using strategy: BRUTE_FORCE
13:44:18.810 [FXGL Background Thread 1 ] DEBUG GameScene            - Game scene initialized: 500x700
13:44:18.943 [FXGL Background Thread 1 ] DEBUG FXGLAssetLoaderServi - Loading from file system: file:/D:/JavaFlappyBird/target/classes/com/javaflappybird/sound/base.mp3
13:44:19.132 [FXGL Background Thread 1 ] DEBUG AudioPlayer          - Playing music com.almasb.fxgl.audio.Music@7882d1b0
13:44:19.298 [FXGL Background Thread 1 ] DEBUG GameApplicationServi - Application scenes initialized
13:44:19.323 [FXGL Background Thread 1 ] DEBUG SystemBundleService  - Loading FXGL system data
13:44:19.330 [FXGL Background Thread 1 ] DEBUG FileSystemAccess     - Reading from: D:\JavaFlappyBird\system\fxgl.bundle
13:44:19.342 [FXGL Background Thread 1 ] DEBUG SystemBundleService  - Bundle FXGL: {}
13:44:19.342 [FXGL Background Thread 1 ] DEBUG UpdaterService       - Checking for updates
13:44:19.348 [FXGL Background Thread 4 ] DEBUG FXGLApplication      - Loading fonts
13:44:19.349 [FXGL Background Thread 1 ] DEBUG FXGLApplication      - Loading default localization
13:44:19.349 [FXGL Background Thread 4 ] DEBUG FXGLAssetLoaderServi - Loading from file system: jar:file:///C:/Users/hdngu/.m2/repository/com/github/almasb/fxgl/17.1/fxgl-17.1.jar!/fxglassets/ui/fonts/VarelaRound-Regular.ttf
13:44:19.350 [FXGL Background Thread 1 ] DEBUG FXGLAssetLoaderServi - Loading from file system: jar:file:///C:/Users/hdngu/.m2/repository/com/github/almasb/fxgl/17.1/fxgl-17.1.jar!/fxglassets/languages/english.lang
13:44:19.376 [FXGL Background Thread 1 ] INFO  FXGLApplication      - FXGL initialization took: 0.868 sec
13:44:19.390 [JavaFX Application Thread] DEBUG Input                - Registered new binding: action0 - Space
13:44:19.393 [JavaFX Application Thread] DEBUG Input                - Registered new binding: action1 - LMB
13:44:19.394 [JavaFX Application Thread] DEBUG FXGLAssetLoaderServi - Loading from file system: jar:file:///C:/Users/hdngu/.m2/repository/com/github/almasb/fxgl/17.1/fxgl-17.1.jar!/fxglassets/textures/fxgl_icon.png
13:44:19.415 [JavaFX Application Thread] DEBUG FXGLAssetLoaderServi - Loading from file system: jar:file:///C:/Users/hdngu/.m2/repository/com/github/almasb/fxgl/17.1/fxgl-17.1.jar!/fxglassets/textures/fxgl_default_cursor.png
13:44:19.418 [JavaFX Application Thread] DEBUG Input                - Registered new binding: Screenshot - CTRL+8
13:44:19.419 [JavaFX Application Thread] DEBUG Input                - Registered new binding: System info dump - CTRL+9
13:44:19.419 [JavaFX Application Thread] DEBUG Input                - Registered new binding: Restart - CTRL+R
13:44:19.421 [JavaFX Application Thread] DEBUG Input                - Registered new binding: Toggle Debug Camera - CTRL+7
13:44:19.425 [JavaFX Application Thread] DEBUG LoopRunner           - Starting loop
13:44:19.425 [JavaFX Application Thread] DEBUG LoopRunner           - Initializing JavaFX AnimationTimerLoop
13:44:19.426 [FXGL Background Thread 4 ] DEBUG FXGLAssetLoaderServi - Loading from file system: jar:file:///C:/Users/hdngu/.m2/repository/com/github/almasb/fxgl/17.1/fxgl-17.1.jar!/fxglassets/ui/fonts/TerminalLandMono-Regular.otf
13:44:19.429 [JavaFX Application Thread] DEBUG Input                - Clearing active input actions
13:44:19.433 [FXGL Background Thread 4 ] DEBUG FXGLAssetLoaderServi - Loading from file system: jar:file:///C:/Users/hdngu/.m2/repository/com/github/almasb/fxgl/17.1/fxgl-17.1.jar!/fxglassets/ui/fonts/Courier-Prime.ttf
13:44:19.442 [JavaFX Application Thread] DEBUG GameApplicationServi - Removing overlay from FXGLStartupScene and adding to FXGLMainMenuDummyScene
13:44:19.443 [JavaFX Application Thread] DEBUG PrimaryStageWindow   - FXGLStartupScene -> FXGLMainMenuDummyScene
13:44:19.443 [JavaFX Application Thread] DEBUG PrimaryStageWindow   - Push state: MenuGame
13:44:19.445 [JavaFX Application Thread] DEBUG Input                - Clearing active input actions
13:44:19.451 [JavaFX Application Thread] DEBUG GameApplicationServi - Removing overlay from FXGLMainMenuDummyScene and adding to MenuGame
13:44:19.452 [JavaFX Application Thread] DEBUG PrimaryStageWindow   - FXGLMainMenuDummyScene -> MenuGame
13:44:19.471 [JavaFX Application Thread] DEBUG FXGLApplication      - Registering font factories with UI factory
13:44:20.955 [FXGL Background Thread 2 ] INFO  UpdaterService       - Your current version:  17.1
13:44:20.956 [FXGL Background Thread 2 ] INFO  UpdaterService       - Latest stable version: 17.2
13:44:21.119 [JavaFX Application Thread] DEBUG Menu                 - fireNewGame()
13:44:21.120 [JavaFX Application Thread] DEBUG GameApplicationServi - Starting new game
13:44:21.120 [JavaFX Application Thread] DEBUG PrimaryStageWindow   - Pop state: MenuGame
13:44:21.120 [JavaFX Application Thread] DEBUG Input                - Clearing active input actions
13:44:21.121 [JavaFX Application Thread] DEBUG GameApplicationServi - Removing overlay from MenuGame and adding to FXGLMainMenuDummyScene
13:44:21.122 [JavaFX Application Thread] DEBUG PrimaryStageWindow   - FXGLMainMenuDummyScene <- MenuGame
13:44:21.122 [JavaFX Application Thread] DEBUG Input                - Clearing active input actions
13:44:21.133 [JavaFX Application Thread] DEBUG GameApplicationServi - Removing overlay from FXGLMainMenuDummyScene and adding to FXGLLoadingScene
13:44:21.134 [JavaFX Application Thread] DEBUG PrimaryStageWindow   - FXGLMainMenuDummyScene -> FXGLLoadingScene
13:44:21.134 [JavaFX Application Thread] DEBUG GameApplicationServi - Clearing previous game
13:44:21.134 [JavaFX Application Thread] DEBUG GameScene            - Clearing game scene
13:44:21.134 [JavaFX Application Thread] DEBUG GameWorld            - Clearing game world
13:44:21.134 [JavaFX Application Thread] DEBUG PhysicsWorld         - Clearing physics world
13:44:21.137 [FXGL Background Thread 2 ] DEBUG FXGLApplication      - Initializing game
13:44:21.228 [FXGL Background Thread 2 ] DEBUG FXGLAssetLoaderServi - Loading from file system: file:/D:/JavaFlappyBird/target/classes/com/javaflappybird/sound/jump.wav
13:44:21.279 [FXGL Background Thread 2 ] DEBUG FXGLAssetLoaderServi - Loading from file system: file:/D:/JavaFlappyBird/target/classes/com/javaflappybird/sound/congdiem.wav
13:44:21.315 [FXGL Background Thread 2 ] DEBUG FXGLAssetLoaderServi - Loading from file system: file:/D:/JavaFlappyBird/target/classes/com/javaflappybird/sound/die.wav
13:44:21.319 [FXGL Background Thread 2 ] DEBUG FXGLAssetLoaderServi - Loading from file system: file:/D:/JavaFlappyBird/target/classes/com/javaflappybird/sound/collide.wav
13:44:21.328 [FXGL Background Thread 2 ] INFO  FXGLApplication      - Game initialization took: 0.191 sec
13:44:21.330 [JavaFX Application Thread] DEBUG Input                - Clearing active input actions
13:44:21.342 [JavaFX Application Thread] DEBUG GameApplicationServi - Removing overlay from FXGLLoadingScene and adding to GameScene
13:44:21.343 [JavaFX Application Thread] DEBUG PrimaryStageWindow   - FXGLLoadingScene -> GameScene
13:44:22.347 [FXGL Background Thread 3 ] DEBUG Engine               - Logging environment variables
13:44:22.348 [FXGL Background Thread 3 ] DEBUG Engine               - achievements: []
13:44:22.348 [FXGL Background Thread 3 ] DEBUG Engine               - actualHeight: 700.0
13:44:22.348 [FXGL Background Thread 3 ] DEBUG Engine               - actualHeightProperty: ReadOnlyDoubleProperty [value: 700.0]
13:44:22.348 [FXGL Background Thread 3 ] DEBUG Engine               - actualWidth: 500.0
13:44:22.349 [FXGL Background Thread 3 ] DEBUG Engine               - actualWidthProperty: ReadOnlyDoubleProperty [value: 500.0]
13:44:22.349 [FXGL Background Thread 3 ] DEBUG Engine               - appIcon: fxgl_icon.png
13:44:22.349 [FXGL Background Thread 3 ] DEBUG Engine               - applicationMode: DEVELOPER
13:44:22.349 [FXGL Background Thread 3 ] DEBUG Engine               - cSSList: [fxgl_dark.css]
13:44:22.349 [FXGL Background Thread 3 ] DEBUG Engine               - collisionDetectionStrategy: BRUTE_FORCE
13:44:22.349 [FXGL Background Thread 3 ] DEBUG Engine               - configClass: Optional.empty
13:44:22.349 [FXGL Background Thread 3 ] DEBUG Engine               - credits: []
13:44:22.352 [FXGL Background Thread 3 ] DEBUG Engine               - defaultCursor: CursorInfo(imageName=fxgl_default_cursor.png, hotspotX=7.0, hotspotY=6.0)
13:44:22.353 [FXGL Background Thread 3 ] DEBUG Engine               - devBBoxColorProperty: ObjectProperty [value: 0xff0000ff]
13:44:22.353 [FXGL Background Thread 3 ] DEBUG Engine               - devEnableDebugCameraProperty: BooleanProperty [value: false]
13:44:22.353 [FXGL Background Thread 3 ] DEBUG Engine               - devSensorColorProperty: ObjectProperty [value: 0xffff00ff]
13:44:22.354 [FXGL Background Thread 3 ] DEBUG Engine               - devShowBBoxProperty: BooleanProperty [value: false]
13:44:22.354 [FXGL Background Thread 3 ] DEBUG Engine               - devShowPositionProperty: BooleanProperty [value: false]
13:44:22.354 [FXGL Background Thread 3 ] DEBUG Engine               - enabledMenuItems: []
13:44:22.354 [FXGL Background Thread 3 ] DEBUG Engine               - engineServices: [class com.almasb.fxgl.app.services.FXGLAssetLoaderService, class com.almasb.fxgl.app.FXGLApplication$GameApplicationService, class com.almasb.fxgl.app.services.FXGLDialogService, class com.almasb.fxgl.app.services.IOTaskExecutorService, class com.almasb.fxgl.io.FileSystemService, class com.almasb.fxgl.localization.LocalizationService, class com.almasb.fxgl.app.services.SystemBundleService, class com.almasb.fxgl.profile.SaveLoadService, class com.almasb.fxgl.ui.FXGLUIFactoryServiceProvider, class com.almasb.fxgl.ui.FXGLDialogFactoryServiceProvider, class com.almasb.fxgl.audio.AudioPlayer, class com.almasb.fxgl.notification.impl.NotificationServiceProvider, class com.almasb.fxgl.achievement.AchievementService, class com.almasb.fxgl.cutscene.CutsceneService, class com.almasb.fxgl.minigames.MiniGameService, class com.almasb.fxgl.net.NetService, class com.almasb.fxgl.app.services.UpdaterService, class com.almasb.fxgl.dev.DevService]
13:44:22.354 [FXGL Background Thread 3 ] DEBUG Engine               - fontGame: Abel-Regular.ttf
13:44:22.354 [FXGL Background Thread 3 ] DEBUG Engine               - fontMono: TerminalLandMono-Regular.otf
13:44:22.354 [FXGL Background Thread 3 ] DEBUG Engine               - fontText: Courier-Prime.ttf
13:44:22.354 [FXGL Background Thread 3 ] DEBUG Engine               - fontUI: VarelaRound-Regular.ttf
13:44:22.355 [FXGL Background Thread 3 ] DEBUG Engine               - fullScreen: BooleanProperty [value: false]
13:44:22.355 [FXGL Background Thread 3 ] DEBUG Engine               - gameDifficulty: MEDIUM
13:44:22.355 [FXGL Background Thread 3 ] DEBUG Engine               - gameDifficultyProperty: ObjectProperty [value: MEDIUM]
13:44:22.355 [FXGL Background Thread 3 ] DEBUG Engine               - globalMusicVolume: 0.5
13:44:22.355 [FXGL Background Thread 3 ] DEBUG Engine               - globalMusicVolumeProperty: DoubleProperty [value: 0.5]
13:44:22.355 [FXGL Background Thread 3 ] DEBUG Engine               - globalSoundVolume: 0.5
13:44:22.355 [FXGL Background Thread 3 ] DEBUG Engine               - globalSoundVolumeProperty: DoubleProperty [value: 0.5]
13:44:22.356 [FXGL Background Thread 3 ] DEBUG Engine               - height: 700
13:44:22.356 [FXGL Background Thread 3 ] DEBUG Engine               - is3D: false
13:44:22.356 [FXGL Background Thread 3 ] DEBUG Engine               - isAndroid: false
13:44:22.356 [FXGL Background Thread 3 ] DEBUG Engine               - isBrowser: false
13:44:22.356 [FXGL Background Thread 3 ] DEBUG Engine               - isClickFeedbackEnabled: false
13:44:22.356 [FXGL Background Thread 3 ] DEBUG Engine               - isCloseConfirmation: false
13:44:22.356 [FXGL Background Thread 3 ] DEBUG Engine               - isDesktop: true
13:44:22.356 [FXGL Background Thread 3 ] DEBUG Engine               - isDeveloperMenuEnabled: false
13:44:22.356 [FXGL Background Thread 3 ] DEBUG Engine               - isEmbedded: false
13:44:22.356 [FXGL Background Thread 3 ] DEBUG Engine               - isEntityPreloadEnabled: true
13:44:22.357 [FXGL Background Thread 3 ] DEBUG Engine               - isExperimentalTiledLargeMap: false
13:44:22.357 [FXGL Background Thread 3 ] DEBUG Engine               - isFileSystemWriteAllowed: true
13:44:22.357 [FXGL Background Thread 3 ] DEBUG Engine               - isFullScreenAllowed: false
13:44:22.357 [FXGL Background Thread 3 ] DEBUG Engine               - isFullScreenFromStart: false
13:44:22.357 [FXGL Background Thread 3 ] DEBUG Engine               - isGameMenuEnabled: true
13:44:22.357 [FXGL Background Thread 3 ] DEBUG Engine               - isIOS: false
13:44:22.357 [FXGL Background Thread 3 ] DEBUG Engine               - isIntroEnabled: false
13:44:22.357 [FXGL Background Thread 3 ] DEBUG Engine               - isLinux: false
13:44:22.357 [FXGL Background Thread 3 ] DEBUG Engine               - isMac: false
13:44:22.357 [FXGL Background Thread 3 ] DEBUG Engine               - isMainMenuEnabled: true
13:44:22.358 [FXGL Background Thread 3 ] DEBUG Engine               - isManualResizeEnabled: false
13:44:22.358 [FXGL Background Thread 3 ] DEBUG Engine               - isMobile: false
13:44:22.358 [FXGL Background Thread 3 ] DEBUG Engine               - isNative: false
13:44:22.358 [FXGL Background Thread 3 ] DEBUG Engine               - isPauseMusicWhenMinimized: true
13:44:22.358 [FXGL Background Thread 3 ] DEBUG Engine               - isPreserveResizeRatio: false
13:44:22.358 [FXGL Background Thread 3 ] DEBUG Engine               - isProfilingEnabled: false
13:44:22.358 [FXGL Background Thread 3 ] DEBUG Engine               - isScaleAffectedOnResize: true
13:44:22.358 [FXGL Background Thread 3 ] DEBUG Engine               - isSingleStep: false
13:44:22.359 [FXGL Background Thread 3 ] DEBUG Engine               - isUserProfileEnabled: false
13:44:22.359 [FXGL Background Thread 3 ] DEBUG Engine               - isWindows: true
13:44:22.359 [FXGL Background Thread 3 ] DEBUG Engine               - language: ObjectProperty [value: ENGLISH]
13:44:22.359 [FXGL Background Thread 3 ] DEBUG Engine               - menuKey: ESCAPE
13:44:22.359 [FXGL Background Thread 3 ] DEBUG Engine               - mouseSensitivity: 0.2
13:44:22.359 [FXGL Background Thread 3 ] DEBUG Engine               - notificationViewClass: class com.almasb.fxgl.notification.view.XboxNotificationView
13:44:22.359 [FXGL Background Thread 3 ] DEBUG Engine               - pixelsPerMeter: 50.0
13:44:22.360 [FXGL Background Thread 3 ] DEBUG Engine               - platform: WINDOWS
13:44:22.360 [FXGL Background Thread 3 ] DEBUG Engine               - prefHeightProperty: ReadOnlyDoubleProperty [value: 700.0]
13:44:22.360 [FXGL Background Thread 3 ] DEBUG Engine               - prefWidthProperty: ReadOnlyDoubleProperty [value: 500.0]
13:44:22.360 [FXGL Background Thread 3 ] DEBUG Engine               - profileDir: profiles/
13:44:22.360 [FXGL Background Thread 3 ] DEBUG Engine               - profileName: StringProperty [value: DEFAULT]
13:44:22.360 [FXGL Background Thread 3 ] DEBUG Engine               - randomSeed: -1
13:44:22.361 [FXGL Background Thread 3 ] DEBUG Engine               - runtimeInfo: RuntimeInfo(platform=WINDOWS, version=17.1, build=24.03.2022 17.34)
13:44:22.361 [FXGL Background Thread 3 ] DEBUG Engine               - saveFileExt: sav
13:44:22.361 [FXGL Background Thread 3 ] DEBUG Engine               - scaledHeightProp$fxgl: DoubleProperty [bound, value: 700.0]
13:44:22.361 [FXGL Background Thread 3 ] DEBUG Engine               - scaledWidthProp$fxgl: DoubleProperty [bound, value: 500.0]
13:44:22.361 [FXGL Background Thread 3 ] DEBUG Engine               - sceneFactory: com.javaflappybird.App$1@2e4390cd
13:44:22.361 [FXGL Background Thread 3 ] DEBUG Engine               - secondsIn24h: 60
13:44:22.361 [FXGL Background Thread 3 ] DEBUG Engine               - soundMenuBack: menu/back.wav
13:44:22.361 [FXGL Background Thread 3 ] DEBUG Engine               - soundMenuPress: menu/press.wav
13:44:22.361 [FXGL Background Thread 3 ] DEBUG Engine               - soundMenuSelect: menu/select.wav
13:44:22.361 [FXGL Background Thread 3 ] DEBUG Engine               - soundNotification: core/notification.wav
13:44:22.362 [FXGL Background Thread 3 ] DEBUG Engine               - stageStyle: DECORATED
13:44:22.362 [FXGL Background Thread 3 ] DEBUG Engine               - supportedLanguages: [ENGLISH, FRENCH, GERMAN, HUNGARIAN, RUSSIAN]
13:44:22.362 [FXGL Background Thread 3 ] DEBUG Engine               - ticksPerSecond: -1
13:44:22.362 [FXGL Background Thread 3 ] DEBUG Engine               - title: Java Flappy Bird
13:44:22.362 [FXGL Background Thread 3 ] DEBUG Engine               - urlGithub: https://github.com/AlmasB/FXGL
13:44:22.362 [FXGL Background Thread 3 ] DEBUG Engine               - urlLeaderboard: http://fxgl-top.herokuapp.com/
13:44:22.362 [FXGL Background Thread 3 ] DEBUG Engine               - urlPOM: https://raw.githubusercontent.com/AlmasB/FXGL/release/README.md
13:44:22.362 [FXGL Background Thread 3 ] DEBUG Engine               - userAppClass: class com.javaflappybird.App
13:44:22.362 [FXGL Background Thread 3 ] DEBUG Engine               - version: 1.0
13:44:22.362 [FXGL Background Thread 3 ] DEBUG Engine               - versionCheckDays: 7
13:44:22.362 [FXGL Background Thread 3 ] DEBUG Engine               - width: 500
13:44:22.362 [FXGL Background Thread 3 ] DEBUG Engine               - Logging services
13:44:22.362 [FXGL Background Thread 3 ] DEBUG Engine               - class com.almasb.fxgl.app.services.FXGLAssetLoaderService
13:44:22.362 [FXGL Background Thread 3 ] DEBUG Engine               - class com.almasb.fxgl.app.FXGLApplication$GameApplicationService
13:44:22.362 [FXGL Background Thread 3 ] DEBUG Engine               - class com.almasb.fxgl.app.services.FXGLDialogService
13:44:22.363 [FXGL Background Thread 3 ] DEBUG Engine               - class com.almasb.fxgl.app.services.IOTaskExecutorService
13:44:22.363 [FXGL Background Thread 3 ] DEBUG Engine               - class com.almasb.fxgl.io.FileSystemService
13:44:22.363 [FXGL Background Thread 3 ] DEBUG Engine               - class com.almasb.fxgl.localization.LocalizationService
13:44:22.363 [FXGL Background Thread 3 ] DEBUG Engine               - class com.almasb.fxgl.app.services.SystemBundleService
13:44:22.363 [FXGL Background Thread 3 ] DEBUG Engine               - class com.almasb.fxgl.profile.SaveLoadService
13:44:22.363 [FXGL Background Thread 3 ] DEBUG Engine               - class com.almasb.fxgl.ui.FXGLUIFactoryServiceProvider
13:44:22.363 [FXGL Background Thread 3 ] DEBUG Engine               - class com.almasb.fxgl.ui.FXGLDialogFactoryServiceProvider
13:44:22.363 [FXGL Background Thread 3 ] DEBUG Engine               - class com.almasb.fxgl.audio.AudioPlayer
13:44:22.363 [FXGL Background Thread 3 ] DEBUG Engine               - class com.almasb.fxgl.notification.impl.NotificationServiceProvider
13:44:22.363 [FXGL Background Thread 3 ] DEBUG Engine               - class com.almasb.fxgl.achievement.AchievementService
13:44:22.363 [FXGL Background Thread 3 ] DEBUG Engine               - class com.almasb.fxgl.cutscene.CutsceneService
13:44:22.363 [FXGL Background Thread 3 ] DEBUG Engine               - class com.almasb.fxgl.minigames.MiniGameService
13:44:22.363 [FXGL Background Thread 3 ] DEBUG Engine               - class com.almasb.fxgl.net.NetService
13:44:22.363 [FXGL Background Thread 3 ] DEBUG Engine               - class com.almasb.fxgl.app.services.UpdaterService
13:44:22.363 [FXGL Background Thread 3 ] DEBUG Engine               - class com.almasb.fxgl.dev.DevService
13:44:30.957 [JavaFX Application Thread] DEBUG PrimaryStageWindow   - Push state: FinishMenu
13:44:30.959 [JavaFX Application Thread] DEBUG Input                - Clearing active input actions
13:44:30.960 [JavaFX Application Thread] DEBUG GameApplicationServi - Removing overlay from GameScene and adding to FinishMenu
13:44:30.962 [JavaFX Application Thread] DEBUG PrimaryStageWindow   - GameScene -> FinishMenu
13:44:34.454 [JavaFX Application Thread] DEBUG FXGLApplication      - Exiting FXGL
13:44:34.454 [JavaFX Application Thread] DEBUG LoopRunner           - Stopping loop
13:44:34.454 [JavaFX Application Thread] DEBUG SystemBundleService  - Saving FXGL system data
13:44:34.457 [JavaFX Application Thread] DEBUG FileSystemAccess     - Writing to: D:\JavaFlappyBird\system\fxgl.bundle
13:44:34.460 [JavaFX Application Thread] DEBUG Async                - Shutting down background threads
13:44:34.461 [JavaFX Application Thread] DEBUG PrimaryStageWindow   - Closing main window
13:44:34.475 [JavaFX Application Thread] DEBUG Logger               - Closing Logger
