15:36:18.992 [main                     ] DEBUG Logger               - Configured Logger
15:36:19.025 [main                     ] DEBUG GameApplication      - Logging settings
Title: Java Flappy Bird
Version: 1.0
Width: 500
Height: 700
Fullscreen: false
Intro: false
Profiling: false
Single step:false
App Mode: DEVELOPER
Menu Key: ESCAPE
Stage Style: DECORATED
Scene Factory: class com.javaflappybird.App$1

15:36:19.444 [JavaFX Application Thread] DEBUG FXGLApplication      - Initializing FXGL
15:36:19.450 [JavaFX Application Thread] INFO  Engine               - FXGL-17.1 (24.03.2022 17.34) on WINDOWS (J:18.0.2.1 FX:18.0.1)
15:36:19.451 [JavaFX Application Thread] DEBUG Engine               - JRE Vendor Name: Oracle Corporation
15:36:19.451 [JavaFX Application Thread] DEBUG Engine               - Running on OS: Windows 10 version 10.0
15:36:19.451 [JavaFX Application Thread] DEBUG Engine               - Architecture: amd64
15:36:19.451 [JavaFX Application Thread] INFO  Engine               - Source code and latest versions at: https://github.com/AlmasB/FXGL
15:36:19.451 [JavaFX Application Thread] INFO  Engine               -       Ask questions and discuss at: https://github.com/AlmasB/FXGL/discussions
15:36:19.451 [JavaFX Application Thread] INFO  Engine               -              Join the FXGL chat at: https://gitter.im/AlmasB/FXGL
15:36:19.547 [JavaFX Application Thread] DEBUG PrimaryStageWindow   - Creating a JavaFX scene
15:36:19.596 [JavaFX Application Thread] DEBUG PrimaryStageWindow   - Target settings size: 500.0 x 700.0
15:36:19.597 [JavaFX Application Thread] DEBUG PrimaryStageWindow   - Scaled scene size:    500.0 x 700.0
15:36:19.597 [JavaFX Application Thread] DEBUG PrimaryStageWindow   - Scaled ratio: (1.0, 1.0)
15:36:19.598 [JavaFX Application Thread] DEBUG PrimaryStageWindow   - Set initial scene to FXGLStartupScene
15:36:19.606 [JavaFX Application Thread] DEBUG PrimaryStageWindow   - Opening main window
15:36:19.693 [JavaFX Application Thread] DEBUG PrimaryStageWindow   - Window border size: (14.4000244140625, 37.5999755859375)
15:36:19.694 [JavaFX Application Thread] DEBUG PrimaryStageWindow   - Scaled size: 500.0 x 700.0
15:36:19.694 [JavaFX Application Thread] DEBUG PrimaryStageWindow   - Scaled ratio: (1.0, 1.0)
15:36:19.695 [JavaFX Application Thread] DEBUG PrimaryStageWindow   - Scene size: 500.0 x 700.0
15:36:19.695 [JavaFX Application Thread] DEBUG PrimaryStageWindow   - Stage size: 514.4000244140625 x 737.5999755859375
15:36:19.710 [FXGL Background Thread 1 ] DEBUG Engine               - Initializing environment variables
15:36:19.805 [FXGL Background Thread 1 ] DEBUG FXGLAssetLoaderServi - User app class for loading assets: class com.javaflappybird.App
15:36:19.806 [FXGL Background Thread 1 ] DEBUG GameApplicationServi - Applying CSS: fxgl_dark.css
15:36:19.807 [FXGL Background Thread 1 ] DEBUG FXGLAssetLoaderServi - Loading from file system: jar:file:///C:/Users/hdngu/.m2/repository/com/github/almasb/fxgl/17.1/fxgl-17.1.jar!/fxglassets/ui/css/fxgl_dark.css
15:36:19.875 [FXGL Background Thread 1 ] DEBUG GameApplicationServi - Initializing application scenes
15:36:19.945 [FXGL Background Thread 1 ] DEBUG GameWorld            - Game world initialized
15:36:20.004 [FXGL Background Thread 1 ] DEBUG PhysicsWorld         - Physics world initialized: appHeight=700, physics.ppm=50.0
15:36:20.005 [FXGL Background Thread 1 ] DEBUG PhysicsWorld         - Using strategy: BRUTE_FORCE
15:36:20.011 [FXGL Background Thread 1 ] DEBUG GameScene            - Game scene initialized: 500x700
15:36:20.125 [FXGL Background Thread 1 ] DEBUG FXGLAssetLoaderServi - Loading from file system: file:/D:/JavaFlappyBird/target/classes/com/javaflappybird/sound/base.mp3
15:36:20.244 [FXGL Background Thread 1 ] DEBUG AudioPlayer          - Playing music com.almasb.fxgl.audio.Music@57894142
15:36:20.380 [FXGL Background Thread 1 ] DEBUG GameApplicationServi - Application scenes initialized
15:36:20.471 [FXGL Background Thread 1 ] DEBUG SystemBundleService  - Loading FXGL system data
15:36:20.496 [FXGL Background Thread 1 ] DEBUG FileSystemAccess     - Reading from: D:\JavaFlappyBird\system\fxgl.bundle
15:36:20.537 [FXGL Background Thread 1 ] DEBUG SystemBundleService  - Bundle FXGL: {}
15:36:20.537 [FXGL Background Thread 1 ] DEBUG UpdaterService       - Checking for updates
15:36:20.554 [FXGL Background Thread 4 ] DEBUG FXGLApplication      - Loading fonts
15:36:20.555 [FXGL Background Thread 1 ] DEBUG FXGLApplication      - Loading default localization
15:36:20.555 [FXGL Background Thread 4 ] DEBUG FXGLAssetLoaderServi - Loading from file system: jar:file:///C:/Users/hdngu/.m2/repository/com/github/almasb/fxgl/17.1/fxgl-17.1.jar!/fxglassets/ui/fonts/VarelaRound-Regular.ttf
15:36:20.557 [FXGL Background Thread 1 ] DEBUG FXGLAssetLoaderServi - Loading from file system: jar:file:///C:/Users/hdngu/.m2/repository/com/github/almasb/fxgl/17.1/fxgl-17.1.jar!/fxglassets/languages/english.lang
15:36:20.612 [FXGL Background Thread 1 ] INFO  FXGLApplication      - FXGL initialization took: 0.901 sec
15:36:20.642 [JavaFX Application Thread] DEBUG Input                - Registered new binding: action0 - Space
15:36:20.651 [JavaFX Application Thread] DEBUG Input                - Registered new binding: action1 - LMB
15:36:20.654 [JavaFX Application Thread] DEBUG FXGLAssetLoaderServi - Loading from file system: jar:file:///C:/Users/hdngu/.m2/repository/com/github/almasb/fxgl/17.1/fxgl-17.1.jar!/fxglassets/textures/fxgl_icon.png
15:36:20.686 [JavaFX Application Thread] DEBUG FXGLAssetLoaderServi - Loading from file system: jar:file:///C:/Users/hdngu/.m2/repository/com/github/almasb/fxgl/17.1/fxgl-17.1.jar!/fxglassets/textures/fxgl_default_cursor.png
15:36:20.691 [JavaFX Application Thread] DEBUG Input                - Registered new binding: Screenshot - CTRL+8
15:36:20.693 [JavaFX Application Thread] DEBUG Input                - Registered new binding: System info dump - CTRL+9
15:36:20.694 [JavaFX Application Thread] DEBUG Input                - Registered new binding: Restart - CTRL+R
15:36:20.696 [JavaFX Application Thread] DEBUG Input                - Registered new binding: Toggle Debug Camera - CTRL+7
15:36:20.697 [FXGL Background Thread 4 ] DEBUG FXGLAssetLoaderServi - Loading from file system: jar:file:///C:/Users/hdngu/.m2/repository/com/github/almasb/fxgl/17.1/fxgl-17.1.jar!/fxglassets/ui/fonts/Abel-Regular.ttf
15:36:20.703 [JavaFX Application Thread] DEBUG LoopRunner           - Starting loop
15:36:20.704 [JavaFX Application Thread] DEBUG LoopRunner           - Initializing JavaFX AnimationTimerLoop
15:36:20.713 [JavaFX Application Thread] DEBUG Input                - Clearing active input actions
15:36:20.713 [FXGL Background Thread 4 ] DEBUG FXGLAssetLoaderServi - Loading from file system: jar:file:///C:/Users/hdngu/.m2/repository/com/github/almasb/fxgl/17.1/fxgl-17.1.jar!/fxglassets/ui/fonts/TerminalLandMono-Regular.otf
15:36:20.726 [JavaFX Application Thread] DEBUG GameApplicationServi - Removing overlay from FXGLStartupScene and adding to FXGLMainMenuDummyScene
15:36:20.728 [JavaFX Application Thread] DEBUG PrimaryStageWindow   - FXGLStartupScene -> FXGLMainMenuDummyScene
15:36:20.728 [JavaFX Application Thread] DEBUG PrimaryStageWindow   - Push state: MenuGame
15:36:20.728 [FXGL Background Thread 4 ] DEBUG FXGLAssetLoaderServi - Loading from file system: jar:file:///C:/Users/hdngu/.m2/repository/com/github/almasb/fxgl/17.1/fxgl-17.1.jar!/fxglassets/ui/fonts/Courier-Prime.ttf
15:36:20.772 [JavaFX Application Thread] DEBUG Input                - Clearing active input actions
15:36:20.783 [JavaFX Application Thread] DEBUG GameApplicationServi - Removing overlay from FXGLMainMenuDummyScene and adding to MenuGame
15:36:20.785 [JavaFX Application Thread] DEBUG PrimaryStageWindow   - FXGLMainMenuDummyScene -> MenuGame
15:36:20.824 [JavaFX Application Thread] DEBUG FXGLApplication      - Registering font factories with UI factory
15:36:21.394 [FXGL Background Thread 2 ] INFO  UpdaterService       - Your current version:  17.1
15:36:21.394 [FXGL Background Thread 2 ] INFO  UpdaterService       - Latest stable version: 17.2
15:36:21.893 [JavaFX Application Thread] DEBUG Menu                 - fireNewGame()
15:36:21.893 [JavaFX Application Thread] DEBUG GameApplicationServi - Starting new game
15:36:21.894 [JavaFX Application Thread] DEBUG PrimaryStageWindow   - Pop state: MenuGame
15:36:21.894 [JavaFX Application Thread] DEBUG Input                - Clearing active input actions
15:36:21.894 [JavaFX Application Thread] DEBUG GameApplicationServi - Removing overlay from MenuGame and adding to FXGLMainMenuDummyScene
15:36:21.894 [JavaFX Application Thread] DEBUG PrimaryStageWindow   - FXGLMainMenuDummyScene <- MenuGame
15:36:21.895 [JavaFX Application Thread] DEBUG Input                - Clearing active input actions
15:36:21.901 [JavaFX Application Thread] DEBUG GameApplicationServi - Removing overlay from FXGLMainMenuDummyScene and adding to FXGLLoadingScene
15:36:21.901 [JavaFX Application Thread] DEBUG PrimaryStageWindow   - FXGLMainMenuDummyScene -> FXGLLoadingScene
15:36:21.901 [JavaFX Application Thread] DEBUG GameApplicationServi - Clearing previous game
15:36:21.901 [JavaFX Application Thread] DEBUG GameScene            - Clearing game scene
15:36:21.901 [JavaFX Application Thread] DEBUG GameWorld            - Clearing game world
15:36:21.902 [JavaFX Application Thread] DEBUG PhysicsWorld         - Clearing physics world
15:36:21.903 [FXGL Background Thread 2 ] DEBUG FXGLApplication      - Initializing game
15:36:21.951 [FXGL Background Thread 2 ] DEBUG FXGLAssetLoaderServi - Loading from file system: file:/D:/JavaFlappyBird/target/classes/com/javaflappybird/sound/jump.wav
15:36:21.977 [FXGL Background Thread 2 ] DEBUG FXGLAssetLoaderServi - Loading from file system: file:/D:/JavaFlappyBird/target/classes/com/javaflappybird/sound/congdiem.wav
15:36:22.003 [FXGL Background Thread 2 ] DEBUG FXGLAssetLoaderServi - Loading from file system: file:/D:/JavaFlappyBird/target/classes/com/javaflappybird/sound/die.wav
15:36:22.007 [FXGL Background Thread 2 ] DEBUG FXGLAssetLoaderServi - Loading from file system: file:/D:/JavaFlappyBird/target/classes/com/javaflappybird/sound/collide.wav
15:36:22.013 [FXGL Background Thread 2 ] INFO  FXGLApplication      - Game initialization took: 0.109 sec
15:36:22.014 [JavaFX Application Thread] DEBUG Input                - Clearing active input actions
15:36:22.021 [JavaFX Application Thread] DEBUG GameApplicationServi - Removing overlay from FXGLLoadingScene and adding to GameScene
15:36:22.021 [JavaFX Application Thread] DEBUG PrimaryStageWindow   - FXGLLoadingScene -> GameScene
15:36:23.547 [FXGL Background Thread 3 ] DEBUG Engine               - Logging environment variables
15:36:23.548 [FXGL Background Thread 3 ] DEBUG Engine               - achievements: []
15:36:23.548 [FXGL Background Thread 3 ] DEBUG Engine               - actualHeight: 700.0
15:36:23.548 [FXGL Background Thread 3 ] DEBUG Engine               - actualHeightProperty: ReadOnlyDoubleProperty [value: 700.0]
15:36:23.548 [FXGL Background Thread 3 ] DEBUG Engine               - actualWidth: 500.0
15:36:23.548 [FXGL Background Thread 3 ] DEBUG Engine               - actualWidthProperty: ReadOnlyDoubleProperty [value: 500.0]
15:36:23.548 [FXGL Background Thread 3 ] DEBUG Engine               - appIcon: fxgl_icon.png
15:36:23.548 [FXGL Background Thread 3 ] DEBUG Engine               - applicationMode: DEVELOPER
15:36:23.548 [FXGL Background Thread 3 ] DEBUG Engine               - cSSList: [fxgl_dark.css]
15:36:23.548 [FXGL Background Thread 3 ] DEBUG Engine               - collisionDetectionStrategy: BRUTE_FORCE
15:36:23.548 [FXGL Background Thread 3 ] DEBUG Engine               - configClass: Optional.empty
15:36:23.548 [FXGL Background Thread 3 ] DEBUG Engine               - credits: []
15:36:23.549 [FXGL Background Thread 3 ] DEBUG Engine               - defaultCursor: CursorInfo(imageName=fxgl_default_cursor.png, hotspotX=7.0, hotspotY=6.0)
15:36:23.549 [FXGL Background Thread 3 ] DEBUG Engine               - devBBoxColorProperty: ObjectProperty [value: 0xff0000ff]
15:36:23.549 [FXGL Background Thread 3 ] DEBUG Engine               - devEnableDebugCameraProperty: BooleanProperty [value: false]
15:36:23.549 [FXGL Background Thread 3 ] DEBUG Engine               - devSensorColorProperty: ObjectProperty [value: 0xffff00ff]
15:36:23.549 [FXGL Background Thread 3 ] DEBUG Engine               - devShowBBoxProperty: BooleanProperty [value: false]
15:36:23.550 [FXGL Background Thread 3 ] DEBUG Engine               - devShowPositionProperty: BooleanProperty [value: false]
15:36:23.550 [FXGL Background Thread 3 ] DEBUG Engine               - enabledMenuItems: []
15:36:23.550 [FXGL Background Thread 3 ] DEBUG Engine               - engineServices: [class com.almasb.fxgl.app.services.FXGLAssetLoaderService, class com.almasb.fxgl.app.FXGLApplication$GameApplicationService, class com.almasb.fxgl.app.services.FXGLDialogService, class com.almasb.fxgl.app.services.IOTaskExecutorService, class com.almasb.fxgl.io.FileSystemService, class com.almasb.fxgl.localization.LocalizationService, class com.almasb.fxgl.app.services.SystemBundleService, class com.almasb.fxgl.profile.SaveLoadService, class com.almasb.fxgl.ui.FXGLUIFactoryServiceProvider, class com.almasb.fxgl.ui.FXGLDialogFactoryServiceProvider, class com.almasb.fxgl.audio.AudioPlayer, class com.almasb.fxgl.notification.impl.NotificationServiceProvider, class com.almasb.fxgl.achievement.AchievementService, class com.almasb.fxgl.cutscene.CutsceneService, class com.almasb.fxgl.minigames.MiniGameService, class com.almasb.fxgl.net.NetService, class com.almasb.fxgl.app.services.UpdaterService, class com.almasb.fxgl.dev.DevService]
15:36:23.550 [FXGL Background Thread 3 ] DEBUG Engine               - fontGame: Abel-Regular.ttf
15:36:23.550 [FXGL Background Thread 3 ] DEBUG Engine               - fontMono: TerminalLandMono-Regular.otf
15:36:23.550 [FXGL Background Thread 3 ] DEBUG Engine               - fontText: Courier-Prime.ttf
15:36:23.550 [FXGL Background Thread 3 ] DEBUG Engine               - fontUI: VarelaRound-Regular.ttf
15:36:23.550 [FXGL Background Thread 3 ] DEBUG Engine               - fullScreen: BooleanProperty [value: false]
15:36:23.550 [FXGL Background Thread 3 ] DEBUG Engine               - gameDifficulty: MEDIUM
15:36:23.550 [FXGL Background Thread 3 ] DEBUG Engine               - gameDifficultyProperty: ObjectProperty [value: MEDIUM]
15:36:23.550 [FXGL Background Thread 3 ] DEBUG Engine               - globalMusicVolume: 0.5
15:36:23.550 [FXGL Background Thread 3 ] DEBUG Engine               - globalMusicVolumeProperty: DoubleProperty [value: 0.5]
15:36:23.550 [FXGL Background Thread 3 ] DEBUG Engine               - globalSoundVolume: 0.5
15:36:23.550 [FXGL Background Thread 3 ] DEBUG Engine               - globalSoundVolumeProperty: DoubleProperty [value: 0.5]
15:36:23.550 [FXGL Background Thread 3 ] DEBUG Engine               - height: 700
15:36:23.550 [FXGL Background Thread 3 ] DEBUG Engine               - is3D: false
15:36:23.550 [FXGL Background Thread 3 ] DEBUG Engine               - isAndroid: false
15:36:23.550 [FXGL Background Thread 3 ] DEBUG Engine               - isBrowser: false
15:36:23.550 [FXGL Background Thread 3 ] DEBUG Engine               - isClickFeedbackEnabled: false
15:36:23.550 [FXGL Background Thread 3 ] DEBUG Engine               - isCloseConfirmation: false
15:36:23.550 [FXGL Background Thread 3 ] DEBUG Engine               - isDesktop: true
15:36:23.550 [FXGL Background Thread 3 ] DEBUG Engine               - isDeveloperMenuEnabled: false
15:36:23.550 [FXGL Background Thread 3 ] DEBUG Engine               - isEmbedded: false
15:36:23.550 [FXGL Background Thread 3 ] DEBUG Engine               - isEntityPreloadEnabled: true
15:36:23.550 [FXGL Background Thread 3 ] DEBUG Engine               - isExperimentalTiledLargeMap: false
15:36:23.550 [FXGL Background Thread 3 ] DEBUG Engine               - isFileSystemWriteAllowed: true
15:36:23.550 [FXGL Background Thread 3 ] DEBUG Engine               - isFullScreenAllowed: false
15:36:23.550 [FXGL Background Thread 3 ] DEBUG Engine               - isFullScreenFromStart: false
15:36:23.550 [FXGL Background Thread 3 ] DEBUG Engine               - isGameMenuEnabled: true
15:36:23.550 [FXGL Background Thread 3 ] DEBUG Engine               - isIOS: false
15:36:23.550 [FXGL Background Thread 3 ] DEBUG Engine               - isIntroEnabled: false
15:36:23.551 [FXGL Background Thread 3 ] DEBUG Engine               - isLinux: false
15:36:23.551 [FXGL Background Thread 3 ] DEBUG Engine               - isMac: false
15:36:23.551 [FXGL Background Thread 3 ] DEBUG Engine               - isMainMenuEnabled: true
15:36:23.551 [FXGL Background Thread 3 ] DEBUG Engine               - isManualResizeEnabled: false
15:36:23.551 [FXGL Background Thread 3 ] DEBUG Engine               - isMobile: false
15:36:23.551 [FXGL Background Thread 3 ] DEBUG Engine               - isNative: false
15:36:23.551 [FXGL Background Thread 3 ] DEBUG Engine               - isPauseMusicWhenMinimized: true
15:36:23.551 [FXGL Background Thread 3 ] DEBUG Engine               - isPreserveResizeRatio: false
15:36:23.551 [FXGL Background Thread 3 ] DEBUG Engine               - isProfilingEnabled: false
15:36:23.551 [FXGL Background Thread 3 ] DEBUG Engine               - isScaleAffectedOnResize: true
15:36:23.551 [FXGL Background Thread 3 ] DEBUG Engine               - isSingleStep: false
15:36:23.551 [FXGL Background Thread 3 ] DEBUG Engine               - isUserProfileEnabled: false
15:36:23.551 [FXGL Background Thread 3 ] DEBUG Engine               - isWindows: true
15:36:23.551 [FXGL Background Thread 3 ] DEBUG Engine               - language: ObjectProperty [value: ENGLISH]
15:36:23.551 [FXGL Background Thread 3 ] DEBUG Engine               - menuKey: ESCAPE
15:36:23.551 [FXGL Background Thread 3 ] DEBUG Engine               - mouseSensitivity: 0.2
15:36:23.551 [FXGL Background Thread 3 ] DEBUG Engine               - notificationViewClass: class com.almasb.fxgl.notification.view.XboxNotificationView
15:36:23.551 [FXGL Background Thread 3 ] DEBUG Engine               - pixelsPerMeter: 50.0
15:36:23.551 [FXGL Background Thread 3 ] DEBUG Engine               - platform: WINDOWS
15:36:23.551 [FXGL Background Thread 3 ] DEBUG Engine               - prefHeightProperty: ReadOnlyDoubleProperty [value: 700.0]
15:36:23.551 [FXGL Background Thread 3 ] DEBUG Engine               - prefWidthProperty: ReadOnlyDoubleProperty [value: 500.0]
15:36:23.551 [FXGL Background Thread 3 ] DEBUG Engine               - profileDir: profiles/
15:36:23.551 [FXGL Background Thread 3 ] DEBUG Engine               - profileName: StringProperty [value: DEFAULT]
15:36:23.551 [FXGL Background Thread 3 ] DEBUG Engine               - randomSeed: -1
15:36:23.551 [FXGL Background Thread 3 ] DEBUG Engine               - runtimeInfo: RuntimeInfo(platform=WINDOWS, version=17.1, build=24.03.2022 17.34)
15:36:23.551 [FXGL Background Thread 3 ] DEBUG Engine               - saveFileExt: sav
15:36:23.552 [FXGL Background Thread 3 ] DEBUG Engine               - scaledHeightProp$fxgl: DoubleProperty [bound, value: 700.0]
15:36:23.552 [FXGL Background Thread 3 ] DEBUG Engine               - scaledWidthProp$fxgl: DoubleProperty [bound, value: 500.0]
15:36:23.552 [FXGL Background Thread 3 ] DEBUG Engine               - sceneFactory: com.javaflappybird.App$1@5344fc95
15:36:23.552 [FXGL Background Thread 3 ] DEBUG Engine               - secondsIn24h: 60
15:36:23.552 [FXGL Background Thread 3 ] DEBUG Engine               - soundMenuBack: menu/back.wav
15:36:23.552 [FXGL Background Thread 3 ] DEBUG Engine               - soundMenuPress: menu/press.wav
15:36:23.552 [FXGL Background Thread 3 ] DEBUG Engine               - soundMenuSelect: menu/select.wav
15:36:23.552 [FXGL Background Thread 3 ] DEBUG Engine               - soundNotification: core/notification.wav
15:36:23.552 [FXGL Background Thread 3 ] DEBUG Engine               - stageStyle: DECORATED
15:36:23.552 [FXGL Background Thread 3 ] DEBUG Engine               - supportedLanguages: [ENGLISH, FRENCH, GERMAN, HUNGARIAN, RUSSIAN]
15:36:23.552 [FXGL Background Thread 3 ] DEBUG Engine               - ticksPerSecond: -1
15:36:23.552 [FXGL Background Thread 3 ] DEBUG Engine               - title: Java Flappy Bird
15:36:23.552 [FXGL Background Thread 3 ] DEBUG Engine               - urlGithub: https://github.com/AlmasB/FXGL
15:36:23.552 [FXGL Background Thread 3 ] DEBUG Engine               - urlLeaderboard: http://fxgl-top.herokuapp.com/
15:36:23.552 [FXGL Background Thread 3 ] DEBUG Engine               - urlPOM: https://raw.githubusercontent.com/AlmasB/FXGL/release/README.md
15:36:23.552 [FXGL Background Thread 3 ] DEBUG Engine               - userAppClass: class com.javaflappybird.App
15:36:23.552 [FXGL Background Thread 3 ] DEBUG Engine               - version: 1.0
15:36:23.552 [FXGL Background Thread 3 ] DEBUG Engine               - versionCheckDays: 7
15:36:23.552 [FXGL Background Thread 3 ] DEBUG Engine               - width: 500
15:36:23.552 [FXGL Background Thread 3 ] DEBUG Engine               - Logging services
15:36:23.552 [FXGL Background Thread 3 ] DEBUG Engine               - class com.almasb.fxgl.app.services.FXGLAssetLoaderService
15:36:23.552 [FXGL Background Thread 3 ] DEBUG Engine               - class com.almasb.fxgl.app.FXGLApplication$GameApplicationService
15:36:23.552 [FXGL Background Thread 3 ] DEBUG Engine               - class com.almasb.fxgl.app.services.FXGLDialogService
15:36:23.552 [FXGL Background Thread 3 ] DEBUG Engine               - class com.almasb.fxgl.app.services.IOTaskExecutorService
15:36:23.552 [FXGL Background Thread 3 ] DEBUG Engine               - class com.almasb.fxgl.io.FileSystemService
15:36:23.552 [FXGL Background Thread 3 ] DEBUG Engine               - class com.almasb.fxgl.localization.LocalizationService
15:36:23.552 [FXGL Background Thread 3 ] DEBUG Engine               - class com.almasb.fxgl.app.services.SystemBundleService
15:36:23.552 [FXGL Background Thread 3 ] DEBUG Engine               - class com.almasb.fxgl.profile.SaveLoadService
15:36:23.552 [FXGL Background Thread 3 ] DEBUG Engine               - class com.almasb.fxgl.ui.FXGLUIFactoryServiceProvider
15:36:23.552 [FXGL Background Thread 3 ] DEBUG Engine               - class com.almasb.fxgl.ui.FXGLDialogFactoryServiceProvider
15:36:23.552 [FXGL Background Thread 3 ] DEBUG Engine               - class com.almasb.fxgl.audio.AudioPlayer
15:36:23.552 [FXGL Background Thread 3 ] DEBUG Engine               - class com.almasb.fxgl.notification.impl.NotificationServiceProvider
15:36:23.552 [FXGL Background Thread 3 ] DEBUG Engine               - class com.almasb.fxgl.achievement.AchievementService
15:36:23.552 [FXGL Background Thread 3 ] DEBUG Engine               - class com.almasb.fxgl.cutscene.CutsceneService
15:36:23.552 [FXGL Background Thread 3 ] DEBUG Engine               - class com.almasb.fxgl.minigames.MiniGameService
15:36:23.552 [FXGL Background Thread 3 ] DEBUG Engine               - class com.almasb.fxgl.net.NetService
15:36:23.552 [FXGL Background Thread 3 ] DEBUG Engine               - class com.almasb.fxgl.app.services.UpdaterService
15:36:23.552 [FXGL Background Thread 3 ] DEBUG Engine               - class com.almasb.fxgl.dev.DevService
15:36:25.528 [JavaFX Application Thread] DEBUG PrimaryStageWindow   - Push state: FinishMenu
15:36:25.529 [JavaFX Application Thread] DEBUG Input                - Clearing active input actions
15:36:25.529 [JavaFX Application Thread] DEBUG GameApplicationServi - Removing overlay from GameScene and adding to FinishMenu
15:36:25.529 [JavaFX Application Thread] DEBUG PrimaryStageWindow   - GameScene -> FinishMenu
15:36:27.157 [JavaFX Application Thread] DEBUG FXGLApplication      - Exiting FXGL
15:36:27.157 [JavaFX Application Thread] DEBUG LoopRunner           - Stopping loop
15:36:27.157 [JavaFX Application Thread] DEBUG SystemBundleService  - Saving FXGL system data
15:36:27.158 [JavaFX Application Thread] DEBUG FileSystemAccess     - Writing to: D:\JavaFlappyBird\system\fxgl.bundle
15:36:27.160 [JavaFX Application Thread] DEBUG Async                - Shutting down background threads
15:36:27.161 [JavaFX Application Thread] DEBUG PrimaryStageWindow   - Closing main window
15:36:27.175 [JavaFX Application Thread] DEBUG Logger               - Closing Logger
