23:28:09.422 [main                     ] DEBUG Logger               - Configured Logger
23:28:09.448 [main                     ] DEBUG GameApplication      - Logging settings
Title: Java Flappy Bird
Version: 1.0
Width: 500
Height: 700
Fullscreen: false
Intro: false
Profiling: false
Single step:false
App Mode: DEVELOPER
Menu Key: ESCAPE
Stage Style: DECORATED
Scene Factory: class com.javaflappybird.App$1

23:28:09.769 [JavaFX Application Thread] DEBUG FXGLApplication      - Initializing FXGL
23:28:09.775 [JavaFX Application Thread] INFO  Engine               - FXGL-17.1 (24.03.2022 17.34) on WINDOWS (J:18.0.2.1 FX:18.0.1)
23:28:09.776 [JavaFX Application Thread] DEBUG Engine               - JRE Vendor Name: Oracle Corporation
23:28:09.776 [JavaFX Application Thread] DEBUG Engine               - Running on OS: Windows 10 version 10.0
23:28:09.776 [JavaFX Application Thread] DEBUG Engine               - Architecture: amd64
23:28:09.776 [JavaFX Application Thread] INFO  Engine               - Source code and latest versions at: https://github.com/AlmasB/FXGL
23:28:09.776 [JavaFX Application Thread] INFO  Engine               -       Ask questions and discuss at: https://github.com/AlmasB/FXGL/discussions
23:28:09.777 [JavaFX Application Thread] INFO  Engine               -              Join the FXGL chat at: https://gitter.im/AlmasB/FXGL
23:28:09.847 [JavaFX Application Thread] DEBUG PrimaryStageWindow   - Creating a JavaFX scene
23:28:09.888 [JavaFX Application Thread] DEBUG PrimaryStageWindow   - Target settings size: 500.0 x 700.0
23:28:09.888 [JavaFX Application Thread] DEBUG PrimaryStageWindow   - Scaled scene size:    500.0 x 700.0
23:28:09.888 [JavaFX Application Thread] DEBUG PrimaryStageWindow   - Scaled ratio: (1.0, 1.0)
23:28:09.889 [JavaFX Application Thread] DEBUG PrimaryStageWindow   - Set initial scene to FXGLStartupScene
23:28:09.896 [JavaFX Application Thread] DEBUG PrimaryStageWindow   - Opening main window
23:28:09.972 [JavaFX Application Thread] DEBUG PrimaryStageWindow   - Window border size: (14.4000244140625, 37.5999755859375)
23:28:09.972 [JavaFX Application Thread] DEBUG PrimaryStageWindow   - Scaled size: 500.0 x 700.0
23:28:09.972 [JavaFX Application Thread] DEBUG PrimaryStageWindow   - Scaled ratio: (1.0, 1.0)
23:28:09.973 [JavaFX Application Thread] DEBUG PrimaryStageWindow   - Scene size: 500.0 x 700.0
23:28:09.973 [JavaFX Application Thread] DEBUG PrimaryStageWindow   - Stage size: 514.4000244140625 x 737.5999755859375
23:28:09.980 [FXGL Background Thread 1 ] DEBUG Engine               - Initializing environment variables
23:28:10.051 [FXGL Background Thread 1 ] DEBUG FXGLAssetLoaderServi - User app class for loading assets: class com.javaflappybird.App
23:28:10.051 [FXGL Background Thread 1 ] DEBUG GameApplicationServi - Applying CSS: fxgl_dark.css
23:28:10.052 [FXGL Background Thread 1 ] DEBUG FXGLAssetLoaderServi - Loading from file system: jar:file:///C:/Users/hdngu/.m2/repository/com/github/almasb/fxgl/17.1/fxgl-17.1.jar!/fxglassets/ui/css/fxgl_dark.css
23:28:10.106 [FXGL Background Thread 1 ] DEBUG GameApplicationServi - Initializing application scenes
23:28:10.162 [FXGL Background Thread 1 ] DEBUG GameWorld            - Game world initialized
23:28:10.214 [FXGL Background Thread 1 ] DEBUG PhysicsWorld         - Physics world initialized: appHeight=700, physics.ppm=50.0
23:28:10.215 [FXGL Background Thread 1 ] DEBUG PhysicsWorld         - Using strategy: BRUTE_FORCE
23:28:10.220 [FXGL Background Thread 1 ] DEBUG GameScene            - Game scene initialized: 500x700
23:28:10.316 [FXGL Background Thread 1 ] DEBUG FXGLAssetLoaderServi - Loading from file system: file:/D:/JavaFlappyBird/target/classes/com/javaflappybird/sound/base.mp3
23:28:10.426 [FXGL Background Thread 1 ] DEBUG AudioPlayer          - Playing music com.almasb.fxgl.audio.Music@5b8e3ea
23:28:10.512 [FXGL Background Thread 1 ] DEBUG GameApplicationServi - Application scenes initialized
23:28:10.527 [FXGL Background Thread 1 ] DEBUG SystemBundleService  - Loading FXGL system data
23:28:10.532 [FXGL Background Thread 1 ] DEBUG FileSystemAccess     - Reading from: D:\JavaFlappyBird\system\fxgl.bundle
23:28:10.540 [FXGL Background Thread 1 ] DEBUG SystemBundleService  - Bundle FXGL: {}
23:28:10.540 [FXGL Background Thread 1 ] DEBUG UpdaterService       - Checking for updates
23:28:10.546 [FXGL Background Thread 4 ] DEBUG FXGLApplication      - Loading fonts
23:28:10.546 [FXGL Background Thread 1 ] DEBUG FXGLApplication      - Loading default localization
23:28:10.546 [FXGL Background Thread 4 ] DEBUG FXGLAssetLoaderServi - Loading from file system: jar:file:///C:/Users/hdngu/.m2/repository/com/github/almasb/fxgl/17.1/fxgl-17.1.jar!/fxglassets/ui/fonts/VarelaRound-Regular.ttf
23:28:10.546 [FXGL Background Thread 1 ] DEBUG FXGLAssetLoaderServi - Loading from file system: jar:file:///C:/Users/hdngu/.m2/repository/com/github/almasb/fxgl/17.1/fxgl-17.1.jar!/fxglassets/languages/english.lang
23:28:10.584 [FXGL Background Thread 1 ] INFO  FXGLApplication      - FXGL initialization took: 0.604 sec
23:28:10.608 [JavaFX Application Thread] DEBUG Input                - Registered new binding: action0 - Space
23:28:10.612 [JavaFX Application Thread] DEBUG Input                - Registered new binding: action1 - LMB
23:28:10.614 [JavaFX Application Thread] DEBUG FXGLAssetLoaderServi - Loading from file system: jar:file:///C:/Users/hdngu/.m2/repository/com/github/almasb/fxgl/17.1/fxgl-17.1.jar!/fxglassets/textures/fxgl_icon.png
23:28:10.642 [JavaFX Application Thread] DEBUG FXGLAssetLoaderServi - Loading from file system: jar:file:///C:/Users/hdngu/.m2/repository/com/github/almasb/fxgl/17.1/fxgl-17.1.jar!/fxglassets/textures/fxgl_default_cursor.png
23:28:10.647 [JavaFX Application Thread] DEBUG Input                - Registered new binding: Screenshot - CTRL+8
23:28:10.649 [JavaFX Application Thread] DEBUG Input                - Registered new binding: System info dump - CTRL+9
23:28:10.651 [JavaFX Application Thread] DEBUG Input                - Registered new binding: Restart - CTRL+R
23:28:10.653 [JavaFX Application Thread] DEBUG Input                - Registered new binding: Toggle Debug Camera - CTRL+7
23:28:10.674 [JavaFX Application Thread] DEBUG LoopRunner           - Starting loop
23:28:10.676 [JavaFX Application Thread] DEBUG LoopRunner           - Initializing JavaFX AnimationTimerLoop
23:28:10.685 [JavaFX Application Thread] DEBUG Input                - Clearing active input actions
23:28:10.701 [JavaFX Application Thread] DEBUG GameApplicationServi - Removing overlay from FXGLStartupScene and adding to FXGLMainMenuDummyScene
23:28:10.703 [JavaFX Application Thread] DEBUG PrimaryStageWindow   - FXGLStartupScene -> FXGLMainMenuDummyScene
23:28:10.703 [FXGL Background Thread 4 ] DEBUG FXGLAssetLoaderServi - Loading from file system: jar:file:///C:/Users/hdngu/.m2/repository/com/github/almasb/fxgl/17.1/fxgl-17.1.jar!/fxglassets/ui/fonts/Abel-Regular.ttf
23:28:10.704 [JavaFX Application Thread] DEBUG PrimaryStageWindow   - Push state: MenuGame
23:28:10.714 [FXGL Background Thread 4 ] DEBUG FXGLAssetLoaderServi - Loading from file system: jar:file:///C:/Users/hdngu/.m2/repository/com/github/almasb/fxgl/17.1/fxgl-17.1.jar!/fxglassets/ui/fonts/TerminalLandMono-Regular.otf
23:28:10.723 [FXGL Background Thread 4 ] DEBUG FXGLAssetLoaderServi - Loading from file system: jar:file:///C:/Users/hdngu/.m2/repository/com/github/almasb/fxgl/17.1/fxgl-17.1.jar!/fxglassets/ui/fonts/Courier-Prime.ttf
23:28:10.725 [JavaFX Application Thread] DEBUG Input                - Clearing active input actions
23:28:10.730 [JavaFX Application Thread] DEBUG GameApplicationServi - Removing overlay from FXGLMainMenuDummyScene and adding to MenuGame
23:28:10.731 [JavaFX Application Thread] DEBUG PrimaryStageWindow   - FXGLMainMenuDummyScene -> MenuGame
23:28:10.759 [JavaFX Application Thread] DEBUG FXGLApplication      - Registering font factories with UI factory
23:28:11.152 [JavaFX Application Thread] DEBUG FXGLApplication      - Exiting FXGL
23:28:11.152 [JavaFX Application Thread] DEBUG LoopRunner           - Stopping loop
23:28:11.152 [JavaFX Application Thread] DEBUG SystemBundleService  - Saving FXGL system data
23:28:11.154 [JavaFX Application Thread] DEBUG FileSystemAccess     - Writing to: D:\JavaFlappyBird\system\fxgl.bundle
23:28:11.157 [JavaFX Application Thread] DEBUG Async                - Shutting down background threads
23:28:11.157 [JavaFX Application Thread] DEBUG PrimaryStageWindow   - Closing main window
23:28:11.171 [JavaFX Application Thread] DEBUG Logger               - Closing Logger
